<?xml version="1.0" encoding="UTF-8"?>
<!-- Generated by org.testng.reporters.JUnitReportReporter -->
<testsuite hostname="DESKTOP-26KO353" failures="0" tests="1" name="com.kwikpass.dailycheck.All_Live_Merchant_Shopify_login_and_session_creation_after_Kwikpass_login_daily_check" time="29.968" errors="0" timestamp="2024-03-22T13:06:01 IST" skipped="0">
  <testcase classname="com.kwikpass.dailycheck.All_Live_Merchant_Shopify_login_and_session_creation_after_Kwikpass_login_daily_check" name="Verify_AdilQadri_Shopify_login_and_session_creation_after_Kwikpass_login" time="29.968"/>
</testsuite> <!-- com.kwikpass.dailycheck.All_Live_Merchant_Shopify_login_and_session_creation_after_Kwikpass_login_daily_check -->
