<?xml version="1.0" encoding="UTF-8"?>
<!-- Generated by org.testng.reporters.JUnitReportReporter -->
<testsuite hostname="DESKTOP-I2540TH" failures="0" tests="13" name="com.kwikpass.automation.scripts.TC_TheLoveCO_Test_Cases" time="271.235" errors="0" timestamp="2024-03-09T09:31:38 IST" skipped="0">
  <testcase classname="com.kwikpass.automation.scripts.TC_TheLoveCO_Test_Cases" name="Verify_TheLoveCO_KwikPass_AP_Visiblity_At_PDP_page" time="17.894"/>
  <testcase classname="com.kwikpass.automation.scripts.TC_TheLoveCO_Test_Cases" name="Verify_TheLoveCO_KwikPass_login_modal_verification_from_accountpage" time="9.039"/>
  <testcase classname="com.kwikpass.automation.scripts.TC_TheLoveCO_Test_Cases" name="Verify_TheLoveCO_KwikPass_AP_Visiblity_At_Home_Page" time="16.464"/>
  <testcase classname="com.kwikpass.automation.scripts.TC_TheLoveCO_Test_Cases" name="Verify_TheLoveCO_KwikPass_AP_Visiblity_At_Collection_page" time="19.660"/>
  <testcase classname="com.kwikpass.automation.scripts.TC_TheLoveCO_Test_Cases" name="Verify_TheLoveCO_KwikPass_AP_modal_Verfication" time="16.650"/>
  <testcase classname="com.kwikpass.automation.scripts.TC_TheLoveCO_Test_Cases" name="Verify_TheLoveCO_Shopify_login_and_session_creation_after_Kwikpass_login_from_AP" time="45.044"/>
  <testcase classname="com.kwikpass.automation.scripts.TC_TheLoveCO_Test_Cases" name="Verify_TheLoveCO_Kwikpass_login_from_AP_using_OTP_Via_SMS" time="26.591"/>
  <testcase classname="com.kwikpass.automation.scripts.TC_TheLoveCO_Test_Cases" name="Verify_TheLoveCO_Kwikpass_login_from_Login_Modal_using_OTP_Via_SMS" time="16.845"/>
  <testcase classname="com.kwikpass.automation.scripts.TC_TheLoveCO_Test_Cases" name="Verify_TheLoveCO_KwikPass_Login_modal_Verfication" time="6.641"/>
  <testcase classname="com.kwikpass.automation.scripts.TC_TheLoveCO_Test_Cases" name="Verify_TheLoveCO_KwikPass_icon_visibility" time="3.525"/>
  <testcase classname="com.kwikpass.automation.scripts.TC_TheLoveCO_Test_Cases" name="Verify_TheLoveCO_Shopify_login_and_session_creation_after_Kwikpass_login_from_Login_Modal" time="35.084"/>
  <testcase classname="com.kwikpass.automation.scripts.TC_TheLoveCO_Test_Cases" name="Verify_TheLoveCO_Kwikpass_login_using_OTP_Via_SMS_from_accountpage" time="20.019"/>
  <testcase classname="com.kwikpass.automation.scripts.TC_TheLoveCO_Test_Cases" name="Verify_TheLoveCO_Kwikpass_login_Done_Redirect_to_accountpage" time="37.779"/>
</testsuite> <!-- com.kwikpass.automation.scripts.TC_TheLoveCO_Test_Cases -->
