<?xml version="1.0" encoding="UTF-8"?>
<!-- Generated by org.testng.reporters.JUnitReportReporter -->
<testsuite hostname="DESKTOP-I2540TH" failures="0" tests="15" name="com.kwikpass.automation.scripts.TC_MiGlow_Test_Cases" time="307.124" errors="0" timestamp="2024-03-09T17:03:37 IST" skipped="0">
  <testcase classname="com.kwikpass.automation.scripts.TC_MiGlow_Test_Cases" name="Verify_MiGlow_Shopify_login_and_session_creation_after_Kwikpass_login_from_AP" time="41.326"/>
  <testcase classname="com.kwikpass.automation.scripts.TC_MiGlow_Test_Cases" name="Verify_MiGlow_Kwikpass_login_Done_Redirect_to_accountpage" time="32.778"/>
  <testcase classname="com.kwikpass.automation.scripts.TC_MiGlow_Test_Cases" name="Verify_MiGlow_Shopify_login_and_session_creation_after_Kwikpass_login_from_Login_Modal" time="27.000"/>
  <testcase classname="com.kwikpass.automation.scripts.TC_MiGlow_Test_Cases" name="Verify_MiGlow_KwikPass_AP_Visiblity_At_PDP_page" time="17.426"/>
  <testcase classname="com.kwikpass.automation.scripts.TC_MiGlow_Test_Cases" name="Verify_MiGlow_KwikPass_Login_at_accountpage" time="16.473"/>
  <testcase classname="com.kwikpass.automation.scripts.TC_MiGlow_Test_Cases" name="Verify_MiGlow_KwikPass_AP_Visiblity_At_Home_page" time="16.318"/>
  <testcase classname="com.kwikpass.automation.scripts.TC_MiGlow_Test_Cases" name="Verify_MiGlow_Kwikpass_login_from_AP_Done_Gokwik_login_should_happen" time="36.713"/>
  <testcase classname="com.kwikpass.automation.scripts.TC_MiGlow_Test_Cases" name="Verify_MiGlow_KwikPass_AP_Visiblity_At_Collection_page" time="17.888"/>
  <testcase classname="com.kwikpass.automation.scripts.TC_MiGlow_Test_Cases" name="Verify_MiGlow_Kwikpass_login_from_Login_Modal_Done_Gokwik_login_should_happen" time="25.751"/>
  <testcase classname="com.kwikpass.automation.scripts.TC_MiGlow_Test_Cases" name="Verify_MiGlow_Kwikpass_login_from_AP_using_OTP_Via_SMS" time="26.487"/>
  <testcase classname="com.kwikpass.automation.scripts.TC_MiGlow_Test_Cases" name="Verify_MiGlow_KwikPass_Login_modal_Verfication_at_accountpage" time="6.410"/>
  <testcase classname="com.kwikpass.automation.scripts.TC_MiGlow_Test_Cases" name="Verify_MiGlow_KwikPass_AP_modal_Verfication" time="16.224"/>
  <testcase classname="com.kwikpass.automation.scripts.TC_MiGlow_Test_Cases" name="Verify_MiGlow_KwikPass_Login_modal_Verfication" time="6.200"/>
  <testcase classname="com.kwikpass.automation.scripts.TC_MiGlow_Test_Cases" name="Verify_MiGlow_Kwikpass_login_from_Login_Modal_using_OTP_Via_SMS" time="16.808"/>
  <testcase classname="com.kwikpass.automation.scripts.TC_MiGlow_Test_Cases" name="Verify_MiGlow_KwikPass_icon_visibility" time="3.322"/>
</testsuite> <!-- com.kwikpass.automation.scripts.TC_MiGlow_Test_Cases -->
