<?xml version="1.0" encoding="UTF-8"?>
<!-- Generated by org.testng.reporters.JUnitReportReporter -->
<testsuite hostname="DESKTOP-I2540TH" failures="0" tests="1" name="com.kwikpass.automation.scripts.TC_GenieBags_Test_Cases" time="20.320" errors="0" timestamp="2024-01-22T18:34:44 IST" skipped="0">
  <testcase classname="com.kwikpass.automation.scripts.TC_GenieBags_Test_Cases" name="Verify_GenieBags_KwikPass_AP_modal_Verfication" time="20.320"/>
</testsuite> <!-- com.kwikpass.automation.scripts.TC_GenieBags_Test_Cases -->
