<?xml version="1.0" encoding="UTF-8"?>
<!-- Generated by org.testng.reporters.JUnitReportReporter -->
<testsuite hostname="DESKTOP-I2540TH" failures="0" tests="8" name="com.kwikpass.automation.scripts.TC_GBT_Test_Cases" time="133.170" errors="0" timestamp="2024-03-09T17:03:37 IST" skipped="0">
  <testcase classname="com.kwikpass.automation.scripts.TC_GBT_Test_Cases" name="Verify_GBT_Kwikpass_login_using_OTP_Via_SMS" time="16.849"/>
  <testcase classname="com.kwikpass.automation.scripts.TC_GBT_Test_Cases" name="Verify_GBT_KwikPass_login_modal_verification" time="6.868"/>
  <testcase classname="com.kwikpass.automation.scripts.TC_GBT_Test_Cases" name="Verify_GBT_KwikPass_Login_at_accountpage" time="17.220"/>
  <testcase classname="com.kwikpass.automation.scripts.TC_GBT_Test_Cases" name="Verify_GBT_Kwikpass_login_from_cart" time="24.933"/>
  <testcase classname="com.kwikpass.automation.scripts.TC_GBT_Test_Cases" name="Verify_GBT_Shopify_login_and_session_creation_after_Kwikpass_login" time="26.498"/>
  <testcase classname="com.kwikpass.automation.scripts.TC_GBT_Test_Cases" name="Verify_GBT_Kwikpass_login_Done_Redirect_to_accountpage" time="29.957"/>
  <testcase classname="com.kwikpass.automation.scripts.TC_GBT_Test_Cases" name="Verify_GBT_KwikPass_login_icon_Visibilty" time="3.468"/>
  <testcase classname="com.kwikpass.automation.scripts.TC_GBT_Test_Cases" name="Verify_GBT_KwikPass_Login_modal_Verfication_at_accountpage" time="7.377"/>
</testsuite> <!-- com.kwikpass.automation.scripts.TC_GBT_Test_Cases -->
