<?xml version="1.0" encoding="UTF-8"?>
<!-- Generated by org.testng.reporters.JUnitReportReporter -->
<testsuite hostname="DESKTOP-I2540TH" failures="0" tests="1" name="com.kwikpass.pageObjects.EmailSender" time="10.627" errors="0" timestamp="2024-03-09T19:03:38 IST" skipped="0">
  <testcase classname="com.kwikpass.pageObjects.EmailSender" name="SendEmail" time="10.627"/>
</testsuite> <!-- com.kwikpass.pageObjects.EmailSender -->
