<?xml version="1.0" encoding="UTF-8"?>
<!-- Generated by org.testng.reporters.JUnitReportReporter -->
<testsuite hostname="DESKTOP-26KO353" failures="0" tests="14" name="com.kwikpass.automation.scripts.TC_NewJaisa_Test_Cases" time="408.026" errors="0" timestamp="2024-04-17T15:39:50 IST" skipped="0">
  <testcase classname="com.kwikpass.automation.scripts.TC_NewJaisa_Test_Cases" name="Verify_NewJaisa_KwikPass_AP_modal_Verfication" time="22.022"/>
  <testcase classname="com.kwikpass.automation.scripts.TC_NewJaisa_Test_Cases" name="Verify_NewJaisa_Shopify_login_and_session_creation_after_Kwikpass_login_from_Login_Modal" time="33.559"/>
  <testcase classname="com.kwikpass.automation.scripts.TC_NewJaisa_Test_Cases" name="Verify_NewJaisa_KwikPass_AP_Visiblity_At_Collection_page" time="26.539"/>
  <testcase classname="com.kwikpass.automation.scripts.TC_NewJaisa_Test_Cases" name="Verify_NewJaisa_Kwikpass_login_from_AP_Done_Gokwik_login_should_happen" time="49.397"/>
  <testcase classname="com.kwikpass.automation.scripts.TC_NewJaisa_Test_Cases" name="Verify_NewJaisa_Kwikpass_login_from_Login_Modal_using_OTP_Via_SMS" time="21.997"/>
  <testcase classname="com.kwikpass.automation.scripts.TC_NewJaisa_Test_Cases" name="Verify_NewJaisa_KwikPass_Login_at_accountpage" time="24.081"/>
  <testcase classname="com.kwikpass.automation.scripts.TC_NewJaisa_Test_Cases" name="Verify_NewJaisa_KwikPass_AP_Visiblity_At_PDP_page" time="25.873"/>
  <testcase classname="com.kwikpass.automation.scripts.TC_NewJaisa_Test_Cases" name="Verify_NewJaisa_Kwikpass_login_from_Login_Modal_Done_Gokwik_login_should_happen" time="42.143"/>
  <testcase classname="com.kwikpass.automation.scripts.TC_NewJaisa_Test_Cases" name="Verify_NewJaisa_Kwikpass_login_from_AP_using_OTP_Via_SMS" time="33.191"/>
  <testcase classname="com.kwikpass.automation.scripts.TC_NewJaisa_Test_Cases" name="Verify_NewJaisa_Shopify_login_and_session_creation_after_Kwikpass_login_from_AP" time="43.647"/>
  <testcase classname="com.kwikpass.automation.scripts.TC_NewJaisa_Test_Cases" name="Verify_NewJaisa_KwikPass_Login_modal_Verfication_at_accountpage" time="12.984"/>
  <testcase classname="com.kwikpass.automation.scripts.TC_NewJaisa_Test_Cases" name="Verify_NewJaisa_Kwikpass_login_Done_Redirect_to_accountpage" time="36.880"/>
  <testcase classname="com.kwikpass.automation.scripts.TC_NewJaisa_Test_Cases" name="Verify_NewJaisa_KwikPass_AP_Visiblity_At_Home_page" time="22.613"/>
  <testcase classname="com.kwikpass.automation.scripts.TC_NewJaisa_Test_Cases" name="Verify_NewJaisa_KwikPass_Login_modal_Verfication" time="13.100"/>
</testsuite> <!-- com.kwikpass.automation.scripts.TC_NewJaisa_Test_Cases -->
