<?xml version="1.0" encoding="UTF-8"?>
<!-- Generated by org.testng.reporters.JUnitReportReporter -->
<testsuite hostname="DESKTOP-I2540TH" failures="0" tests="6" name="com.kwikpass.automation.scripts.TC_Blue_island_Test_Cases" time="161.732" errors="0" timestamp="2024-03-07T16:13:12 IST" skipped="0">
  <testcase classname="com.kwikpass.automation.scripts.TC_Blue_island_Test_Cases" name="Verify_Blue_island_Kwikpass_login_Done_Gokwik_login_should_happen" time="43.722"/>
  <testcase classname="com.kwikpass.automation.scripts.TC_Blue_island_Test_Cases" name="Verify_Blue_island_Shopify_login_and_session_creation_after_Kwikpass_login" time="36.962"/>
  <testcase classname="com.kwikpass.automation.scripts.TC_Blue_island_Test_Cases" name="Verify_Blue_island_KwikPass_Login_modal_Verfication_at_accountpage" time="7.418"/>
  <testcase classname="com.kwikpass.automation.scripts.TC_Blue_island_Test_Cases" name="Verify_Blue_island_Kwikpass_login_Done_Redirect_to_accountpage" time="38.670"/>
  <testcase classname="com.kwikpass.automation.scripts.TC_Blue_island_Test_Cases" name="Verify_Blue_island_KwikPass_Login_at_accountpage" time="27.687"/>
  <testcase classname="com.kwikpass.automation.scripts.TC_Blue_island_Test_Cases" name="Verify_Blue_island_KwikPass_login_modal_verification" time="7.273"/>
</testsuite> <!-- com.kwikpass.automation.scripts.TC_Blue_island_Test_Cases -->
