<?xml version="1.0" encoding="UTF-8"?>
<!-- Generated by org.testng.reporters.JUnitReportReporter -->
<testsuite hostname="DESKTOP-26KO353" failures="0" tests="1" name="com.kwikpass.automation.scripts.TC_Beyours_Test_Cases" time="9.986" errors="0" timestamp="2024-04-16T16:40:08 IST" skipped="0">
  <testcase classname="com.kwikpass.automation.scripts.TC_Beyours_Test_Cases" name="Verify_Beyours_KwikPass_login_modal_verification" time="9.986"/>
</testsuite> <!-- com.kwikpass.automation.scripts.TC_Beyours_Test_Cases -->
