<?xml version="1.0" encoding="UTF-8"?>
<!-- Generated by org.testng.reporters.JUnitReportReporter -->
<testsuite hostname="DESKTOP-26KO353" failures="0" tests="8" name="com.kwikpass.automation.scripts.TC_FireBoltt_Test_Cases" time="258.158" errors="0" timestamp="2024-05-09T10:52:20 IST" skipped="0">
  <testcase classname="com.kwikpass.automation.scripts.TC_FireBoltt_Test_Cases" name="Verify_FireBoltt_KwikPass_login_icon_Visibilty" time="16.272"/>
  <testcase classname="com.kwikpass.automation.scripts.TC_FireBoltt_Test_Cases" name="Verify_FireBoltt_KwikPass_Login_modal_Verfication_at_accountpage" time="17.363"/>
  <testcase classname="com.kwikpass.automation.scripts.TC_FireBoltt_Test_Cases" name="Verify_FireBoltt_Shopify_login_and_session_creation_after_Kwikpass_login" time="38.740"/>
  <testcase classname="com.kwikpass.automation.scripts.TC_FireBoltt_Test_Cases" name="Verify_FireBoltt_Kwikpass_login_Done_Gokwik_login_should_happen" time="53.680"/>
  <testcase classname="com.kwikpass.automation.scripts.TC_FireBoltt_Test_Cases" name="Verify_FireBoltt_KwikPass_Login_at_accountpage" time="30.643"/>
  <testcase classname="com.kwikpass.automation.scripts.TC_FireBoltt_Test_Cases" name="Verify_FireBoltt_Kwikpass_login_Done_Redirect_to_accountpage" time="50.576"/>
  <testcase classname="com.kwikpass.automation.scripts.TC_FireBoltt_Test_Cases" name="Verify_FireBoltt_Kwikpass_login_using_OTP_Via_SMS" time="32.793"/>
  <testcase classname="com.kwikpass.automation.scripts.TC_FireBoltt_Test_Cases" name="Verify_FireBoltt_KwikPass_login_modal_verification" time="18.091"/>
</testsuite> <!-- com.kwikpass.automation.scripts.TC_FireBoltt_Test_Cases -->
