<?xml version="1.0" encoding="UTF-8"?>
<!-- Generated by org.testng.reporters.JUnitReportReporter -->
<testsuite hostname="DESKTOP-I2540TH" failures="0" tests="8" name="com.kwikpass.automation.scripts.TC_Urbangabru_Test_Cases" time="158.866" errors="0" timestamp="2024-03-09T09:44:54 IST" skipped="0">
  <testcase classname="com.kwikpass.automation.scripts.TC_Urbangabru_Test_Cases" name="Verify_Urbangabru_Shopify_login_and_session_creation_after_Kwikpass_login" time="28.175"/>
  <testcase classname="com.kwikpass.automation.scripts.TC_Urbangabru_Test_Cases" name="Verify_Urbangabru_KwikPass_login_modal_verification" time="7.526"/>
  <testcase classname="com.kwikpass.automation.scripts.TC_Urbangabru_Test_Cases" name="Verify_Urbangabru_KwikPass_login_icon_Visibilty" time="4.289"/>
  <testcase classname="com.kwikpass.automation.scripts.TC_Urbangabru_Test_Cases" name="Verify_Urbangabru_KwikPass_Login_modal_Verfication_at_accountpage" time="7.694"/>
  <testcase classname="com.kwikpass.automation.scripts.TC_Urbangabru_Test_Cases" name="Verify_Urbangabru_Kwikpass_login_Done_Redirect_to_accountpage" time="36.375"/>
  <testcase classname="com.kwikpass.automation.scripts.TC_Urbangabru_Test_Cases" name="Verify_Urbangabru_Kwikpass_login_Done_Gokwik_login_should_happen" time="36.290"/>
  <testcase classname="com.kwikpass.automation.scripts.TC_Urbangabru_Test_Cases" name="Verify_Urbangabru_Kwikpass_login_using_OTP_Via_SMS" time="17.715"/>
  <testcase classname="com.kwikpass.automation.scripts.TC_Urbangabru_Test_Cases" name="Verify_Urbangabru_KwikPass_Login_at_accountpage" time="20.802"/>
</testsuite> <!-- com.kwikpass.automation.scripts.TC_Urbangabru_Test_Cases -->
