<?xml version="1.0" encoding="UTF-8"?>
<!-- Generated by org.testng.reporters.JUnitReportReporter -->
<testsuite hostname="DESKTOP-I2540TH" failures="0" tests="8" name="com.kwikpass.automation.scripts.TC_BlueTyga_Test_Cases" time="142.813" errors="0" timestamp="2024-03-07T16:16:22 IST" skipped="0">
  <testcase classname="com.kwikpass.automation.scripts.TC_BlueTyga_Test_Cases" name="Verify_BlueTyga_Kwikpass_login_Done_Redirect_to_accountpage" time="28.895"/>
  <testcase classname="com.kwikpass.automation.scripts.TC_BlueTyga_Test_Cases" name="Verify_BlueTyga_Kwikpass_login_Done_Gokwik_login_should_happen" time="31.366"/>
  <testcase classname="com.kwikpass.automation.scripts.TC_BlueTyga_Test_Cases" name="Verify_BlueTyga_KwikPass_Login_at_accountpage" time="17.696"/>
  <testcase classname="com.kwikpass.automation.scripts.TC_BlueTyga_Test_Cases" name="Verify_BlueTyga_Kwikpass_login_using_OTP_Via_SMS" time="19.473"/>
  <testcase classname="com.kwikpass.automation.scripts.TC_BlueTyga_Test_Cases" name="Verify_BlueTyga_KwikPass_login_modal_verification" time="7.290"/>
  <testcase classname="com.kwikpass.automation.scripts.TC_BlueTyga_Test_Cases" name="Verify_BlueTyga_Shopify_login_and_session_creation_after_Kwikpass_login" time="27.172"/>
  <testcase classname="com.kwikpass.automation.scripts.TC_BlueTyga_Test_Cases" name="Verify_BlueTyga_KwikPass_Login_modal_Verfication_at_accountpage" time="7.298"/>
  <testcase classname="com.kwikpass.automation.scripts.TC_BlueTyga_Test_Cases" name="Verify_BlueTyga_KwikPass_login_icon_Visibilty" time="3.623"/>
</testsuite> <!-- com.kwikpass.automation.scripts.TC_BlueTyga_Test_Cases -->
