<?xml version="1.0" encoding="UTF-8"?>
<!-- Generated by org.testng.reporters.JUnitReportReporter -->
<testsuite hostname="DESKTOP-I2540TH" failures="0" tests="9" name="com.kwikpass.automation.scripts.TC_HOK_Test_Cases" time="290.140" errors="0" timestamp="2024-03-10T11:18:55 IST" skipped="0">
  <testcase classname="com.kwikpass.automation.scripts.TC_HOK_Test_Cases" name="Verify_HOK_Kwikpass_login_Done_Gokwik_login_should_happen" time="41.202"/>
  <testcase classname="com.kwikpass.automation.scripts.TC_HOK_Test_Cases" name="Verify_HOK_KwikPass_login_icon_Visibilty" time="12.552"/>
  <testcase classname="com.kwikpass.automation.scripts.TC_HOK_Test_Cases" name="Verify_HOK_KwikPass_login_modal_verification" time="17.380"/>
  <testcase classname="com.kwikpass.automation.scripts.TC_HOK_Test_Cases" name="Verify_HOK_Kwikpass_login_using_OTP_Via_SMS_from_Rewards" time="40.781"/>
  <testcase classname="com.kwikpass.automation.scripts.TC_HOK_Test_Cases" name="Verify_HOK_Shopify_login_and_session_creation_after_Kwikpass_login" time="38.839"/>
  <testcase classname="com.kwikpass.automation.scripts.TC_HOK_Test_Cases" name="Verify_HOK_Kwikpass_login_Done_Redirect_to_accountpage" time="39.418"/>
  <testcase classname="com.kwikpass.automation.scripts.TC_HOK_Test_Cases" name="Verify_HOK_Kwikpass_login_using_OTP_Via_SMS" time="27.779"/>
  <testcase classname="com.kwikpass.automation.scripts.TC_HOK_Test_Cases" name="Verify_HOK_KwikPass_login_modal_verification_from_accountpage" time="8.776"/>
  <testcase classname="com.kwikpass.automation.scripts.TC_HOK_Test_Cases" name="Verify_HOK_Kwikpass_login_using_OTP_Via_SMS_from_accountpage" time="63.413"/>
</testsuite> <!-- com.kwikpass.automation.scripts.TC_HOK_Test_Cases -->
