<?xml version="1.0" encoding="UTF-8"?>
<!-- Generated by org.testng.reporters.JUnitReportReporter -->
<testsuite hostname="DESKTOP-26KO353" failures="0" tests="8" name="com.kwikpass.automation.scripts.TC_Soul_Theory_Test_Cases" time="148.458" errors="0" timestamp="2024-04-16T13:19:43 IST" skipped="0">
  <testcase classname="com.kwikpass.automation.scripts.TC_Soul_Theory_Test_Cases" name="Verify_Soul_Theory_Kwikpass_login_Done_Gokwik_login_should_happen" time="30.386"/>
  <testcase classname="com.kwikpass.automation.scripts.TC_Soul_Theory_Test_Cases" name="Verify_Soul_Theory_Kwikpass_login_Done_Redirect_to_accountpage" time="30.149"/>
  <testcase classname="com.kwikpass.automation.scripts.TC_Soul_Theory_Test_Cases" name="Verify_Soul_Theory_Kwikpass_login_using_OTP_Via_SMS" time="17.832"/>
  <testcase classname="com.kwikpass.automation.scripts.TC_Soul_Theory_Test_Cases" name="Verify_Soul_Theory_KwikPass_Login_at_accountpage" time="20.019"/>
  <testcase classname="com.kwikpass.automation.scripts.TC_Soul_Theory_Test_Cases" name="Verify_Soul_Theory_KwikPass_Login_modal_Verfication_at_accountpage" time="8.395"/>
  <testcase classname="com.kwikpass.automation.scripts.TC_Soul_Theory_Test_Cases" name="Verify_Soul_Theory_Shopify_login_and_session_creation_after_Kwikpass_login" time="28.357"/>
  <testcase classname="com.kwikpass.automation.scripts.TC_Soul_Theory_Test_Cases" name="Verify_Soul_Theory_KwikPass_login_icon_Visibilty" time="5.631"/>
  <testcase classname="com.kwikpass.automation.scripts.TC_Soul_Theory_Test_Cases" name="Verify_Soul_Theory_KwikPass_login_modal_verification" time="7.689"/>
</testsuite> <!-- com.kwikpass.automation.scripts.TC_Soul_Theory_Test_Cases -->
