<?xml version="1.0" encoding="UTF-8"?>
<!-- Generated by org.testng.reporters.JUnitReportReporter -->
<testsuite hostname="DESKTOP-I2540TH" failures="0" tests="9" name="com.kwikpass.automation.scripts.TC_Krishnaayurved_Test_Cases" time="207.833" errors="0" timestamp="2024-03-09T17:03:37 IST" skipped="0">
  <testcase classname="com.kwikpass.automation.scripts.TC_Krishnaayurved_Test_Cases" name="Verify_Krishnaayurved_Kwikpass_login_using_OTP_Via_SMS_from_Rewards" time="30.169"/>
  <testcase classname="com.kwikpass.automation.scripts.TC_Krishnaayurved_Test_Cases" name="Verify_Krishnaayurved_KwikPass_login_modal_verification_from_accountpage" time="7.508"/>
  <testcase classname="com.kwikpass.automation.scripts.TC_Krishnaayurved_Test_Cases" name="Verify_Krishnaayurved_Kwikpass_login_Done_Gokwik_login_should_happen" time="61.858"/>
  <testcase classname="com.kwikpass.automation.scripts.TC_Krishnaayurved_Test_Cases" name="Verify_Krishnaayurved_Shopify_login_and_session_creation_after_Kwikpass_login" time="27.710"/>
  <testcase classname="com.kwikpass.automation.scripts.TC_Krishnaayurved_Test_Cases" name="Verify_Krishnaayurved_Kwikpass_login_using_OTP_Via_SMS_from_accountpage" time="19.638"/>
  <testcase classname="com.kwikpass.automation.scripts.TC_Krishnaayurved_Test_Cases" name="Verify_Krishnaayurved_Kwikpass_login_Done_Redirect_to_accountpage" time="29.730"/>
  <testcase classname="com.kwikpass.automation.scripts.TC_Krishnaayurved_Test_Cases" name="Verify_Krishnaayurved_KwikPass_login_icon_Visibilty" time="5.287"/>
  <testcase classname="com.kwikpass.automation.scripts.TC_Krishnaayurved_Test_Cases" name="Verify_Krishnaayurved_KwikPass_login_modal_verification" time="6.835"/>
  <testcase classname="com.kwikpass.automation.scripts.TC_Krishnaayurved_Test_Cases" name="Verify_Krishnaayurved_Kwikpass_login_using_OTP_Via_SMS" time="19.098"/>
</testsuite> <!-- com.kwikpass.automation.scripts.TC_Krishnaayurved_Test_Cases -->
