<?xml version="1.0" encoding="UTF-8"?>
<!-- Generated by org.testng.reporters.JUnitReportReporter -->
<testsuite hostname="DESKTOP-26KO353" failures="0" tests="7" name="com.kwikpass.automation.scripts.TC_Unniyarcha_Test_Cases" time="122.943" errors="0" timestamp="2024-04-26T10:43:28 IST" skipped="0">
  <testcase classname="com.kwikpass.automation.scripts.TC_Unniyarcha_Test_Cases" name="Verify_Unniyarcha_KwikPass_login_icon_Visibilty" time="11.420"/>
  <testcase classname="com.kwikpass.automation.scripts.TC_Unniyarcha_Test_Cases" name="Verify_Unniyarcha_KwikPass_Login_modal_Verfication_at_accountpage" time="8.780"/>
  <testcase classname="com.kwikpass.automation.scripts.TC_Unniyarcha_Test_Cases" name="Verify_Unniyarcha_Kwikpass_login_Done_Redirect_to_accountpage" time="29.550"/>
  <testcase classname="com.kwikpass.automation.scripts.TC_Unniyarcha_Test_Cases" name="Verify_Unniyarcha_KwikPass_Login_at_accountpage" time="19.044"/>
  <testcase classname="com.kwikpass.automation.scripts.TC_Unniyarcha_Test_Cases" name="Verify_Unniyarcha_Shopify_login_and_session_creation_after_Kwikpass_login" time="28.132"/>
  <testcase classname="com.kwikpass.automation.scripts.TC_Unniyarcha_Test_Cases" name="Verify_Unniyarcha_KwikPass_login_modal_verification" time="7.615"/>
  <testcase classname="com.kwikpass.automation.scripts.TC_Unniyarcha_Test_Cases" name="Verify_Unniyarcha_Kwikpass_login_using_OTP_Via_SMS" time="18.402"/>
</testsuite> <!-- com.kwikpass.automation.scripts.TC_Unniyarcha_Test_Cases -->
