<?xml version="1.0" encoding="UTF-8"?>
<!-- Generated by org.testng.reporters.JUnitReportReporter -->
<testsuite hostname="DESKTOP-I2540TH" failures="0" tests="8" name="com.kwikpass.automation.scripts.TC_Gritstones_Test_Cases" time="145.718" errors="0" timestamp="2024-03-09T17:03:37 IST" skipped="0">
  <testcase classname="com.kwikpass.automation.scripts.TC_Gritstones_Test_Cases" name="Verify_Gritstones_Kwikpass_login_Done_Gokwik_login_should_happen" time="34.243"/>
  <testcase classname="com.kwikpass.automation.scripts.TC_Gritstones_Test_Cases" name="Verify_Gritstones_KwikPass_login_icon_Visibilty" time="4.071"/>
  <testcase classname="com.kwikpass.automation.scripts.TC_Gritstones_Test_Cases" name="Verify_Gritstones_KwikPass_login_modal_verification" time="7.102"/>
  <testcase classname="com.kwikpass.automation.scripts.TC_Gritstones_Test_Cases" name="Verify_Gritstones_Kwikpass_login_using_OTP_Via_SMS" time="17.207"/>
  <testcase classname="com.kwikpass.automation.scripts.TC_Gritstones_Test_Cases" name="Verify_Gritstones_Shopify_login_and_session_creation_after_Kwikpass_login" time="27.661"/>
  <testcase classname="com.kwikpass.automation.scripts.TC_Gritstones_Test_Cases" name="Verify_Gritstones_KwikPass_Login_modal_Verfication_at_accountpage" time="7.403"/>
  <testcase classname="com.kwikpass.automation.scripts.TC_Gritstones_Test_Cases" name="Verify_Gritstones_KwikPass_Login_at_accountpage" time="18.082"/>
  <testcase classname="com.kwikpass.automation.scripts.TC_Gritstones_Test_Cases" name="Verify_Gritstones_Kwikpass_login_Done_Redirect_to_accountpage" time="29.949"/>
</testsuite> <!-- com.kwikpass.automation.scripts.TC_Gritstones_Test_Cases -->
