<?xml version="1.0" encoding="UTF-8"?>
<!-- Generated by org.testng.reporters.JUnitReportReporter -->
<testsuite hostname="DESKTOP-I2540TH" failures="0" tests="1" name="com.kwikpass.automation.scripts.TC_BSC_Test_Cases" time="29.841" errors="0" timestamp="2024-03-07T18:31:05 IST" skipped="0">
  <testcase classname="com.kwikpass.automation.scripts.TC_BSC_Test_Cases" name="Verify_BSC_Kwikpass_login_using_OTP_Via_SMS_from_Rewards" time="29.841"/>
</testsuite> <!-- com.kwikpass.automation.scripts.TC_BSC_Test_Cases -->
