<?xml version="1.0" encoding="UTF-8"?>
<!-- Generated by org.testng.reporters.JUnitReportReporter -->
<testsuite hostname="DESKTOP-H9LKQ9C" failures="0" tests="1" name="com.kwikpass.dailycheck.All_Live_Merchant_Shopify_login_and_session_creation_after_Kwikpass_login_daily_check" time="35.620" errors="0" timestamp="2024-03-20T12:09:28 IST" skipped="0">
  <testcase classname="com.kwikpass.dailycheck.All_Live_Merchant_Shopify_login_and_session_creation_after_Kwikpass_login_daily_check" name="Verify_Chemistry_India_Shopify_login_and_session_creation_after_Kwikpass_login" time="35.620"/>
</testsuite> <!-- com.kwikpass.dailycheck.All_Live_Merchant_Shopify_login_and_session_creation_after_Kwikpass_login_daily_check -->
