<?xml version="1.0" encoding="UTF-8"?>
<!-- Generated by org.testng.reporters.JUnitReportReporter -->
<testsuite hostname="DESKTOP-I2540TH" failures="0" tests="8" name="com.kwikpass.automation.scripts.TC_Yoho_LifeStyle_Test_Cases" time="145.173" errors="0" timestamp="2024-03-09T10:29:08 IST" skipped="0">
  <testcase classname="com.kwikpass.automation.scripts.TC_Yoho_LifeStyle_Test_Cases" name="Verify_Yoho_LifeStyle_KwikPass_Login_modal_Verfication_at_accountpage" time="9.054"/>
  <testcase classname="com.kwikpass.automation.scripts.TC_Yoho_LifeStyle_Test_Cases" name="Verify_Yoho_LifeStyle_Kwikpass_login_Done_Redirect_to_accountpage" time="29.052"/>
  <testcase classname="com.kwikpass.automation.scripts.TC_Yoho_LifeStyle_Test_Cases" name="Verify_Yoho_LifeStyle_KwikPass_login_icon_Visibilty" time="3.885"/>
  <testcase classname="com.kwikpass.automation.scripts.TC_Yoho_LifeStyle_Test_Cases" name="Verify_Yoho_LifeStyle_Kwikpass_login_using_OTP_Via_SMS" time="16.691"/>
  <testcase classname="com.kwikpass.automation.scripts.TC_Yoho_LifeStyle_Test_Cases" name="Verify_Yoho_LifeStyle_KwikPass_login_modal_verification" time="8.055"/>
  <testcase classname="com.kwikpass.automation.scripts.TC_Yoho_LifeStyle_Test_Cases" name="Verify_Yoho_LifeStyle_Kwikpass_login_Done_Gokwik_login_should_happen" time="32.447"/>
  <testcase classname="com.kwikpass.automation.scripts.TC_Yoho_LifeStyle_Test_Cases" name="Verify_Yoho_LifeStyle_Shopify_login_and_session_creation_after_Kwikpass_login" time="26.845"/>
  <testcase classname="com.kwikpass.automation.scripts.TC_Yoho_LifeStyle_Test_Cases" name="Verify_Yoho_LifeStyle_KwikPass_Login_at_accountpage" time="19.144"/>
</testsuite> <!-- com.kwikpass.automation.scripts.TC_Yoho_LifeStyle_Test_Cases -->
