<?xml version="1.0" encoding="UTF-8"?>
<!-- Generated by org.testng.reporters.JUnitReportReporter -->
<testsuite hostname="DESKTOP-I2540TH" failures="0" tests="8" name="com.kwikpass.automation.scripts.TC_Foxtale_Test_Cases" time="160.114" errors="0" timestamp="2024-03-09T17:03:37 IST" skipped="0">
  <testcase classname="com.kwikpass.automation.scripts.TC_Foxtale_Test_Cases" name="Verify_Foxtale_KwikPass_Login_at_accountpage" time="18.671"/>
  <testcase classname="com.kwikpass.automation.scripts.TC_Foxtale_Test_Cases" name="Verify_Foxtale_KwikPass_login_modal_verification" time="10.771"/>
  <testcase classname="com.kwikpass.automation.scripts.TC_Foxtale_Test_Cases" name="Verify_Foxtale_KwikPass_login_icon_Visibilty" time="5.236"/>
  <testcase classname="com.kwikpass.automation.scripts.TC_Foxtale_Test_Cases" name="Verify_Foxtale_KwikPass_Login_modal_Verfication_at_accountpage" time="7.565"/>
  <testcase classname="com.kwikpass.automation.scripts.TC_Foxtale_Test_Cases" name="Verify_Foxtale_Kwikpass_login_Done_Gokwik_login_should_happen" time="34.642"/>
  <testcase classname="com.kwikpass.automation.scripts.TC_Foxtale_Test_Cases" name="Verify_Foxtale_Kwikpass_login_using_OTP_Via_SMS" time="19.781"/>
  <testcase classname="com.kwikpass.automation.scripts.TC_Foxtale_Test_Cases" name="Verify_Foxtale_Kwikpass_login_Done_Redirect_to_accountpage" time="33.841"/>
  <testcase classname="com.kwikpass.automation.scripts.TC_Foxtale_Test_Cases" name="Verify_Foxtale_Shopify_login_and_session_creation_after_Kwikpass_login" time="29.607"/>
</testsuite> <!-- com.kwikpass.automation.scripts.TC_Foxtale_Test_Cases -->
