<?xml version="1.0" encoding="UTF-8"?>
<!-- Generated by org.testng.reporters.JUnitReportReporter -->
<testsuite hostname="DESKTOP-26KO353" failures="0" tests="9" name="com.kwikpass.automation.scripts.TC_TheBearHouse_Test_Cases" time="276.345" errors="0" timestamp="2024-05-09T10:52:20 IST" skipped="0">
  <testcase classname="com.kwikpass.automation.scripts.TC_TheBearHouse_Test_Cases" name="Verify_TheBearHouse_Kwikpass_login_Done_Redirect_to_accountpage" time="42.764"/>
  <testcase classname="com.kwikpass.automation.scripts.TC_TheBearHouse_Test_Cases" name="Verify_TheBearHouse_KwikPass_login_modal_verification" time="15.792"/>
  <testcase classname="com.kwikpass.automation.scripts.TC_TheBearHouse_Test_Cases" name="Verify_TheBearHouse_Kwikpass_login_using_OTP_Via_SMS" time="27.307"/>
  <testcase classname="com.kwikpass.automation.scripts.TC_TheBearHouse_Test_Cases" name="Verify_TheBearHouse_Shopify_login_and_session_creation_after_Kwikpass_login" time="36.120"/>
  <testcase classname="com.kwikpass.automation.scripts.TC_TheBearHouse_Test_Cases" name="Verify_TheBearHouse_KwikPass_Login_at_accountpage" time="29.772"/>
  <testcase classname="com.kwikpass.automation.scripts.TC_TheBearHouse_Test_Cases" name="Verify_TheBearHouse_Kwikpass_login_Done_Gokwik_login_should_happen" time="52.667"/>
  <testcase classname="com.kwikpass.automation.scripts.TC_TheBearHouse_Test_Cases" name="Verify_TheBearHouse_KwikPass_Login_modal_Verfication_at_accountpage" time="16.666"/>
  <testcase classname="com.kwikpass.automation.scripts.TC_TheBearHouse_Test_Cases" name="Verify_TheBearHouse_KwikPass_login_icon_Visibilty" time="11.627"/>
  <testcase classname="com.kwikpass.automation.scripts.TC_TheBearHouse_Test_Cases" name="Verify_TheBearHouse_Kwikpass_login_using_OTP_Via_SMS_from_Rewards" time="43.630"/>
</testsuite> <!-- com.kwikpass.automation.scripts.TC_TheBearHouse_Test_Cases -->
