<?xml version="1.0" encoding="UTF-8"?>
<!-- Generated by org.testng.reporters.JUnitReportReporter -->
<testsuite hostname="DESKTOP-I2540TH" failures="0" tests="17" name="com.kwikpass.automation.scripts.TC_Plum_Goodness_Test_Cases" time="478.592" errors="0" timestamp="2024-03-09T17:03:37 IST" skipped="0">
  <testcase classname="com.kwikpass.automation.scripts.TC_Plum_Goodness_Test_Cases" name="Verify_Plum_Goodness_KwikPass_AP_Visiblity_At_Collection_page" time="22.751"/>
  <testcase classname="com.kwikpass.automation.scripts.TC_Plum_Goodness_Test_Cases" name="Verify_Plum_Goodness_KwikPass_AP_Visiblity_At_Home_page" time="19.697"/>
  <testcase classname="com.kwikpass.automation.scripts.TC_Plum_Goodness_Test_Cases" name="Verify_Plum_Goodness_KwikPass_AP_modal_Verfication" time="17.740"/>
  <testcase classname="com.kwikpass.automation.scripts.TC_Plum_Goodness_Test_Cases" name="Verify_Plum_Goodness_KwikPass_icon_visibility" time="4.787"/>
  <testcase classname="com.kwikpass.automation.scripts.TC_Plum_Goodness_Test_Cases" name="Verify_Plum_Goodness_Kwikpass_login_from_Login_Modal_Done_Gokwik_login_should_happen" time="45.291"/>
  <testcase classname="com.kwikpass.automation.scripts.TC_Plum_Goodness_Test_Cases" name="Verify_Plum_Goodness_Kwikpass_login_Done_Redirect_to_accountpage" time="41.432"/>
  <testcase classname="com.kwikpass.automation.scripts.TC_Plum_Goodness_Test_Cases" name="Verify_Plum_Goodness_KwikPass_Login_from_Rewards" time="37.278"/>
  <testcase classname="com.kwikpass.automation.scripts.TC_Plum_Goodness_Test_Cases" name="Verify_Plum_Goodness_Kwikpass_login_from_Login_Modal_and_Rewards_login_should_happen" time="40.023"/>
  <testcase classname="com.kwikpass.automation.scripts.TC_Plum_Goodness_Test_Cases" name="Verify_Plum_Goodness_Kwikpass_login_from_Login_Modal_using_OTP_Via_SMS" time="17.958"/>
  <testcase classname="com.kwikpass.automation.scripts.TC_Plum_Goodness_Test_Cases" name="Verify_Plum_Goodness_Shopify_login_and_session_creation_after_Kwikpass_login_from_Login_Modal" time="38.379"/>
  <testcase classname="com.kwikpass.automation.scripts.TC_Plum_Goodness_Test_Cases" name="Verify_Plum_Goodness_KwikPass_AP_Visiblity_At_PDP_page" time="22.076"/>
  <testcase classname="com.kwikpass.automation.scripts.TC_Plum_Goodness_Test_Cases" name="Verify_Plum_Goodness_Kwikpass_login_from_AP_using_OTP_Via_SMS" time="29.180"/>
  <testcase classname="com.kwikpass.automation.scripts.TC_Plum_Goodness_Test_Cases" name="Verify_Plum_Goodness_Kwikpass_login_from_AP_Done_Gokwik_login_should_happen" time="55.481"/>
  <testcase classname="com.kwikpass.automation.scripts.TC_Plum_Goodness_Test_Cases" name="Verify_Plum_Goodness_KwikPass_Login_modal_Verfication_at_accountpage" time="10.113"/>
  <testcase classname="com.kwikpass.automation.scripts.TC_Plum_Goodness_Test_Cases" name="Verify_Plum_Goodness_KwikPass_Login_modal_Verfication" time="8.281"/>
  <testcase classname="com.kwikpass.automation.scripts.TC_Plum_Goodness_Test_Cases" name="Verify_Plum_Goodness_Shopify_login_and_session_creation_after_Kwikpass_login_from_AP" time="47.940"/>
  <testcase classname="com.kwikpass.automation.scripts.TC_Plum_Goodness_Test_Cases" name="Verify_Plum_Goodness_KwikPass_Login_at_accountpage" time="20.185"/>
</testsuite> <!-- com.kwikpass.automation.scripts.TC_Plum_Goodness_Test_Cases -->
