<?xml version="1.0" encoding="UTF-8"?>
<!-- Generated by org.testng.reporters.JUnitReportReporter -->
<testsuite hostname="DESKTOP-I2540TH" failures="0" tests="2" name="com.kwikpass.automation.scripts.TC_Xctasy_Test_Cases" time="25.233" errors="0" timestamp="2024-03-09T17:03:37 IST" skipped="0">
  <testcase classname="com.kwikpass.automation.scripts.TC_Xctasy_Test_Cases" name="Verify_Xctasy_KwikPass_Login_modal_Verfication_at_accountpage" time="7.330"/>
  <testcase classname="com.kwikpass.automation.scripts.TC_Xctasy_Test_Cases" name="Verify_Xctasy_KwikPass_Login_at_accountpage" time="17.903"/>
</testsuite> <!-- com.kwikpass.automation.scripts.TC_Xctasy_Test_Cases -->
