<?xml version="1.0" encoding="UTF-8"?>
<!-- Generated by org.testng.reporters.JUnitReportReporter -->
<testsuite hostname="DESKTOP-I2540TH" failures="0" tests="8" name="com.kwikpass.automation.scripts.TC_GenieBags_Test_Cases" time="157.568" errors="0" timestamp="2024-03-07T19:53:11 IST" skipped="0">
  <testcase classname="com.kwikpass.automation.scripts.TC_GenieBags_Test_Cases" name="Verify_GenieBags_KwikPass_login_modal_verification_from_accountpage" time="7.872"/>
  <testcase classname="com.kwikpass.automation.scripts.TC_GenieBags_Test_Cases" name="Verify_GenieBags_Kwikpass_login_using_OTP_Via_SMS_from_Rewards" time="31.659"/>
  <testcase classname="com.kwikpass.automation.scripts.TC_GenieBags_Test_Cases" name="Verify_GenieBags_KwikPass_icon_visibility" time="6.016"/>
  <testcase classname="com.kwikpass.automation.scripts.TC_GenieBags_Test_Cases" name="Verify_GenieBags_KwikPass_Login_modal_Verfication" time="9.596"/>
  <testcase classname="com.kwikpass.automation.scripts.TC_GenieBags_Test_Cases" name="Verify_GenieBags_Kwikpass_login_from_Login_Modal_using_OTP_Via_SMS" time="20.585"/>
  <testcase classname="com.kwikpass.automation.scripts.TC_GenieBags_Test_Cases" name="Verify_GenieBags_Kwikpass_login_Done_Redirect_to_accountpage" time="32.013"/>
  <testcase classname="com.kwikpass.automation.scripts.TC_GenieBags_Test_Cases" name="Verify_GenieBags_Kwikpass_login_using_OTP_Via_SMS_from_accountpage" time="18.146"/>
  <testcase classname="com.kwikpass.automation.scripts.TC_GenieBags_Test_Cases" name="Verify_GenieBags_Shopify_login_and_session_creation_after_Kwikpass_login_from_Login_Modal" time="31.681"/>
</testsuite> <!-- com.kwikpass.automation.scripts.TC_GenieBags_Test_Cases -->
