<?xml version="1.0" encoding="UTF-8"?>
<!-- Generated by org.testng.reporters.JUnitReportReporter -->
<testsuite hostname="DESKTOP-I2540TH" failures="0" tests="8" name="com.kwikpass.automation.scripts.TC_Nurserylive_Pune_Test_Cases" time="153.659" errors="0" timestamp="2024-03-08T17:37:46 IST" skipped="0">
  <testcase classname="com.kwikpass.automation.scripts.TC_Nurserylive_Pune_Test_Cases" name="Verify_Nurserylive_Pune_KwikPass_login_icon_Visibilty" time="4.964"/>
  <testcase classname="com.kwikpass.automation.scripts.TC_Nurserylive_Pune_Test_Cases" name="Verify_Nurserylive_Pune_Shopify_login_and_session_creation_after_Kwikpass_login" time="28.435"/>
  <testcase classname="com.kwikpass.automation.scripts.TC_Nurserylive_Pune_Test_Cases" name="Verify_Nurserylive_Pune_KwikPass_login_modal_verification" time="7.028"/>
  <testcase classname="com.kwikpass.automation.scripts.TC_Nurserylive_Pune_Test_Cases" name="Verify_Nurserylive_Pune_KwikPass_login_modal_verification_from_accountpage" time="9.407"/>
  <testcase classname="com.kwikpass.automation.scripts.TC_Nurserylive_Pune_Test_Cases" name="Verify_Nurserylive_Pune_Kwikpass_login_Done_Redirect_to_accountpage" time="31.868"/>
  <testcase classname="com.kwikpass.automation.scripts.TC_Nurserylive_Pune_Test_Cases" name="Verify_Nurserylive_Pune_Kwikpass_login_using_OTP_Via_SMS_from_Rewards" time="32.880"/>
  <testcase classname="com.kwikpass.automation.scripts.TC_Nurserylive_Pune_Test_Cases" name="Verify_Nurserylive_Pune_Kwikpass_login_using_OTP_Via_SMS" time="18.361"/>
  <testcase classname="com.kwikpass.automation.scripts.TC_Nurserylive_Pune_Test_Cases" name="Verify_Nurserylive_Pune_Kwikpass_login_using_OTP_Via_SMS_from_accountpage" time="20.716"/>
</testsuite> <!-- com.kwikpass.automation.scripts.TC_Nurserylive_Pune_Test_Cases -->
