<?xml version="1.0" encoding="UTF-8"?>
<!-- Generated by org.testng.reporters.JUnitReportReporter -->
<testsuite hostname="DESKTOP-26KO353" failures="0" tests="8" name="com.kwikpass.automation.scripts.TC_Zingavita_Test_Cases" time="163.715" errors="0" timestamp="2024-04-22T12:13:29 IST" skipped="0">
  <testcase classname="com.kwikpass.automation.scripts.TC_Zingavita_Test_Cases" name="Verify_Zingavita_KwikPass_login_modal_verification" time="9.397"/>
  <testcase classname="com.kwikpass.automation.scripts.TC_Zingavita_Test_Cases" name="Verify_Zingavita_KwikPass_Login_modal_Verfication_at_accountpage" time="9.930"/>
  <testcase classname="com.kwikpass.automation.scripts.TC_Zingavita_Test_Cases" name="Verify_Zingavita_KwikPass_login_icon_Visibilty" time="6.516"/>
  <testcase classname="com.kwikpass.automation.scripts.TC_Zingavita_Test_Cases" name="Verify_Zingavita_KwikPass_Login_at_accountpage" time="19.558"/>
  <testcase classname="com.kwikpass.automation.scripts.TC_Zingavita_Test_Cases" name="Verify_Zingavita_Kwikpass_login_Done_Gokwik_login_should_happen" time="32.633"/>
  <testcase classname="com.kwikpass.automation.scripts.TC_Zingavita_Test_Cases" name="Verify_Zingavita_Kwikpass_login_using_OTP_Via_SMS" time="20.900"/>
  <testcase classname="com.kwikpass.automation.scripts.TC_Zingavita_Test_Cases" name="Verify_Zingavita_Shopify_login_and_session_creation_after_Kwikpass_login" time="29.514"/>
  <testcase classname="com.kwikpass.automation.scripts.TC_Zingavita_Test_Cases" name="Verify_Zingavita_Kwikpass_login_Done_Redirect_to_accountpage" time="35.267"/>
</testsuite> <!-- com.kwikpass.automation.scripts.TC_Zingavita_Test_Cases -->
