<?xml version="1.0" encoding="UTF-8"?>
<!-- Generated by org.testng.reporters.JUnitReportReporter -->
<testsuite hostname="DESKTOP-I2540TH" failures="0" tests="1" name="com.kwikpass.automation.scripts.TC_SafariBags_Test_Cases" time="18.036" errors="0" timestamp="2024-01-22T12:44:08 IST" skipped="0">
  <testcase classname="com.kwikpass.automation.scripts.TC_SafariBags_Test_Cases" name="Verify_SafariBags_KwikPass_login_modal_verification" time="18.036"/>
</testsuite> <!-- com.kwikpass.automation.scripts.TC_SafariBags_Test_Cases -->
