<?xml version="1.0" encoding="UTF-8"?>
<!-- Generated by org.testng.reporters.JUnitReportReporter -->
<testsuite hostname="DESKTOP-I2540TH" failures="0" tests="7" name="com.kwikpass.automation.scripts.TC_MyFitness_Test_Cases" time="107.652" errors="0" timestamp="2024-03-09T17:03:37 IST" skipped="0">
  <testcase classname="com.kwikpass.automation.scripts.TC_MyFitness_Test_Cases" name="Verify_MyFitness_Kwikpass_login_using_OTP_Via_SMS" time="16.728"/>
  <testcase classname="com.kwikpass.automation.scripts.TC_MyFitness_Test_Cases" name="Verify_MyFitness_KwikPass_login_modal_verification" time="6.117"/>
  <testcase classname="com.kwikpass.automation.scripts.TC_MyFitness_Test_Cases" name="Verify_MyFitness_KwikPass_login_icon_Visibilty" time="3.507"/>
  <testcase classname="com.kwikpass.automation.scripts.TC_MyFitness_Test_Cases" name="Verify_MyFitness_Kwikpass_login_Done_Redirect_to_accountpage" time="29.194"/>
  <testcase classname="com.kwikpass.automation.scripts.TC_MyFitness_Test_Cases" name="Verify_MyFitness_Shopify_login_and_session_creation_after_Kwikpass_login" time="26.369"/>
  <testcase classname="com.kwikpass.automation.scripts.TC_MyFitness_Test_Cases" name="Verify_MyFitness_KwikPass_Login_at_accountpage" time="19.085"/>
  <testcase classname="com.kwikpass.automation.scripts.TC_MyFitness_Test_Cases" name="Verify_MyFitness_KwikPass_Login_modal_Verfication_at_accountpage" time="6.652"/>
</testsuite> <!-- com.kwikpass.automation.scripts.TC_MyFitness_Test_Cases -->
