<?xml version="1.0" encoding="UTF-8"?>
<!-- Generated by org.testng.reporters.JUnitReportReporter -->
<testsuite hostname="DESKTOP-I2540TH" failures="0" tests="1" name="com.kwikpass.automation.scripts.TC_SilverTraq_Test_Cases" time="8.989" errors="0" timestamp="2024-01-22T11:44:11 IST" skipped="0">
  <testcase classname="com.kwikpass.automation.scripts.TC_SilverTraq_Test_Cases" name="Verify_Silvertraq_KwikPass_Login_modal_Verfication" time="8.989"/>
</testsuite> <!-- com.kwikpass.automation.scripts.TC_SilverTraq_Test_Cases -->
