<?xml version="1.0" encoding="UTF-8"?>
<!-- Generated by org.testng.reporters.JUnitReportReporter -->
<testsuite hostname="DESKTOP-I2540TH" failures="0" tests="1" name="com.kwikpass.automation.scripts.TC_Saadaa_Test_Cases" time="31.635" errors="0" timestamp="2024-01-22T12:52:04 IST" skipped="0">
  <testcase classname="com.kwikpass.automation.scripts.TC_Saadaa_Test_Cases" name="Verify_Saadaa_KwikPass_Login_modal_Verfication" time="31.635"/>
</testsuite> <!-- com.kwikpass.automation.scripts.TC_Saadaa_Test_Cases -->
