<?xml version="1.0" encoding="UTF-8"?>
<!-- Generated by org.testng.reporters.JUnitReportReporter -->
<testsuite hostname="DESKTOP-I2540TH" failures="0" tests="15" name="com.kwikpass.automation.scripts.TC_TrueElements_Test_Cases" time="345.714" errors="0" timestamp="2024-03-09T17:03:37 IST" skipped="0">
  <testcase classname="com.kwikpass.automation.scripts.TC_TrueElements_Test_Cases" name="Verify_True_Elements_KwikPass_icon_visibility" time="3.775"/>
  <testcase classname="com.kwikpass.automation.scripts.TC_TrueElements_Test_Cases" name="Verify_True_Elements_Kwikpass_login_from_Login_Modal_using_OTP_Via_SMS" time="18.170"/>
  <testcase classname="com.kwikpass.automation.scripts.TC_TrueElements_Test_Cases" name="Verify_True_Elements_KwikPass_AP_Visiblity_At_Collection_page" time="19.662"/>
  <testcase classname="com.kwikpass.automation.scripts.TC_TrueElements_Test_Cases" name="Verify_True_Elements_KwikPass_AP_modal_Verfication" time="17.903"/>
  <testcase classname="com.kwikpass.automation.scripts.TC_TrueElements_Test_Cases" name="Verify_True_Elements_Kwikpass_login_from_Login_Modal_Done_Gokwik_login_should_happen" time="37.337"/>
  <testcase classname="com.kwikpass.automation.scripts.TC_TrueElements_Test_Cases" name="Verify_TrueElements_KwikPass_login_modal_verification_from_accountpage" time="10.662"/>
  <testcase classname="com.kwikpass.automation.scripts.TC_TrueElements_Test_Cases" name="Verify_True_Elements_KwikPass_AP_Visiblity_At_Home_page" time="17.037"/>
  <testcase classname="com.kwikpass.automation.scripts.TC_TrueElements_Test_Cases" name="Verify_True_Elements_Kwikpass_login_from_AP_Done_Gokwik_login_should_happen" time="47.340"/>
  <testcase classname="com.kwikpass.automation.scripts.TC_TrueElements_Test_Cases" name="Verify_True_Elements_KwikPass_Login_modal_Verfication" time="16.077"/>
  <testcase classname="com.kwikpass.automation.scripts.TC_TrueElements_Test_Cases" name="Verify_TrueElements_Kwikpass_login_using_OTP_Via_SMS_from_accountpage" time="19.814"/>
  <testcase classname="com.kwikpass.automation.scripts.TC_TrueElements_Test_Cases" name="Verify_True_Elements_KwikPass_AP_Visiblity_At_PDP_page" time="19.597"/>
  <testcase classname="com.kwikpass.automation.scripts.TC_TrueElements_Test_Cases" name="Verify_True_Elements_Kwikpass_login_from_AP_using_OTP_Via_SMS" time="27.136"/>
  <testcase classname="com.kwikpass.automation.scripts.TC_TrueElements_Test_Cases" name="Verify_True_Elements_Shopify_login_and_session_creation_after_Kwikpass_login_from_Login_Modal" time="27.221"/>
  <testcase classname="com.kwikpass.automation.scripts.TC_TrueElements_Test_Cases" name="Verify_True_Elements_Shopify_login_and_session_creation_after_Kwikpass_login_from_AP" time="35.264"/>
  <testcase classname="com.kwikpass.automation.scripts.TC_TrueElements_Test_Cases" name="Verify_TrueElements_Kwikpass_login_Done_Redirect_to_accountpage" time="28.719"/>
</testsuite> <!-- com.kwikpass.automation.scripts.TC_TrueElements_Test_Cases -->
