<?xml version="1.0" encoding="UTF-8"?>
<!-- Generated by org.testng.reporters.JUnitReportReporter -->
<testsuite hostname="DESKTOP-I2540TH" failures="0" tests="1" name="com.kwikpass.automation.scripts.TC_Plum_Goodness_Test_Cases" time="47.097" errors="0" timestamp="2024-03-08T18:20:04 IST" skipped="0">
  <testcase classname="com.kwikpass.automation.scripts.TC_Plum_Goodness_Test_Cases" name="Verify_Plum_Goodness_Kwikpass_login_from_Login_Modal_Done_Gokwik_login_should_happen" time="47.097"/>
</testsuite> <!-- com.kwikpass.automation.scripts.TC_Plum_Goodness_Test_Cases -->
