<?xml version="1.0" encoding="UTF-8"?>
<!-- Generated by org.testng.reporters.JUnitReportReporter -->
<testsuite hostname="DESKTOP-I2540TH" failures="0" tests="1" name="com.kwikpass.automation.scripts.TC_TheLoveCO_Test_Cases" time="23.890" errors="0" timestamp="2024-01-22T12:25:09 IST" skipped="0">
  <testcase classname="com.kwikpass.automation.scripts.TC_TheLoveCO_Test_Cases" name="Verify_TheLoveCO_KwikPass_AP_Visiblity_At_PDP_page" time="23.890"/>
</testsuite> <!-- com.kwikpass.automation.scripts.TC_TheLoveCO_Test_Cases -->
