<?xml version="1.0" encoding="UTF-8"?>
<!-- Generated by org.testng.reporters.JUnitReportReporter -->
<testsuite hostname="DESKTOP-26KO353" failures="0" tests="1" name="com.kwikpass.automation.scripts.TC_CarDhobi_Test_Cases" time="30.434" errors="0" timestamp="2024-04-16T16:12:14 IST" skipped="0">
  <testcase classname="com.kwikpass.automation.scripts.TC_CarDhobi_Test_Cases" name="Verify_CarDhobi_Shopify_login_and_session_creation_after_Kwikpass_login" time="30.434"/>
</testsuite> <!-- com.kwikpass.automation.scripts.TC_CarDhobi_Test_Cases -->
