<?xml version="1.0" encoding="UTF-8"?>
<!-- Generated by org.testng.reporters.JUnitReportReporter -->
<testsuite hostname="DESKTOP-I2540TH" failures="0" tests="8" name="com.kwikpass.automation.scripts.TC_GenieBags_Test_Cases" time="169.471" errors="0" timestamp="2024-03-09T17:03:37 IST" skipped="0">
  <testcase classname="com.kwikpass.automation.scripts.TC_GenieBags_Test_Cases" name="Verify_GenieBags_KwikPass_login_modal_verification_from_accountpage" time="6.822"/>
  <testcase classname="com.kwikpass.automation.scripts.TC_GenieBags_Test_Cases" name="Verify_GenieBags_Kwikpass_login_Done_Redirect_to_accountpage" time="32.889"/>
  <testcase classname="com.kwikpass.automation.scripts.TC_GenieBags_Test_Cases" name="Verify_GenieBags_Kwikpass_login_from_Login_Modal_using_OTP_Via_SMS" time="24.922"/>
  <testcase classname="com.kwikpass.automation.scripts.TC_GenieBags_Test_Cases" name="Verify_GenieBags_KwikPass_Login_modal_Verfication" time="10.432"/>
  <testcase classname="com.kwikpass.automation.scripts.TC_GenieBags_Test_Cases" name="Verify_GenieBags_Kwikpass_login_using_OTP_Via_SMS_from_Rewards" time="32.404"/>
  <testcase classname="com.kwikpass.automation.scripts.TC_GenieBags_Test_Cases" name="Verify_GenieBags_Kwikpass_login_using_OTP_Via_SMS_from_accountpage" time="16.693"/>
  <testcase classname="com.kwikpass.automation.scripts.TC_GenieBags_Test_Cases" name="Verify_GenieBags_KwikPass_icon_visibility" time="13.713"/>
  <testcase classname="com.kwikpass.automation.scripts.TC_GenieBags_Test_Cases" name="Verify_GenieBags_Shopify_login_and_session_creation_after_Kwikpass_login_from_Login_Modal" time="31.596"/>
</testsuite> <!-- com.kwikpass.automation.scripts.TC_GenieBags_Test_Cases -->
