<?xml version="1.0" encoding="UTF-8"?>
<!-- Generated by org.testng.reporters.JUnitReportReporter -->
<testsuite hostname="DESKTOP-I2540TH" failures="0" tests="15" name="com.kwikpass.automation.scripts.TC_MiGlow_Test_Cases" time="313.414" errors="0" timestamp="2024-03-08T14:07:48 IST" skipped="0">
  <testcase classname="com.kwikpass.automation.scripts.TC_MiGlow_Test_Cases" name="Verify_MiGlow_KwikPass_AP_Visiblity_At_Home_page" time="16.030"/>
  <testcase classname="com.kwikpass.automation.scripts.TC_MiGlow_Test_Cases" name="Verify_MiGlow_KwikPass_Login_modal_Verfication" time="6.152"/>
  <testcase classname="com.kwikpass.automation.scripts.TC_MiGlow_Test_Cases" name="Verify_MiGlow_Shopify_login_and_session_creation_after_Kwikpass_login_from_Login_Modal" time="30.040"/>
  <testcase classname="com.kwikpass.automation.scripts.TC_MiGlow_Test_Cases" name="Verify_MiGlow_Kwikpass_login_from_AP_Done_Gokwik_login_should_happen" time="35.943"/>
  <testcase classname="com.kwikpass.automation.scripts.TC_MiGlow_Test_Cases" name="Verify_MiGlow_KwikPass_Login_modal_Verfication_at_accountpage" time="6.663"/>
  <testcase classname="com.kwikpass.automation.scripts.TC_MiGlow_Test_Cases" name="Verify_MiGlow_Kwikpass_login_Done_Redirect_to_accountpage" time="33.849"/>
  <testcase classname="com.kwikpass.automation.scripts.TC_MiGlow_Test_Cases" name="Verify_MiGlow_Shopify_login_and_session_creation_after_Kwikpass_login_from_AP" time="42.499"/>
  <testcase classname="com.kwikpass.automation.scripts.TC_MiGlow_Test_Cases" name="Verify_MiGlow_KwikPass_AP_Visiblity_At_Collection_page" time="17.900"/>
  <testcase classname="com.kwikpass.automation.scripts.TC_MiGlow_Test_Cases" name="Verify_MiGlow_KwikPass_icon_visibility" time="2.820"/>
  <testcase classname="com.kwikpass.automation.scripts.TC_MiGlow_Test_Cases" name="Verify_MiGlow_KwikPass_Login_at_accountpage" time="16.899"/>
  <testcase classname="com.kwikpass.automation.scripts.TC_MiGlow_Test_Cases" name="Verify_MiGlow_KwikPass_AP_Visiblity_At_PDP_page" time="18.088"/>
  <testcase classname="com.kwikpass.automation.scripts.TC_MiGlow_Test_Cases" name="Verify_MiGlow_KwikPass_AP_modal_Verfication" time="15.973"/>
  <testcase classname="com.kwikpass.automation.scripts.TC_MiGlow_Test_Cases" name="Verify_MiGlow_Kwikpass_login_from_AP_using_OTP_Via_SMS" time="27.235"/>
  <testcase classname="com.kwikpass.automation.scripts.TC_MiGlow_Test_Cases" name="Verify_MiGlow_Kwikpass_login_from_Login_Modal_using_OTP_Via_SMS" time="16.611"/>
  <testcase classname="com.kwikpass.automation.scripts.TC_MiGlow_Test_Cases" name="Verify_MiGlow_Kwikpass_login_from_Login_Modal_Done_Gokwik_login_should_happen" time="26.712"/>
</testsuite> <!-- com.kwikpass.automation.scripts.TC_MiGlow_Test_Cases -->
