<?xml version="1.0" encoding="UTF-8"?>
<!-- Generated by org.testng.reporters.JUnitReportReporter -->
<testsuite hostname="DESKTOP-I2540TH" failures="0" tests="7" name="com.kwikpass.automation.scripts.TC_Saadaa_Test_Cases" time="151.167" errors="0" timestamp="2024-03-09T17:03:37 IST" skipped="0">
  <testcase classname="com.kwikpass.automation.scripts.TC_Saadaa_Test_Cases" name="Verify_Saadaa_KwikPass_Login_modal_Verfication" time="9.642"/>
  <testcase classname="com.kwikpass.automation.scripts.TC_Saadaa_Test_Cases" name="Verify_Saadaa_Kwikpass_login_from_Login_Modal_Done_Gokwik_login_should_happen" time="34.209"/>
  <testcase classname="com.kwikpass.automation.scripts.TC_Saadaa_Test_Cases" name="Verify_Saadaa_Kwikpass_login_from_Login_Modal_using_OTP_Via_SMS" time="19.261"/>
  <testcase classname="com.kwikpass.automation.scripts.TC_Saadaa_Test_Cases" name="Verify_Saadaa_KwikPass_Login_modal_Verfication_at_accountpage" time="6.482"/>
  <testcase classname="com.kwikpass.automation.scripts.TC_Saadaa_Test_Cases" name="Verify_Saadaa_Kwikpass_login_Done_Redirect_to_accountpage" time="30.547"/>
  <testcase classname="com.kwikpass.automation.scripts.TC_Saadaa_Test_Cases" name="Verify_Saadaa_KwikPass_Login_at_accountpage" time="15.949"/>
  <testcase classname="com.kwikpass.automation.scripts.TC_Saadaa_Test_Cases" name="Verify_Saadaa_Shopify_login_and_session_creation_after_Kwikpass_login_from_Login_Modal" time="35.077"/>
</testsuite> <!-- com.kwikpass.automation.scripts.TC_Saadaa_Test_Cases -->
