<?xml version="1.0" encoding="UTF-8"?>
<!-- Generated by org.testng.reporters.JUnitReportReporter -->
<testsuite hostname="DESKTOP-I2540TH" failures="0" tests="8" name="com.kwikpass.automation.scripts.TC_Portronics_Test_Cases" time="181.248" errors="0" timestamp="2024-03-08T18:23:41 IST" skipped="0">
  <testcase classname="com.kwikpass.automation.scripts.TC_Portronics_Test_Cases" name="Verify_Portronics_KwikPass_Login_modal_Verfication_at_accountpage" time="8.432"/>
  <testcase classname="com.kwikpass.automation.scripts.TC_Portronics_Test_Cases" name="Verify_Portronics_Shopify_login_and_session_creation_after_Kwikpass_login" time="35.969"/>
  <testcase classname="com.kwikpass.automation.scripts.TC_Portronics_Test_Cases" name="Verify_Portronics_KwikPass_login_modal_verification" time="9.719"/>
  <testcase classname="com.kwikpass.automation.scripts.TC_Portronics_Test_Cases" name="Verify_Portronics_Kwikpass_login_Done_Gokwik_login_should_happen" time="35.851"/>
  <testcase classname="com.kwikpass.automation.scripts.TC_Portronics_Test_Cases" name="Verify_Portronics_KwikPass_Login_at_accountpage" time="19.474"/>
  <testcase classname="com.kwikpass.automation.scripts.TC_Portronics_Test_Cases" name="Verify_Portronics_Kwikpass_login_using_OTP_Via_SMS" time="21.229"/>
  <testcase classname="com.kwikpass.automation.scripts.TC_Portronics_Test_Cases" name="Verify_Portronics_KwikPass_login_icon_Visibilty" time="7.035"/>
  <testcase classname="com.kwikpass.automation.scripts.TC_Portronics_Test_Cases" name="Verify_Portronics_Kwikpass_login_Done_Redirect_to_accountpage" time="43.539"/>
</testsuite> <!-- com.kwikpass.automation.scripts.TC_Portronics_Test_Cases -->
