<?xml version="1.0" encoding="UTF-8"?>
<!-- Generated by org.testng.reporters.JUnitReportReporter -->
<testsuite hostname="DESKTOP-H9LKQ9C" failures="0" tests="1" name="com.kwikpass.pageObjects.EmailSender_daily_check" time="6.319" errors="0" timestamp="2024-03-18T13:29:12 IST" skipped="0">
  <testcase classname="com.kwikpass.pageObjects.EmailSender_daily_check" name="SendEmail" time="6.319"/>
</testsuite> <!-- com.kwikpass.pageObjects.EmailSender_daily_check -->
