<?xml version="1.0" encoding="UTF-8"?>
<!-- Generated by org.testng.reporters.JUnitReportReporter -->
<testsuite hostname="DESKTOP-I2540TH" failures="0" tests="8" name="com.kwikpass.automation.scripts.TC_Luxaderme_Test_Cases" time="149.135" errors="0" timestamp="2024-03-08T14:01:01 IST" skipped="0">
  <testcase classname="com.kwikpass.automation.scripts.TC_Luxaderme_Test_Cases" name="Verify_Luxaderme_Kwikpass_login_Done_Gokwik_login_should_happen" time="35.777"/>
  <testcase classname="com.kwikpass.automation.scripts.TC_Luxaderme_Test_Cases" name="Verify_Luxaderme_Kwikpass_login_using_OTP_Via_SMS" time="18.938"/>
  <testcase classname="com.kwikpass.automation.scripts.TC_Luxaderme_Test_Cases" name="Verify_Luxaderme_KwikPass_login_icon_Visibilty" time="3.784"/>
  <testcase classname="com.kwikpass.automation.scripts.TC_Luxaderme_Test_Cases" name="Verify_Luxaderme_KwikPass_Login_at_accountpage" time="18.139"/>
  <testcase classname="com.kwikpass.automation.scripts.TC_Luxaderme_Test_Cases" name="Verify_Luxaderme_KwikPass_login_modal_verification" time="7.227"/>
  <testcase classname="com.kwikpass.automation.scripts.TC_Luxaderme_Test_Cases" name="Verify_Luxaderme_Kwikpass_login_Done_Redirect_to_accountpage" time="29.172"/>
  <testcase classname="com.kwikpass.automation.scripts.TC_Luxaderme_Test_Cases" name="Verify_Luxaderme_KwikPass_Login_modal_Verfication_at_accountpage" time="8.346"/>
  <testcase classname="com.kwikpass.automation.scripts.TC_Luxaderme_Test_Cases" name="Verify_Luxaderme_Shopify_login_and_session_creation_after_Kwikpass_login" time="27.752"/>
</testsuite> <!-- com.kwikpass.automation.scripts.TC_Luxaderme_Test_Cases -->
