<?xml version="1.0" encoding="UTF-8"?>
<!-- Generated by org.testng.reporters.JUnitReportReporter -->
<testsuite hostname="DESKTOP-I2540TH" failures="0" tests="1" name="com.kwikpass.automation.scripts.TC_PhotoJewels_Test_Cases" time="18.933" errors="0" timestamp="2024-01-22T13:32:22 IST" skipped="0">
  <testcase classname="com.kwikpass.automation.scripts.TC_PhotoJewels_Test_Cases" name="Verify_Photo_Jewels_KwikPass_AP_modal_Verfication" time="18.933"/>
</testsuite> <!-- com.kwikpass.automation.scripts.TC_PhotoJewels_Test_Cases -->
