<?xml version="1.0" encoding="UTF-8"?>
<!-- Generated by org.testng.reporters.JUnitReportReporter -->
<testsuite hostname="DESKTOP-I2540TH" failures="0" tests="15" name="com.kwikpass.automation.scripts.TC_OrganicBazaar_Test_Cases" time="470.534" errors="0" timestamp="2024-03-08T17:47:06 IST" skipped="0">
  <testcase classname="com.kwikpass.automation.scripts.TC_OrganicBazaar_Test_Cases" name="Verify_Organic_Bazaar_Kwikpass_login_from_AP_Done_Gokwik_login_should_happen" time="63.196"/>
  <testcase classname="com.kwikpass.automation.scripts.TC_OrganicBazaar_Test_Cases" name="Verify_OrganicBazaar_KwikPass_Login_at_accountpage" time="17.214"/>
  <testcase classname="com.kwikpass.automation.scripts.TC_OrganicBazaar_Test_Cases" name="Verify_OrganicBazaar_KwikPass_Login_modal_Verfication_at_accountpage" time="6.631"/>
  <testcase classname="com.kwikpass.automation.scripts.TC_OrganicBazaar_Test_Cases" name="Verify_OrganicBazaar_Kwikpass_login_Done_Redirect_to_accountpage" time="30.205"/>
  <testcase classname="com.kwikpass.automation.scripts.TC_OrganicBazaar_Test_Cases" name="Verify_Organic_Bazaar_KwikPass_login_icon_Visibilty" time="4.391"/>
  <testcase classname="com.kwikpass.automation.scripts.TC_OrganicBazaar_Test_Cases" name="Verify_Organic_Bazaar_KwikPass_AP_Visiblity_At_PDP_page" time="38.943"/>
  <testcase classname="com.kwikpass.automation.scripts.TC_OrganicBazaar_Test_Cases" name="Verify_Organic_Bazaar_Shopify_login_and_session_creation_after_Kwikpass_login_from_AP" time="57.401"/>
  <testcase classname="com.kwikpass.automation.scripts.TC_OrganicBazaar_Test_Cases" name="Verify_Organic_Bazaar_Kwikpass_login_from_Login_Modal_Done_Gokwik_login_should_happen" time="33.877"/>
  <testcase classname="com.kwikpass.automation.scripts.TC_OrganicBazaar_Test_Cases" name="Verify_Organic_Bazaar_Kwikpass_login_from_Login_Modal_using_OTP_Via_SMS" time="19.018"/>
  <testcase classname="com.kwikpass.automation.scripts.TC_OrganicBazaar_Test_Cases" name="Verify_Organic_Bazaar_Shopify_login_and_session_creation_after_Kwikpass_login_from_Login_Modal" time="27.775"/>
  <testcase classname="com.kwikpass.automation.scripts.TC_OrganicBazaar_Test_Cases" name="Verify_Organic_Bazaar_Kwikpass_login_from_AP_using_OTP_Via_SMS" time="47.505"/>
  <testcase classname="com.kwikpass.automation.scripts.TC_OrganicBazaar_Test_Cases" name="Verify_Organic_Bazaar_KwikPass_AP_Visiblity_At_Home_page" time="38.661"/>
  <testcase classname="com.kwikpass.automation.scripts.TC_OrganicBazaar_Test_Cases" name="Verify_Organic_Bazaar_KwikPass_AP_modal_Verfication" time="37.987"/>
  <testcase classname="com.kwikpass.automation.scripts.TC_OrganicBazaar_Test_Cases" name="Verify_Organic_Bazaar_KwikPass_AP_Visiblity_At_Collection_page" time="39.540"/>
  <testcase classname="com.kwikpass.automation.scripts.TC_OrganicBazaar_Test_Cases" name="Verify_Organic_Bazaar_KwikPass_Login_modal_Verfication" time="8.190"/>
</testsuite> <!-- com.kwikpass.automation.scripts.TC_OrganicBazaar_Test_Cases -->
