<?xml version="1.0" encoding="UTF-8"?>
<!-- Generated by org.testng.reporters.JUnitReportReporter -->
<testsuite hostname="DESKTOP-26KO353" failures="0" tests="8" name="com.kwikpass.automation.scripts.TC_FireBoltt_Test_Cases" time="209.345" errors="0" timestamp="2024-05-01T12:26:12 IST" skipped="0">
  <testcase classname="com.kwikpass.automation.scripts.TC_FireBoltt_Test_Cases" name="Verify_FireBoltt_KwikPass_Login_at_accountpage" time="22.822"/>
  <testcase classname="com.kwikpass.automation.scripts.TC_FireBoltt_Test_Cases" name="Verify_FireBoltt_Kwikpass_login_Done_Gokwik_login_should_happen" time="45.283"/>
  <testcase classname="com.kwikpass.automation.scripts.TC_FireBoltt_Test_Cases" name="Verify_FireBoltt_Shopify_login_and_session_creation_after_Kwikpass_login" time="34.408"/>
  <testcase classname="com.kwikpass.automation.scripts.TC_FireBoltt_Test_Cases" name="Verify_FireBoltt_KwikPass_login_modal_verification" time="14.201"/>
  <testcase classname="com.kwikpass.automation.scripts.TC_FireBoltt_Test_Cases" name="Verify_FireBoltt_KwikPass_login_icon_Visibilty" time="10.340"/>
  <testcase classname="com.kwikpass.automation.scripts.TC_FireBoltt_Test_Cases" name="Verify_FireBoltt_KwikPass_Login_modal_Verfication_at_accountpage" time="14.883"/>
  <testcase classname="com.kwikpass.automation.scripts.TC_FireBoltt_Test_Cases" name="Verify_FireBoltt_Kwikpass_login_using_OTP_Via_SMS" time="24.521"/>
  <testcase classname="com.kwikpass.automation.scripts.TC_FireBoltt_Test_Cases" name="Verify_FireBoltt_Kwikpass_login_Done_Redirect_to_accountpage" time="42.887"/>
</testsuite> <!-- com.kwikpass.automation.scripts.TC_FireBoltt_Test_Cases -->
