<?xml version="1.0" encoding="UTF-8"?>
<!-- Generated by org.testng.reporters.JUnitReportReporter -->
<testsuite hostname="DESKTOP-I2540TH" failures="0" tests="7" name="com.kwikpass.automation.scripts.TC_Saadaa_Test_Cases" time="157.749" errors="0" timestamp="2024-03-08T18:45:59 IST" skipped="0">
  <testcase classname="com.kwikpass.automation.scripts.TC_Saadaa_Test_Cases" name="Verify_Saadaa_KwikPass_Login_modal_Verfication" time="9.901"/>
  <testcase classname="com.kwikpass.automation.scripts.TC_Saadaa_Test_Cases" name="Verify_Saadaa_Kwikpass_login_Done_Redirect_to_accountpage" time="32.199"/>
  <testcase classname="com.kwikpass.automation.scripts.TC_Saadaa_Test_Cases" name="Verify_Saadaa_Kwikpass_login_from_Login_Modal_using_OTP_Via_SMS" time="20.195"/>
  <testcase classname="com.kwikpass.automation.scripts.TC_Saadaa_Test_Cases" name="Verify_Saadaa_KwikPass_Login_at_accountpage" time="17.151"/>
  <testcase classname="com.kwikpass.automation.scripts.TC_Saadaa_Test_Cases" name="Verify_Saadaa_Kwikpass_login_from_Login_Modal_Done_Gokwik_login_should_happen" time="36.167"/>
  <testcase classname="com.kwikpass.automation.scripts.TC_Saadaa_Test_Cases" name="Verify_Saadaa_Shopify_login_and_session_creation_after_Kwikpass_login_from_Login_Modal" time="34.047"/>
  <testcase classname="com.kwikpass.automation.scripts.TC_Saadaa_Test_Cases" name="Verify_Saadaa_KwikPass_Login_modal_Verfication_at_accountpage" time="8.089"/>
</testsuite> <!-- com.kwikpass.automation.scripts.TC_Saadaa_Test_Cases -->
