<?xml version="1.0" encoding="UTF-8"?>
<!-- Generated by org.testng.reporters.JUnitReportReporter -->
<testsuite hostname="DESKTOP-26KO353" failures="0" tests="1" name="com.kwikpass.automation.scripts.TC_Matural_Test_Cases" time="41.840" errors="0" timestamp="2024-04-16T11:43:28 IST" skipped="0">
  <testcase classname="com.kwikpass.automation.scripts.TC_Matural_Test_Cases" name="Verify_Matural_Kwikpass_login_using_OTP_Via_SMS_from_Rewards" time="41.840"/>
</testsuite> <!-- com.kwikpass.automation.scripts.TC_Matural_Test_Cases -->
