<?xml version="1.0" encoding="UTF-8"?>
<!-- Generated by org.testng.reporters.JUnitReportReporter -->
<testsuite hostname="DESKTOP-I2540TH" failures="0" tests="7" name="com.kwikpass.automation.scripts.TC_Nobero_Test_Cases" time="181.237" errors="0" timestamp="2024-03-08T17:34:05 IST" skipped="0">
  <testcase classname="com.kwikpass.automation.scripts.TC_Nobero_Test_Cases" name="Verify_Nobero_KwikPass_icon_visibility_Login_modal_verification" time="13.956"/>
  <testcase classname="com.kwikpass.automation.scripts.TC_Nobero_Test_Cases" name="Verify_Nobero_Kwikpass_login_Done_Redirect_to_accountpage" time="39.648"/>
  <testcase classname="com.kwikpass.automation.scripts.TC_Nobero_Test_Cases" name="Verify_Nobero_KwikPass_Login_at_accountpage" time="25.769"/>
  <testcase classname="com.kwikpass.automation.scripts.TC_Nobero_Test_Cases" name="Verify_Nobero_Shopify_Login_and_session_creation_Ater_Kwikpass_Login" time="33.486"/>
  <testcase classname="com.kwikpass.automation.scripts.TC_Nobero_Test_Cases" name="Verify_Nobero_KwikPass_Login_modal_Verfication_at_accountpage" time="7.440"/>
  <testcase classname="com.kwikpass.automation.scripts.TC_Nobero_Test_Cases" name="Verify_Nobero_Kwikpass_login_Done_Gokwik_login_should_happen" time="35.336"/>
  <testcase classname="com.kwikpass.automation.scripts.TC_Nobero_Test_Cases" name="Verify_Nobero_KwikPass_Login_Using_OTP_Via_SMS" time="25.602"/>
</testsuite> <!-- com.kwikpass.automation.scripts.TC_Nobero_Test_Cases -->
