<?xml version="1.0" encoding="UTF-8"?>
<!-- Generated by org.testng.reporters.JUnitReportReporter -->
<testsuite hostname="DESKTOP-I2540TH" failures="0" tests="15" name="com.kwikpass.automation.scripts.TC_Puer_Test_Cases" time="325.436" errors="0" timestamp="2024-03-08T18:29:22 IST" skipped="0">
  <testcase classname="com.kwikpass.automation.scripts.TC_Puer_Test_Cases" name="Verify_Puer_Shopify_login_and_session_creation_after_Kwikpass_login_from_Login_Modal" time="26.552"/>
  <testcase classname="com.kwikpass.automation.scripts.TC_Puer_Test_Cases" name="Verify_Puer_KwikPass_Login_at_accountpage" time="18.408"/>
  <testcase classname="com.kwikpass.automation.scripts.TC_Puer_Test_Cases" name="Verify_Puer_Kwikpass_login_from_Login_Modal_Done_Gokwik_login_should_happen" time="31.425"/>
  <testcase classname="com.kwikpass.automation.scripts.TC_Puer_Test_Cases" name="Verify_Puer_KwikPass_Login_modal_Verfication" time="7.771"/>
  <testcase classname="com.kwikpass.automation.scripts.TC_Puer_Test_Cases" name="Verify_Puer_KwikPass_AP_modal_Verfication" time="16.978"/>
  <testcase classname="com.kwikpass.automation.scripts.TC_Puer_Test_Cases" name="Verify_Puer_Kwikpass_login_Done_Redirect_to_accountpage" time="30.901"/>
  <testcase classname="com.kwikpass.automation.scripts.TC_Puer_Test_Cases" name="Verify_Puer_Kwikpass_login_from_AP_using_OTP_Via_SMS" time="27.438"/>
  <testcase classname="com.kwikpass.automation.scripts.TC_Puer_Test_Cases" name="Verify_Puer_KwikPass_Login_modal_Verfication_at_accountpage" time="8.121"/>
  <testcase classname="com.kwikpass.automation.scripts.TC_Puer_Test_Cases" name="Verify_Puer_Kwikpass_login_from_Login_Modal_using_OTP_Via_SMS" time="17.981"/>
  <testcase classname="com.kwikpass.automation.scripts.TC_Puer_Test_Cases" name="Verify_Puer_KwikPass_AP_Visiblity_At_Home_page" time="17.463"/>
  <testcase classname="com.kwikpass.automation.scripts.TC_Puer_Test_Cases" name="Verify_Puer_KwikPass_AP_Visiblity_At_Collection_page" time="20.087"/>
  <testcase classname="com.kwikpass.automation.scripts.TC_Puer_Test_Cases" name="Verify_Puer_KwikPass_AP_Visiblity_At_PDP_page" time="19.376"/>
  <testcase classname="com.kwikpass.automation.scripts.TC_Puer_Test_Cases" name="Verify_Puer_KwikPass_icon_visibility" time="4.242"/>
  <testcase classname="com.kwikpass.automation.scripts.TC_Puer_Test_Cases" name="Verify_Puer_Kwikpass_login_from_AP_Done_Gokwik_login_should_happen" time="40.838"/>
  <testcase classname="com.kwikpass.automation.scripts.TC_Puer_Test_Cases" name="Verify_Puer_Shopify_login_and_session_creation_after_Kwikpass_login_from_AP" time="37.855"/>
</testsuite> <!-- com.kwikpass.automation.scripts.TC_Puer_Test_Cases -->
