<?xml version="1.0" encoding="UTF-8"?>
<!-- Generated by org.testng.reporters.JUnitReportReporter -->
<testsuite hostname="DESKTOP-I2540TH" failures="1" tests="15" name="com.kwikpass.automation.scripts.TC_SilverTraq_Test_Cases" time="385.619" errors="0" timestamp="2024-03-09T17:03:37 IST" skipped="0">
  <testcase classname="com.kwikpass.automation.scripts.TC_SilverTraq_Test_Cases" name="Verify_Silvertraq_KwikPass_Login_modal_Verfication" time="8.220"/>
  <testcase classname="com.kwikpass.automation.scripts.TC_SilverTraq_Test_Cases" name="Verify_Silvertraq_KwikPass_AP_Visiblity_At_PDP_page" time="19.696"/>
  <testcase classname="com.kwikpass.automation.scripts.TC_SilverTraq_Test_Cases" name="Verify_SilverTraq_Kwikpass_login_Done_Redirect_to_accountpage" time="33.708">
    <failure message="Verify_SilverTraq_Kwikpass_login_Done_Redirect_to_accountpage failed" type="java.lang.AssertionError">
      <![CDATA[java.lang.AssertionError: Verify_SilverTraq_Kwikpass_login_Done_Redirect_to_accountpage failed
at org.testng.Assert.fail(Assert.java:111)
at com.kwikpass.automation.scripts.TC_SilverTraq_Test_Cases.Verify_SilverTraq_Kwikpass_login_Done_Redirect_to_accountpage(TC_SilverTraq_Test_Cases.java:656)
at java.base/jdk.internal.reflect.DirectMethodHandleAccessor.invoke(DirectMethodHandleAccessor.java:103)
at java.base/java.lang.reflect.Method.invoke(Method.java:580)
at org.testng.internal.invokers.MethodInvocationHelper.invokeMethod(MethodInvocationHelper.java:139)
at org.testng.internal.invokers.TestInvoker.invokeMethod(TestInvoker.java:664)
at org.testng.internal.invokers.TestInvoker.invokeTestMethod(TestInvoker.java:227)
at org.testng.internal.invokers.MethodRunner.runInSequence(MethodRunner.java:50)
at org.testng.internal.invokers.TestInvoker$MethodInvocationAgent.invoke(TestInvoker.java:957)
at org.testng.internal.invokers.TestInvoker.invokeTestMethods(TestInvoker.java:200)
at org.testng.internal.invokers.TestMethodWorker.invokeTestMethods(TestMethodWorker.java:148)
at org.testng.internal.invokers.TestMethodWorker.run(TestMethodWorker.java:128)
at java.base/java.util.ArrayList.forEach(ArrayList.java:1596)
at org.testng.TestRunner.privateRun(TestRunner.java:848)
at org.testng.TestRunner.run(TestRunner.java:621)
at org.testng.SuiteRunner.runTest(SuiteRunner.java:443)
at org.testng.SuiteRunner.runSequentially(SuiteRunner.java:437)
at org.testng.SuiteRunner.privateRun(SuiteRunner.java:397)
at org.testng.SuiteRunner.run(SuiteRunner.java:336)
at org.testng.SuiteRunnerWorker.runSuite(SuiteRunnerWorker.java:52)
at org.testng.SuiteRunnerWorker.run(SuiteRunnerWorker.java:95)
at org.testng.TestNG.runSuitesSequentially(TestNG.java:1280)
at org.testng.TestNG.runSuitesLocally(TestNG.java:1200)
at org.testng.TestNG.runSuites(TestNG.java:1114)
at org.testng.TestNG.run(TestNG.java:1082)
at org.testng.remote.AbstractRemoteTestNG.run(AbstractRemoteTestNG.java:115)
at org.testng.remote.RemoteTestNG.initAndRun(RemoteTestNG.java:251)
at org.testng.remote.RemoteTestNG.main(RemoteTestNG.java:77)
]]>
    </failure>
  </testcase> <!-- Verify_SilverTraq_Kwikpass_login_Done_Redirect_to_accountpage -->
  <testcase classname="com.kwikpass.automation.scripts.TC_SilverTraq_Test_Cases" name="Verify_Silvertraq_Kwikpass_login_from_AP_using_OTP_Via_SMS" time="39.750"/>
  <testcase classname="com.kwikpass.automation.scripts.TC_SilverTraq_Test_Cases" name="Verify_SilverTraq_KwikPass_Login_at_accountpage" time="18.245"/>
  <testcase classname="com.kwikpass.automation.scripts.TC_SilverTraq_Test_Cases" name="Verify_Silvertraq_KwikPass_icon_visibility" time="5.118"/>
  <testcase classname="com.kwikpass.automation.scripts.TC_SilverTraq_Test_Cases" name="Verify_Silvertraq_Kwikpass_login_from_Login_Modal_Done_Gokwik_login_should_happen" time="30.196"/>
  <testcase classname="com.kwikpass.automation.scripts.TC_SilverTraq_Test_Cases" name="Verify_Silvertraq_KwikPass_AP_modal_Verfication" time="30.105"/>
  <testcase classname="com.kwikpass.automation.scripts.TC_SilverTraq_Test_Cases" name="Verify_Silvertraq_Kwikpass_login_from_AP_Done_Gokwik_login_should_happen" time="53.136"/>
  <testcase classname="com.kwikpass.automation.scripts.TC_SilverTraq_Test_Cases" name="Verify_SilverTraq_KwikPass_Login_modal_Verfication_at_accountpage" time="8.275"/>
  <testcase classname="com.kwikpass.automation.scripts.TC_SilverTraq_Test_Cases" name="Verify_Silvertraq_Kwikpass_login_from_Login_Modal_using_OTP_Via_SMS" time="20.504"/>
  <testcase classname="com.kwikpass.automation.scripts.TC_SilverTraq_Test_Cases" name="Verify_Silvertraq_KwikPass_AP_Visiblity_At_Collection_page" time="21.784"/>
  <testcase classname="com.kwikpass.automation.scripts.TC_SilverTraq_Test_Cases" name="Verify_Silvertraq_Shopify_login_and_session_creation_after_Kwikpass_login_from_Login_Modal" time="28.444"/>
  <testcase classname="com.kwikpass.automation.scripts.TC_SilverTraq_Test_Cases" name="Verify_Silvertraq_Shopify_login_and_session_creation_after_Kwikpass_login_from_AP" time="51.215"/>
  <testcase classname="com.kwikpass.automation.scripts.TC_SilverTraq_Test_Cases" name="Verify_Silvertraq_KwikPass_AP_Visiblity_At_Home_page" time="17.223"/>
</testsuite> <!-- com.kwikpass.automation.scripts.TC_SilverTraq_Test_Cases -->
