<?xml version="1.0" encoding="UTF-8"?>
<!-- Generated by org.testng.reporters.JUnitReportReporter -->
<testsuite hostname="DESKTOP-I2540TH" failures="0" tests="10" name="com.kwikpass.automation.scripts.TC_Mivi_Test_Cases" time="233.631" errors="0" timestamp="2024-03-13T16:02:21 IST" skipped="0">
  <testcase classname="com.kwikpass.automation.scripts.TC_Mivi_Test_Cases" name="Verify_Mivi_Kwikpass_login_using_OTP_Via_SMS" time="19.950"/>
  <testcase classname="com.kwikpass.automation.scripts.TC_Mivi_Test_Cases" name="Verify_Mivi_Kwikpass_login_using_OTP_Via_SMS_Done_Rewards_login_should_happen" time="38.395"/>
  <testcase classname="com.kwikpass.automation.scripts.TC_Mivi_Test_Cases" name="Verify_Mivi_Shopify_login_and_session_creation_after_Kwikpass_login" time="29.588"/>
  <testcase classname="com.kwikpass.automation.scripts.TC_Mivi_Test_Cases" name="Verify_Mivi_KwikPass_login_icon_Visibilty" time="3.907"/>
  <testcase classname="com.kwikpass.automation.scripts.TC_Mivi_Test_Cases" name="Verify_Mivi_KwikPass_Login_From_Rewards" time="31.772"/>
  <testcase classname="com.kwikpass.automation.scripts.TC_Mivi_Test_Cases" name="Verify_Mivi_KwikPass_Login_modal_Verfication_at_accountpage" time="10.000"/>
  <testcase classname="com.kwikpass.automation.scripts.TC_Mivi_Test_Cases" name="Verify_Mivi_KwikPass_login_modal_verification" time="7.451"/>
  <testcase classname="com.kwikpass.automation.scripts.TC_Mivi_Test_Cases" name="Verify_Mivi_Kwikpass_login_Done_Gokwik_login_should_happen" time="39.159"/>
  <testcase classname="com.kwikpass.automation.scripts.TC_Mivi_Test_Cases" name="Verify_Mivi_Kwikpass_login_Done_Redirect_to_accountpage" time="35.568"/>
  <testcase classname="com.kwikpass.automation.scripts.TC_Mivi_Test_Cases" name="Verify_Mivi_KwikPass_Login_at_accountpage" time="17.841"/>
</testsuite> <!-- com.kwikpass.automation.scripts.TC_Mivi_Test_Cases -->
