<?xml version="1.0" encoding="UTF-8"?>
<!-- Generated by org.testng.reporters.JUnitReportReporter -->
<testsuite hostname="DESKTOP-I2540TH" failures="0" tests="6" name="com.kwikpass.automation.scripts.TC_Levis_Test_Cases" time="110.088" errors="0" timestamp="2024-03-09T17:03:37 IST" skipped="0">
  <testcase classname="com.kwikpass.automation.scripts.TC_Levis_Test_Cases" name="Verify_Levis_Kwikpass_login_Done_Redirect_to_accountpage" time="29.162"/>
  <testcase classname="com.kwikpass.automation.scripts.TC_Levis_Test_Cases" name="Verify_Levis_KwikPass_Login_at_accountpage" time="17.507"/>
  <testcase classname="com.kwikpass.automation.scripts.TC_Levis_Test_Cases" name="Verify_Levis_Kwikpass_login_using_OTP_Via_SMS" time="18.171"/>
  <testcase classname="com.kwikpass.automation.scripts.TC_Levis_Test_Cases" name="Verify_Levis_Shopify_login_and_session_creation_after_Kwikpass_login" time="29.687"/>
  <testcase classname="com.kwikpass.automation.scripts.TC_Levis_Test_Cases" name="Verify_Levis_KwikPass_Login_modal_Verfication_at_accountpage" time="8.255"/>
  <testcase classname="com.kwikpass.automation.scripts.TC_Levis_Test_Cases" name="Verify_Levis_KwikPass_login_modal_verification" time="7.306"/>
</testsuite> <!-- com.kwikpass.automation.scripts.TC_Levis_Test_Cases -->
