<?xml version="1.0" encoding="UTF-8"?>
<!-- Generated by org.testng.reporters.JUnitReportReporter -->
<testsuite hostname="DESKTOP-I2540TH" failures="0" tests="1" name="com.kwikpass.automation.scripts.TC_Nobero_Test_Cases" time="9.075" errors="0" timestamp="2024-01-15T17:57:14 IST" skipped="0">
  <testcase classname="com.kwikpass.automation.scripts.TC_Nobero_Test_Cases" name="Verify_Nobero_KwikPass_Login_modal_Verfication_at_accountpage" time="9.075"/>
</testsuite> <!-- com.kwikpass.automation.scripts.TC_Nobero_Test_Cases -->
