<?xml version="1.0" encoding="UTF-8"?>
<!-- Generated by org.testng.reporters.JUnitReportReporter -->
<testsuite hostname="DESKTOP-I2540TH" failures="0" tests="7" name="com.kwikpass.automation.scripts.TC_Weryze_Test_Cases" time="155.862" errors="0" timestamp="2024-03-09T17:03:37 IST" skipped="0">
  <testcase classname="com.kwikpass.automation.scripts.TC_Weryze_Test_Cases" name="Verify_Weryze_KwikPass_login_modal_verification_from_accountpage" time="13.768"/>
  <testcase classname="com.kwikpass.automation.scripts.TC_Weryze_Test_Cases" name="Verify_Weryze_KwikPass_login_icon_Visibilty" time="4.380"/>
  <testcase classname="com.kwikpass.automation.scripts.TC_Weryze_Test_Cases" name="Verify_Weryze_Kwikpass_login_using_OTP_Via_SMS" time="24.414"/>
  <testcase classname="com.kwikpass.automation.scripts.TC_Weryze_Test_Cases" name="Verify_Weryze_Kwikpass_login_Done_Redirect_to_accountpage" time="46.310"/>
  <testcase classname="com.kwikpass.automation.scripts.TC_Weryze_Test_Cases" name="Verify_Weryze_Shopify_login_and_session_creation_after_Kwikpass_login" time="34.356"/>
  <testcase classname="com.kwikpass.automation.scripts.TC_Weryze_Test_Cases" name="Verify_Weryze_KwikPass_login_modal_verification" time="6.398"/>
  <testcase classname="com.kwikpass.automation.scripts.TC_Weryze_Test_Cases" name="Verify_Weryze_KwikPass_login_from_accountpage" time="26.236"/>
</testsuite> <!-- com.kwikpass.automation.scripts.TC_Weryze_Test_Cases -->
