<?xml version="1.0" encoding="UTF-8"?>
<!-- Generated by org.testng.reporters.JUnitReportReporter -->
<testsuite hostname="DESKTOP-26KO353" failures="0" tests="1" name="com.kwikpass.automation.scripts.TC_Jimmy_Luxury_Test_Cases" time="8.844" errors="0" timestamp="2024-04-09T12:55:10 IST" skipped="0">
  <testcase classname="com.kwikpass.automation.scripts.TC_Jimmy_Luxury_Test_Cases" name="Verify_Jimmy_Luxury_KwikPass_login_modal_verification" time="8.844"/>
</testsuite> <!-- com.kwikpass.automation.scripts.TC_Jimmy_Luxury_Test_Cases -->
