<?xml version="1.0" encoding="UTF-8"?>
<!-- Generated by org.testng.reporters.JUnitReportReporter -->
<testsuite hostname="DESKTOP-I2540TH" failures="0" tests="8" name="com.kwikpass.automation.scripts.TC_AdilQadri_Test_Cases" time="134.709" errors="0" timestamp="2024-03-09T17:03:37 IST" skipped="0">
  <testcase classname="com.kwikpass.automation.scripts.TC_AdilQadri_Test_Cases" name="Verify_AdilQadri_Kwikpass_login_Done_Gokwik_login_should_happen" time="28.756"/>
  <testcase classname="com.kwikpass.automation.scripts.TC_AdilQadri_Test_Cases" name="Verify_AdilQadri_KwikPass_login_modal_verification" time="6.485"/>
  <testcase classname="com.kwikpass.automation.scripts.TC_AdilQadri_Test_Cases" name="Verify_AdilQadri_Shopify_login_and_session_creation_after_Kwikpass_login" time="26.857"/>
  <testcase classname="com.kwikpass.automation.scripts.TC_AdilQadri_Test_Cases" name="Verify_AdilQadri_KwikPass_Login_modal_Verfication_at_accountpage" time="6.540"/>
  <testcase classname="com.kwikpass.automation.scripts.TC_AdilQadri_Test_Cases" name="Verify_AdilQadri_Kwikpass_login_Done_Redirect_to_accountpage" time="29.612"/>
  <testcase classname="com.kwikpass.automation.scripts.TC_AdilQadri_Test_Cases" name="Verify_AdilQadri_KwikPass_Login_at_accountpage" time="16.695"/>
  <testcase classname="com.kwikpass.automation.scripts.TC_AdilQadri_Test_Cases" name="Verify_AdilQadri_Kwikpass_login_using_OTP_Via_SMS" time="16.343"/>
  <testcase classname="com.kwikpass.automation.scripts.TC_AdilQadri_Test_Cases" name="Verify_AdilQadri_KwikPass_login_icon_Visibilty" time="3.421"/>
</testsuite> <!-- com.kwikpass.automation.scripts.TC_AdilQadri_Test_Cases -->
