<?xml version="1.0" encoding="UTF-8"?>
<!-- Generated by org.testng.reporters.JUnitReportReporter -->
<testsuite hostname="DESKTOP-26KO353" failures="0" tests="1" name="com.kwikpass.dailycheck.All_Live_Merchant_Shopify_login_and_session_creation_after_Kwikpass_login_daily_check" time="35.948" errors="0" timestamp="2024-03-29T11:17:19 IST" skipped="0">
  <testcase classname="com.kwikpass.dailycheck.All_Live_Merchant_Shopify_login_and_session_creation_after_Kwikpass_login_daily_check" name="Verify_mCaffeine_Shopify_Login_and_session_creation_Ater_Kwikpass_Login" time="35.948"/>
</testsuite> <!-- com.kwikpass.dailycheck.All_Live_Merchant_Shopify_login_and_session_creation_after_Kwikpass_login_daily_check -->
