<?xml version="1.0" encoding="UTF-8"?>
<!-- Generated by org.testng.reporters.JUnitReportReporter -->
<testsuite hostname="DESKTOP-I2540TH" failures="0" tests="7" name="com.kwikpass.automation.scripts.TC_Dot_And_key_Test_Cases" time="134.032" errors="0" timestamp="2024-03-07T19:11:32 IST" skipped="0">
  <testcase classname="com.kwikpass.automation.scripts.TC_Dot_And_key_Test_Cases" name="Verify_Dot_And_Key_KwikPass_Login_modal_Verfication" time="9.149"/>
  <testcase classname="com.kwikpass.automation.scripts.TC_Dot_And_key_Test_Cases" name="Verify_Dot_And_Key_Kwikpass_login_Done_Redirect_to_accountpage" time="37.824"/>
  <testcase classname="com.kwikpass.automation.scripts.TC_Dot_And_key_Test_Cases" name="Verify_Dot_And_Key_KwikPass_icon_visibility" time="6.890"/>
  <testcase classname="com.kwikpass.automation.scripts.TC_Dot_And_key_Test_Cases" name="Verify_Dot_And_Key_Shopify_login_and_session_creation_after_Kwikpass_login_from_Login_Modal" time="28.990"/>
  <testcase classname="com.kwikpass.automation.scripts.TC_Dot_And_key_Test_Cases" name="Verify_Dot_And_Key_Kwikpass_login_from_Login_Modal_using_OTP_Via_SMS" time="22.009"/>
  <testcase classname="com.kwikpass.automation.scripts.TC_Dot_And_key_Test_Cases" name="Verify_Dot_And_Key_KwikPass_Login_at_accountpage" time="20.008"/>
  <testcase classname="com.kwikpass.automation.scripts.TC_Dot_And_key_Test_Cases" name="Verify_Dot_And_Key_KwikPass_Login_modal_Verfication_at_accountpage" time="9.162"/>
</testsuite> <!-- com.kwikpass.automation.scripts.TC_Dot_And_key_Test_Cases -->
