<?xml version="1.0" encoding="UTF-8"?>
<!-- Generated by org.testng.reporters.JUnitReportReporter -->
<testsuite hostname="DESKTOP-I2540TH" failures="0" tests="7" name="com.kwikpass.automation.scripts.TC_Clensta_Test_Cases" time="129.383" errors="0" timestamp="2024-03-09T17:03:37 IST" skipped="0">
  <testcase classname="com.kwikpass.automation.scripts.TC_Clensta_Test_Cases" name="Verify_Clensta_KwikPass_login_icon_Visibilty" time="4.952"/>
  <testcase classname="com.kwikpass.automation.scripts.TC_Clensta_Test_Cases" name="Verify_Clensta_KwikPass_Login_modal_Verfication_at_accountpage" time="8.014"/>
  <testcase classname="com.kwikpass.automation.scripts.TC_Clensta_Test_Cases" name="Verify_Clensta_KwikPass_Login_at_accountpage" time="18.533"/>
  <testcase classname="com.kwikpass.automation.scripts.TC_Clensta_Test_Cases" name="Verify_Clensta_Kwikpass_login_Done_Redirect_to_accountpage" time="41.992"/>
  <testcase classname="com.kwikpass.automation.scripts.TC_Clensta_Test_Cases" name="Verify_Clensta_Shopify_login_and_session_creation_after_Kwikpass_login" time="29.042"/>
  <testcase classname="com.kwikpass.automation.scripts.TC_Clensta_Test_Cases" name="Verify_Clensta_Kwikpass_login_using_OTP_Via_SMS" time="18.699"/>
  <testcase classname="com.kwikpass.automation.scripts.TC_Clensta_Test_Cases" name="Verify_Clensta_KwikPass_login_modal_verification" time="8.151"/>
</testsuite> <!-- com.kwikpass.automation.scripts.TC_Clensta_Test_Cases -->
