<?xml version="1.0" encoding="UTF-8"?>
<!-- Generated by org.testng.reporters.JUnitReportReporter -->
<testsuite hostname="DESKTOP-I2540TH" failures="0" tests="8" name="com.kwikpass.automation.scripts.TC_Nurserylive_Pune_Test_Cases" time="159.708" errors="0" timestamp="2024-03-09T17:03:37 IST" skipped="0">
  <testcase classname="com.kwikpass.automation.scripts.TC_Nurserylive_Pune_Test_Cases" name="Verify_Nurserylive_Pune_KwikPass_login_modal_verification_from_accountpage" time="12.553"/>
  <testcase classname="com.kwikpass.automation.scripts.TC_Nurserylive_Pune_Test_Cases" name="Verify_Nurserylive_Pune_Kwikpass_login_using_OTP_Via_SMS_from_accountpage" time="20.731"/>
  <testcase classname="com.kwikpass.automation.scripts.TC_Nurserylive_Pune_Test_Cases" name="Verify_Nurserylive_Pune_KwikPass_login_modal_verification" time="8.276"/>
  <testcase classname="com.kwikpass.automation.scripts.TC_Nurserylive_Pune_Test_Cases" name="Verify_Nurserylive_Pune_Shopify_login_and_session_creation_after_Kwikpass_login" time="28.633"/>
  <testcase classname="com.kwikpass.automation.scripts.TC_Nurserylive_Pune_Test_Cases" name="Verify_Nurserylive_Pune_Kwikpass_login_using_OTP_Via_SMS_from_Rewards" time="33.541"/>
  <testcase classname="com.kwikpass.automation.scripts.TC_Nurserylive_Pune_Test_Cases" name="Verify_Nurserylive_Pune_Kwikpass_login_Done_Redirect_to_accountpage" time="32.049"/>
  <testcase classname="com.kwikpass.automation.scripts.TC_Nurserylive_Pune_Test_Cases" name="Verify_Nurserylive_Pune_KwikPass_login_icon_Visibilty" time="5.204"/>
  <testcase classname="com.kwikpass.automation.scripts.TC_Nurserylive_Pune_Test_Cases" name="Verify_Nurserylive_Pune_Kwikpass_login_using_OTP_Via_SMS" time="18.721"/>
</testsuite> <!-- com.kwikpass.automation.scripts.TC_Nurserylive_Pune_Test_Cases -->
