<?xml version="1.0" encoding="UTF-8"?>
<!-- Generated by org.testng.reporters.JUnitReportReporter -->
<testsuite hostname="DESKTOP-26KO353" failures="0" tests="8" name="com.kwikpass.automation.scripts.TC_Fabcurate_Test_Cases" time="236.892" errors="0" timestamp="2024-05-09T10:52:20 IST" skipped="0">
  <testcase classname="com.kwikpass.automation.scripts.TC_Fabcurate_Test_Cases" name="Verify_Fabcurate_KwikPass_Login_modal_Verfication_at_accountpage" time="15.693"/>
  <testcase classname="com.kwikpass.automation.scripts.TC_Fabcurate_Test_Cases" name="Verify_Fabcurate_Shopify_login_and_session_creation_after_Kwikpass_login" time="40.764"/>
  <testcase classname="com.kwikpass.automation.scripts.TC_Fabcurate_Test_Cases" name="Verify_Fabcurate_Kwikpass_login_Done_Gokwik_login_should_happen" time="46.464"/>
  <testcase classname="com.kwikpass.automation.scripts.TC_Fabcurate_Test_Cases" name="Verify_Fabcurate_KwikPass_login_icon_Visibilty" time="13.479"/>
  <testcase classname="com.kwikpass.automation.scripts.TC_Fabcurate_Test_Cases" name="Verify_Fabcurate_KwikPass_login_modal_verification" time="18.060"/>
  <testcase classname="com.kwikpass.automation.scripts.TC_Fabcurate_Test_Cases" name="Verify_Fabcurate_Kwikpass_login_using_OTP_Via_SMS" time="28.458"/>
  <testcase classname="com.kwikpass.automation.scripts.TC_Fabcurate_Test_Cases" name="Verify_Fabcurate_Kwikpass_login_Done_Redirect_to_accountpage" time="44.932"/>
  <testcase classname="com.kwikpass.automation.scripts.TC_Fabcurate_Test_Cases" name="Verify_Fabcurate_KwikPass_Login_at_accountpage" time="29.042"/>
</testsuite> <!-- com.kwikpass.automation.scripts.TC_Fabcurate_Test_Cases -->
