<?xml version="1.0" encoding="UTF-8"?>
<!-- Generated by org.testng.reporters.JUnitReportReporter -->
<testsuite hostname="DESKTOP-I2540TH" failures="0" tests="8" name="com.kwikpass.automation.scripts.TC_Includ_Test_Cases" time="166.865" errors="0" timestamp="2024-03-08T13:30:12 IST" skipped="0">
  <testcase classname="com.kwikpass.automation.scripts.TC_Includ_Test_Cases" name="Verify_Includ_KwikPass_login_icon_Visibilty" time="7.389"/>
  <testcase classname="com.kwikpass.automation.scripts.TC_Includ_Test_Cases" name="Verify_Includ_Kwikpass_login_Done_Gokwik_login_should_happen" time="32.168"/>
  <testcase classname="com.kwikpass.automation.scripts.TC_Includ_Test_Cases" name="Verify_Includ_Kwikpass_login_using_OTP_Via_SMS" time="19.394"/>
  <testcase classname="com.kwikpass.automation.scripts.TC_Includ_Test_Cases" name="Verify_Includ_KwikPass_login_modal_verification" time="9.999"/>
  <testcase classname="com.kwikpass.automation.scripts.TC_Includ_Test_Cases" name="Verify_Includ_Kwikpass_login_Done_Redirect_to_accountpage" time="37.490"/>
  <testcase classname="com.kwikpass.automation.scripts.TC_Includ_Test_Cases" name="Verify_Includ_Shopify_login_and_session_creation_after_Kwikpass_login" time="29.658"/>
  <testcase classname="com.kwikpass.automation.scripts.TC_Includ_Test_Cases" name="Verify_Includ_KwikPass_Login_modal_Verfication_at_accountpage" time="10.375"/>
  <testcase classname="com.kwikpass.automation.scripts.TC_Includ_Test_Cases" name="Verify_Includ_KwikPass_Login_at_accountpage" time="20.392"/>
</testsuite> <!-- com.kwikpass.automation.scripts.TC_Includ_Test_Cases -->
