<?xml version="1.0" encoding="UTF-8"?>
<!-- Generated by org.testng.reporters.JUnitReportReporter -->
<testsuite hostname="DESKTOP-I2540TH" failures="0" tests="15" name="com.kwikpass.automation.scripts.TC_The_Man_Company_Test_Cases" time="380.011" errors="0" timestamp="2024-03-11T13:51:12 IST" skipped="0">
  <testcase classname="com.kwikpass.automation.scripts.TC_The_Man_Company_Test_Cases" name="Verify_The_Man_Company_KwikPass_Login_modal_Verfication" time="7.583"/>
  <testcase classname="com.kwikpass.automation.scripts.TC_The_Man_Company_Test_Cases" name="Verify_The_Man_Company_Kwikpass_login_from_Login_Modal_using_OTP_Via_SMS" time="17.740"/>
  <testcase classname="com.kwikpass.automation.scripts.TC_The_Man_Company_Test_Cases" name="Verify_The_Man_Company_KwikPass_Login_at_accountpage" time="19.843"/>
  <testcase classname="com.kwikpass.automation.scripts.TC_The_Man_Company_Test_Cases" name="Verify_The_Man_Company_KwikPass_AP_modal_Verfication" time="18.963"/>
  <testcase classname="com.kwikpass.automation.scripts.TC_The_Man_Company_Test_Cases" name="Verify_The_Man_Company_KwikPass_AP_Visiblity_At_Collection_page" time="21.312"/>
  <testcase classname="com.kwikpass.automation.scripts.TC_The_Man_Company_Test_Cases" name="Verify_The_Man_Company_KwikPass_Login_modal_Verfication_at_accountpage" time="9.433"/>
  <testcase classname="com.kwikpass.automation.scripts.TC_The_Man_Company_Test_Cases" name="Verify_The_Man_Company_Shopify_login_and_session_creation_after_Kwikpass_login_from_Login_Modal" time="37.576"/>
  <testcase classname="com.kwikpass.automation.scripts.TC_The_Man_Company_Test_Cases" name="Verify_The_Man_Company_KwikPass_AP_Visiblity_At_Home_page" time="17.353"/>
  <testcase classname="com.kwikpass.automation.scripts.TC_The_Man_Company_Test_Cases" name="Verify_The_Man_Company_KwikPass_AP_Visiblity_At_PDP_page" time="18.670"/>
  <testcase classname="com.kwikpass.automation.scripts.TC_The_Man_Company_Test_Cases" name="Verify_The_Man_Company_Kwikpass_login_from_AP_Done_Gokwik_login_should_happen" time="50.841"/>
  <testcase classname="com.kwikpass.automation.scripts.TC_The_Man_Company_Test_Cases" name="Verify_The_Man_Company_Kwikpass_login_from_AP_using_OTP_Via_SMS" time="27.283"/>
  <testcase classname="com.kwikpass.automation.scripts.TC_The_Man_Company_Test_Cases" name="Verify_The_Man_Company_Shopify_login_and_session_creation_after_Kwikpass_login_from_AP" time="47.414"/>
  <testcase classname="com.kwikpass.automation.scripts.TC_The_Man_Company_Test_Cases" name="Verify_The_Man_Company_KwikPass_icon_visibility" time="5.076"/>
  <testcase classname="com.kwikpass.automation.scripts.TC_The_Man_Company_Test_Cases" name="Verify_The_Man_Company_Kwikpass_login_Done_Redirect_to_accountpage" time="42.534"/>
  <testcase classname="com.kwikpass.automation.scripts.TC_The_Man_Company_Test_Cases" name="Verify_The_Man_Company_Kwikpass_login_from_Login_Modal_Done_Gokwik_login_should_happen" time="38.390"/>
</testsuite> <!-- com.kwikpass.automation.scripts.TC_The_Man_Company_Test_Cases -->
