<?xml version="1.0" encoding="UTF-8"?>
<!-- Generated by org.testng.reporters.JUnitReportReporter -->
<testsuite hostname="DESKTOP-I2540TH" failures="0" tests="3" name="com.kwikpass.automation.scripts.TC_Soul_Flower_Test_Cases" time="36.789" errors="0" timestamp="2024-03-09T17:03:37 IST" skipped="0">
  <testcase classname="com.kwikpass.automation.scripts.TC_Soul_Flower_Test_Cases" name="Verify_Soul_Flower_KwikPass_Login_at_accountpage" time="20.628"/>
  <testcase classname="com.kwikpass.automation.scripts.TC_Soul_Flower_Test_Cases" name="Verify_Soul_Flower_KwikPass_login_icon_Visibilty" time="5.658"/>
  <testcase classname="com.kwikpass.automation.scripts.TC_Soul_Flower_Test_Cases" name="Verify_Soul_Flower_KwikPass_Login_modal_Verfication_at_accountpage" time="10.503"/>
</testsuite> <!-- com.kwikpass.automation.scripts.TC_Soul_Flower_Test_Cases -->
