<?xml version="1.0" encoding="UTF-8"?>
<!-- Generated by org.testng.reporters.JUnitReportReporter -->
<testsuite hostname="DESKTOP-I2540TH" failures="0" tests="6" name="com.kwikpass.automation.scripts.TC_Levis_Test_Cases" time="112.801" errors="0" timestamp="2024-03-08T13:50:48 IST" skipped="0">
  <testcase classname="com.kwikpass.automation.scripts.TC_Levis_Test_Cases" name="Verify_Levis_KwikPass_login_modal_verification" time="7.343"/>
  <testcase classname="com.kwikpass.automation.scripts.TC_Levis_Test_Cases" name="Verify_Levis_KwikPass_Login_at_accountpage" time="18.686"/>
  <testcase classname="com.kwikpass.automation.scripts.TC_Levis_Test_Cases" name="Verify_Levis_Kwikpass_login_using_OTP_Via_SMS" time="17.873"/>
  <testcase classname="com.kwikpass.automation.scripts.TC_Levis_Test_Cases" name="Verify_Levis_Kwikpass_login_Done_Redirect_to_accountpage" time="30.245"/>
  <testcase classname="com.kwikpass.automation.scripts.TC_Levis_Test_Cases" name="Verify_Levis_Shopify_login_and_session_creation_after_Kwikpass_login" time="30.520"/>
  <testcase classname="com.kwikpass.automation.scripts.TC_Levis_Test_Cases" name="Verify_Levis_KwikPass_Login_modal_Verfication_at_accountpage" time="8.134"/>
</testsuite> <!-- com.kwikpass.automation.scripts.TC_Levis_Test_Cases -->
