<?xml version="1.0" encoding="UTF-8"?>
<!-- Generated by org.testng.reporters.JUnitReportReporter -->
<testsuite hostname="DESKTOP-26KO353" failures="0" tests="15" name="com.kwikpass.automation.scripts.TC_SilverTraq_Test_Cases" time="469.138" errors="0" timestamp="2024-05-06T12:22:49 IST" skipped="0">
  <testcase classname="com.kwikpass.automation.scripts.TC_SilverTraq_Test_Cases" name="Verify_SilverTraq_KwikPass_Login_at_accountpage" time="24.000"/>
  <testcase classname="com.kwikpass.automation.scripts.TC_SilverTraq_Test_Cases" name="Verify_Silvertraq_KwikPass_AP_Visiblity_At_Home_page" time="21.458"/>
  <testcase classname="com.kwikpass.automation.scripts.TC_SilverTraq_Test_Cases" name="Verify_Silvertraq_Kwikpass_login_from_AP_using_OTP_Via_SMS" time="43.831"/>
  <testcase classname="com.kwikpass.automation.scripts.TC_SilverTraq_Test_Cases" name="Verify_Silvertraq_KwikPass_AP_Visiblity_At_Collection_page" time="25.792"/>
  <testcase classname="com.kwikpass.automation.scripts.TC_SilverTraq_Test_Cases" name="Verify_Silvertraq_KwikPass_AP_modal_Verfication" time="36.712"/>
  <testcase classname="com.kwikpass.automation.scripts.TC_SilverTraq_Test_Cases" name="Verify_Silvertraq_KwikPass_Login_modal_Verfication" time="11.866"/>
  <testcase classname="com.kwikpass.automation.scripts.TC_SilverTraq_Test_Cases" name="Verify_Silvertraq_Kwikpass_login_from_AP_Done_Gokwik_login_should_happen" time="58.829"/>
  <testcase classname="com.kwikpass.automation.scripts.TC_SilverTraq_Test_Cases" name="Verify_Silvertraq_KwikPass_AP_Visiblity_At_PDP_page" time="27.505"/>
  <testcase classname="com.kwikpass.automation.scripts.TC_SilverTraq_Test_Cases" name="Verify_Silvertraq_Shopify_login_and_session_creation_after_Kwikpass_login_from_Login_Modal" time="35.093"/>
  <testcase classname="com.kwikpass.automation.scripts.TC_SilverTraq_Test_Cases" name="Verify_Silvertraq_Kwikpass_login_from_Login_Modal_using_OTP_Via_SMS" time="25.352"/>
  <testcase classname="com.kwikpass.automation.scripts.TC_SilverTraq_Test_Cases" name="Verify_SilverTraq_Kwikpass_login_Done_Redirect_to_accountpage" time="42.535"/>
  <testcase classname="com.kwikpass.automation.scripts.TC_SilverTraq_Test_Cases" name="Verify_Silvertraq_Kwikpass_login_from_Login_Modal_Done_Gokwik_login_should_happen" time="36.735"/>
  <testcase classname="com.kwikpass.automation.scripts.TC_SilverTraq_Test_Cases" name="Verify_Silvertraq_KwikPass_icon_visibility" time="8.071"/>
  <testcase classname="com.kwikpass.automation.scripts.TC_SilverTraq_Test_Cases" name="Verify_Silvertraq_Shopify_login_and_session_creation_after_Kwikpass_login_from_AP" time="58.275"/>
  <testcase classname="com.kwikpass.automation.scripts.TC_SilverTraq_Test_Cases" name="Verify_SilverTraq_KwikPass_Login_modal_Verfication_at_accountpage" time="13.084"/>
</testsuite> <!-- com.kwikpass.automation.scripts.TC_SilverTraq_Test_Cases -->
