<?xml version="1.0" encoding="UTF-8"?>
<!-- Generated by org.testng.reporters.JUnitReportReporter -->
<testsuite hostname="DESKTOP-I2540TH" failures="0" tests="15" name="com.kwikpass.automation.scripts.TC_Heelium_Test_Cases" time="295.692" errors="0" timestamp="2024-03-08T12:22:33 IST" skipped="0">
  <testcase classname="com.kwikpass.automation.scripts.TC_Heelium_Test_Cases" name="Verify_Heelium_KwikPass_AP_Visiblity_At_Home_page" time="15.858"/>
  <testcase classname="com.kwikpass.automation.scripts.TC_Heelium_Test_Cases" name="Verify_Heelium_KwikPass_Login_at_accountpage" time="15.931"/>
  <testcase classname="com.kwikpass.automation.scripts.TC_Heelium_Test_Cases" name="Verify_Heelium_Kwikpass_login_from_Login_Modal_using_OTP_Via_SMS" time="16.008"/>
  <testcase classname="com.kwikpass.automation.scripts.TC_Heelium_Test_Cases" name="Verify_Heelium_KwikPass_AP_modal_Verfication" time="16.327"/>
  <testcase classname="com.kwikpass.automation.scripts.TC_Heelium_Test_Cases" name="Verify_Heelium_Shopify_login_and_session_creation_after_Kwikpass_login_from_Login_Modal" time="25.983"/>
  <testcase classname="com.kwikpass.automation.scripts.TC_Heelium_Test_Cases" name="Verify_Heelium_Kwikpass_login_Done_Redirect_to_accountpage" time="27.221"/>
  <testcase classname="com.kwikpass.automation.scripts.TC_Heelium_Test_Cases" name="Verify_Heelium_KwikPass_Login_modal_Verfication" time="5.906"/>
  <testcase classname="com.kwikpass.automation.scripts.TC_Heelium_Test_Cases" name="Verify_Heelium_Kwikpass_login_from_Login_Modal_Done_Gokwik_login_should_happen" time="28.200"/>
  <testcase classname="com.kwikpass.automation.scripts.TC_Heelium_Test_Cases" name="Verify_Heelium_Kwikpass_login_from_AP_using_OTP_Via_SMS" time="25.922"/>
  <testcase classname="com.kwikpass.automation.scripts.TC_Heelium_Test_Cases" name="Verify_Heelium_KwikPass_Login_modal_Verfication_at_accountpage" time="5.794"/>
  <testcase classname="com.kwikpass.automation.scripts.TC_Heelium_Test_Cases" name="Verify_Heelium_KwikPass_AP_Visiblity_At_Collection_page" time="17.332"/>
  <testcase classname="com.kwikpass.automation.scripts.TC_Heelium_Test_Cases" name="Verify_Heelium_KwikPass_AP_Visiblity_At_PDP_page" time="16.731"/>
  <testcase classname="com.kwikpass.automation.scripts.TC_Heelium_Test_Cases" name="Verify_Heelium_KwikPass_icon_visibility" time="2.662"/>
  <testcase classname="com.kwikpass.automation.scripts.TC_Heelium_Test_Cases" name="Verify_Heelium_Kwikpass_login_from_AP_Done_Gokwik_login_should_happen" time="39.439"/>
  <testcase classname="com.kwikpass.automation.scripts.TC_Heelium_Test_Cases" name="Verify_Heelium_Shopify_login_and_session_creation_after_Kwikpass_login_from_AP" time="36.378"/>
</testsuite> <!-- com.kwikpass.automation.scripts.TC_Heelium_Test_Cases -->
