<?xml version="1.0" encoding="UTF-8"?>
<!-- Generated by org.testng.reporters.JUnitReportReporter -->
<testsuite hostname="DESKTOP-I2540TH" failures="0" tests="8" name="com.kwikpass.automation.scripts.TC_Bersache_Test_Cases" time="151.046" errors="0" timestamp="2024-03-07T16:07:08 IST" skipped="0">
  <testcase classname="com.kwikpass.automation.scripts.TC_Bersache_Test_Cases" name="Verify_Bersache_Shopify_login_and_session_creation_after_Kwikpass_login" time="28.398"/>
  <testcase classname="com.kwikpass.automation.scripts.TC_Bersache_Test_Cases" name="Verify_Bersache_Kwikpass_login_using_OTP_Via_SMS" time="17.721"/>
  <testcase classname="com.kwikpass.automation.scripts.TC_Bersache_Test_Cases" name="Verify_Bersache_KwikPass_login_modal_verification" time="7.119"/>
  <testcase classname="com.kwikpass.automation.scripts.TC_Bersache_Test_Cases" name="Verify_Bersache_KwikPass_Login_at_accountpage" time="18.198"/>
  <testcase classname="com.kwikpass.automation.scripts.TC_Bersache_Test_Cases" name="Verify_Bersache_Kwikpass_login_Done_Gokwik_login_should_happen" time="36.796"/>
  <testcase classname="com.kwikpass.automation.scripts.TC_Bersache_Test_Cases" name="Verify_Bersache_KwikPass_login_icon_Visibilty" time="4.203"/>
  <testcase classname="com.kwikpass.automation.scripts.TC_Bersache_Test_Cases" name="Verify_Bersache_Kwikpass_login_Done_Redirect_to_accountpage" time="31.062"/>
  <testcase classname="com.kwikpass.automation.scripts.TC_Bersache_Test_Cases" name="Verify_Bersache_KwikPass_Login_modal_Verfication_at_accountpage" time="7.549"/>
</testsuite> <!-- com.kwikpass.automation.scripts.TC_Bersache_Test_Cases -->
