<?xml version="1.0" encoding="UTF-8"?>
<!-- Generated by org.testng.reporters.JUnitReportReporter -->
<testsuite hostname="DESKTOP-I2540TH" failures="0" tests="8" name="com.kwikpass.automation.scripts.TC_SafariBags_Test_Cases" time="159.519" errors="0" timestamp="2024-03-08T18:50:55 IST" skipped="0">
  <testcase classname="com.kwikpass.automation.scripts.TC_SafariBags_Test_Cases" name="Verify_SafariBags_Kwikpass_login_using_OTP_Via_SMS" time="20.984"/>
  <testcase classname="com.kwikpass.automation.scripts.TC_SafariBags_Test_Cases" name="Verify_SafariBags_Shopify_login_and_session_creation_after_Kwikpass_login" time="31.647"/>
  <testcase classname="com.kwikpass.automation.scripts.TC_SafariBags_Test_Cases" name="Verify_SafariBags_KwikPass_Login_modal_Verfication_at_accountpage" time="6.896"/>
  <testcase classname="com.kwikpass.automation.scripts.TC_SafariBags_Test_Cases" name="Verify_SafariBags_Kwikpass_login_Done_Gokwik_login_should_happen" time="33.736"/>
  <testcase classname="com.kwikpass.automation.scripts.TC_SafariBags_Test_Cases" name="Verify_SafariBags_KwikPass_login_icon_Visibilty" time="6.710"/>
  <testcase classname="com.kwikpass.automation.scripts.TC_SafariBags_Test_Cases" name="Verify_SafariBags_Kwikpass_login_Done_Redirect_to_accountpage" time="32.910"/>
  <testcase classname="com.kwikpass.automation.scripts.TC_SafariBags_Test_Cases" name="Verify_SafariBags_KwikPass_login_modal_verification" time="9.630"/>
  <testcase classname="com.kwikpass.automation.scripts.TC_SafariBags_Test_Cases" name="Verify_SafariBags_KwikPass_Login_at_accountpage" time="17.006"/>
</testsuite> <!-- com.kwikpass.automation.scripts.TC_SafariBags_Test_Cases -->
