<?xml version="1.0" encoding="UTF-8"?>
<!-- Generated by org.testng.reporters.JUnitReportReporter -->
<testsuite hostname="DESKTOP-26KO353" failures="0" tests="8" name="com.kwikpass.automation.scripts.TC_TheNatural_Wash_Test_Cases" time="177.569" errors="0" timestamp="2024-04-09T13:11:47 IST" skipped="0">
  <testcase classname="com.kwikpass.automation.scripts.TC_TheNatural_Wash_Test_Cases" name="Verify_TheNatural_Wash_Kwikpass_login_Done_Redirect_to_accountpage" time="38.787"/>
  <testcase classname="com.kwikpass.automation.scripts.TC_TheNatural_Wash_Test_Cases" name="Verify_TheNatural_Wash_Kwikpass_login_using_OTP_Via_SMS" time="20.175"/>
  <testcase classname="com.kwikpass.automation.scripts.TC_TheNatural_Wash_Test_Cases" name="Verify_TheNatural_Wash_KwikPass_login_icon_Visibilty" time="6.735"/>
  <testcase classname="com.kwikpass.automation.scripts.TC_TheNatural_Wash_Test_Cases" name="Verify_TheNatural_Wash_KwikPass_Login_at_accountpage" time="18.997"/>
  <testcase classname="com.kwikpass.automation.scripts.TC_TheNatural_Wash_Test_Cases" name="Verify_TheNatural_Wash_KwikPass_login_modal_verification" time="9.961"/>
  <testcase classname="com.kwikpass.automation.scripts.TC_TheNatural_Wash_Test_Cases" name="Verify_TheNatural_Wash_Kwikpass_login_Done_Gokwik_login_should_happen" time="43.833"/>
  <testcase classname="com.kwikpass.automation.scripts.TC_TheNatural_Wash_Test_Cases" name="Verify_TheNatural_Wash_KwikPass_Login_modal_Verfication_at_accountpage" time="7.907"/>
  <testcase classname="com.kwikpass.automation.scripts.TC_TheNatural_Wash_Test_Cases" name="Verify_TheNatural_Wash_Shopify_login_and_session_creation_after_Kwikpass_login" time="31.174"/>
</testsuite> <!-- com.kwikpass.automation.scripts.TC_TheNatural_Wash_Test_Cases -->
