<?xml version="1.0" encoding="UTF-8"?>
<!-- Generated by org.testng.reporters.JUnitReportReporter -->
<testsuite hostname="DESKTOP-I2540TH" failures="0" tests="17" name="com.kwikpass.automation.scripts.TC_Hause_And_Kinder_Test_Cases" time="409.378" errors="0" timestamp="2024-03-09T17:03:37 IST" skipped="0">
  <testcase classname="com.kwikpass.automation.scripts.TC_Hause_And_Kinder_Test_Cases" name="Verify_Hause_And_Kinder_Kwikpass_login_using_OTP_Via_SMS_Done_Rewards_Login_should_happen" time="46.453"/>
  <testcase classname="com.kwikpass.automation.scripts.TC_Hause_And_Kinder_Test_Cases" name="Verify_Hause_And_Kinder_Shopify_login_and_session_creation_after_Kwikpass_login_from_AP" time="38.148"/>
  <testcase classname="com.kwikpass.automation.scripts.TC_Hause_And_Kinder_Test_Cases" name="Verify_Hause_And_Kinder_KwikPass_AP_Visiblity_At_Home_page" time="17.994"/>
  <testcase classname="com.kwikpass.automation.scripts.TC_Hause_And_Kinder_Test_Cases" name="Verify_Hause_And_Kinder_Shopify_login_and_session_creation_after_Kwikpass_login_from_Login_Modal" time="28.550"/>
  <testcase classname="com.kwikpass.automation.scripts.TC_Hause_And_Kinder_Test_Cases" name="Verify_Hause_And_Kinder_Kwikpass_login_from_Login_Modal_using_OTP_Via_SMS" time="19.374"/>
  <testcase classname="com.kwikpass.automation.scripts.TC_Hause_And_Kinder_Test_Cases" name="Verify_Hause_And_Kinder_KwikPass_AP_Visiblity_At_PDP_page" time="21.239"/>
  <testcase classname="com.kwikpass.automation.scripts.TC_Hause_And_Kinder_Test_Cases" name="Verify_Hause_And_Kinder_KwikPass_icon_visibility" time="5.416"/>
  <testcase classname="com.kwikpass.automation.scripts.TC_Hause_And_Kinder_Test_Cases" name="Verify_Hause_And_Kinder_KwikPass_Login_modal_Verfication_at_accountpage" time="6.577"/>
  <testcase classname="com.kwikpass.automation.scripts.TC_Hause_And_Kinder_Test_Cases" name="Verify_Hause_And_Kinder_KwikPass_Login_at_accountpage" time="17.544"/>
  <testcase classname="com.kwikpass.automation.scripts.TC_Hause_And_Kinder_Test_Cases" name="Verify_Hause_And_Kinder_Kwikpass_login_Done_Redirect_to_accountpage" time="29.390"/>
  <testcase classname="com.kwikpass.automation.scripts.TC_Hause_And_Kinder_Test_Cases" name="Verify_Hause_And_Kinder_KwikPass_AP_Visiblity_At_Collection_page" time="20.708"/>
  <testcase classname="com.kwikpass.automation.scripts.TC_Hause_And_Kinder_Test_Cases" name="Verify_Hause_And_Kinder_Kwikpass_login_using_OTP_Via_SMS_from_Rewards" time="36.313"/>
  <testcase classname="com.kwikpass.automation.scripts.TC_Hause_And_Kinder_Test_Cases" name="Verify_Hause_And_Kinder_Kwikpass_login_from_Login_Modal_Done_Gokwik_login_should_happen" time="28.783"/>
  <testcase classname="com.kwikpass.automation.scripts.TC_Hause_And_Kinder_Test_Cases" name="Verify_Hause_And_Kinder_Kwikpass_login_from_AP_using_OTP_Via_SMS" time="28.791"/>
  <testcase classname="com.kwikpass.automation.scripts.TC_Hause_And_Kinder_Test_Cases" name="Verify_Hause_And_Kinder_KwikPass_Login_modal_Verfication" time="7.864"/>
  <testcase classname="com.kwikpass.automation.scripts.TC_Hause_And_Kinder_Test_Cases" name="Verify_Hause_And_Kinder_Kwikpass_login_from_AP_Done_Gokwik_login_should_happen" time="38.920"/>
  <testcase classname="com.kwikpass.automation.scripts.TC_Hause_And_Kinder_Test_Cases" name="Verify_Hause_And_Kinder_KwikPass_AP_modal_Verfication" time="17.314"/>
</testsuite> <!-- com.kwikpass.automation.scripts.TC_Hause_And_Kinder_Test_Cases -->
