<?xml version="1.0" encoding="UTF-8"?>
<!-- Generated by org.testng.reporters.JUnitReportReporter -->
<testsuite hostname="DESKTOP-26KO353" failures="0" tests="8" name="com.kwikpass.automation.scripts.TC_Extrokids_Test_Cases" time="150.775" errors="0" timestamp="2024-04-26T10:39:16 IST" skipped="0">
  <testcase classname="com.kwikpass.automation.scripts.TC_Extrokids_Test_Cases" name="Verify_Extrokids_Kwikpass_login_Done_Redirect_to_accountpage" time="29.451"/>
  <testcase classname="com.kwikpass.automation.scripts.TC_Extrokids_Test_Cases" name="Verify_Extrokids_KwikPass_Login_at_accountpage" time="19.053"/>
  <testcase classname="com.kwikpass.automation.scripts.TC_Extrokids_Test_Cases" name="Verify_Extrokids_KwikPass_login_icon_Visibilty" time="4.896"/>
  <testcase classname="com.kwikpass.automation.scripts.TC_Extrokids_Test_Cases" name="Verify_Extrokids_KwikPass_login_modal_verification" time="7.396"/>
  <testcase classname="com.kwikpass.automation.scripts.TC_Extrokids_Test_Cases" name="Verify_Extrokids_Kwikpass_login_using_OTP_Via_SMS" time="17.709"/>
  <testcase classname="com.kwikpass.automation.scripts.TC_Extrokids_Test_Cases" name="Verify_Extrokids_KwikPass_Login_modal_Verfication_at_accountpage" time="8.828"/>
  <testcase classname="com.kwikpass.automation.scripts.TC_Extrokids_Test_Cases" name="Verify_Extrokids_Shopify_login_and_session_creation_after_Kwikpass_login" time="28.555"/>
  <testcase classname="com.kwikpass.automation.scripts.TC_Extrokids_Test_Cases" name="Verify_Extrokids_Kwikpass_login_Done_Gokwik_login_should_happen" time="34.887"/>
</testsuite> <!-- com.kwikpass.automation.scripts.TC_Extrokids_Test_Cases -->
