<?xml version="1.0" encoding="UTF-8"?>
<!-- Generated by org.testng.reporters.JUnitReportReporter -->
<testsuite hostname="DESKTOP-I2540TH" failures="0" tests="1" name="com.kwikpass.automation.scripts.TC_TrueElements_Test_Cases" time="41.587" errors="0" timestamp="2024-01-25T19:18:17 IST" skipped="0">
  <testcase classname="com.kwikpass.automation.scripts.TC_TrueElements_Test_Cases" name="Verify_TrueElements_Kwikpass_login_Done_Redirect_to_accountpage" time="41.587"/>
</testsuite> <!-- com.kwikpass.automation.scripts.TC_TrueElements_Test_Cases -->
