<?xml version="1.0" encoding="UTF-8"?>
<!-- Generated by org.testng.reporters.JUnitReportReporter -->
<testsuite hostname="DESKTOP-I2540TH" failures="0" tests="15" name="com.kwikpass.automation.scripts.TC_Assembly_Test_Cases" time="342.680" errors="0" timestamp="2024-03-07T16:03:54 IST" skipped="0">
  <testcase classname="com.kwikpass.automation.scripts.TC_Assembly_Test_Cases" name="Verify_Assembly_KwikPass_Login_modal_Verfication" time="8.518"/>
  <testcase classname="com.kwikpass.automation.scripts.TC_Assembly_Test_Cases" name="Verify_Assembly_KwikPass_AP_Visiblity_At_Home_page" time="16.594"/>
  <testcase classname="com.kwikpass.automation.scripts.TC_Assembly_Test_Cases" name="Verify_Assembly_KwikPass_AP_Visiblity_At_Collection_page" time="17.840"/>
  <testcase classname="com.kwikpass.automation.scripts.TC_Assembly_Test_Cases" name="Verify_Assembly_Shopify_login_and_session_creation_after_Kwikpass_login_from_AP" time="42.046"/>
  <testcase classname="com.kwikpass.automation.scripts.TC_Assembly_Test_Cases" name="Verify_Assembly_Shopify_login_and_session_creation_after_Kwikpass_login_from_Login_Modal" time="29.406"/>
  <testcase classname="com.kwikpass.automation.scripts.TC_Assembly_Test_Cases" name="Verify_Assembly_KwikPass_Login_modal_Verfication_at_accountpage" time="6.783"/>
  <testcase classname="com.kwikpass.automation.scripts.TC_Assembly_Test_Cases" name="Verify_Assembly_KwikPass_Login_at_accountpage" time="17.597"/>
  <testcase classname="com.kwikpass.automation.scripts.TC_Assembly_Test_Cases" name="Verify_Assembly_Kwikpass_login_from_Login_Modal_using_OTP_Via_SMS" time="19.723"/>
  <testcase classname="com.kwikpass.automation.scripts.TC_Assembly_Test_Cases" name="Verify_Assembly_KwikPass_AP_Visiblity_At_PDP_page" time="17.718"/>
  <testcase classname="com.kwikpass.automation.scripts.TC_Assembly_Test_Cases" name="Verify_Assembly_KwikPass_AP_modal_Verfication" time="16.861"/>
  <testcase classname="com.kwikpass.automation.scripts.TC_Assembly_Test_Cases" name="Verify_Assembly_Kwikpass_login_from_AP_using_OTP_Via_SMS" time="27.036"/>
  <testcase classname="com.kwikpass.automation.scripts.TC_Assembly_Test_Cases" name="Verify_Assembly_Kwikpass_login_from_Login_Modal_Done_Gokwik_login_should_happen" time="34.924"/>
  <testcase classname="com.kwikpass.automation.scripts.TC_Assembly_Test_Cases" name="Verify_Assembly_KwikPass_icon_visibility" time="5.276"/>
  <testcase classname="com.kwikpass.automation.scripts.TC_Assembly_Test_Cases" name="Verify_Assembly_Kwikpass_login_from_AP_Done_Gokwik_login_should_happen" time="42.573"/>
  <testcase classname="com.kwikpass.automation.scripts.TC_Assembly_Test_Cases" name="Verify_Assembly_Kwikpass_login_Done_Redirect_to_accountpage" time="39.785"/>
</testsuite> <!-- com.kwikpass.automation.scripts.TC_Assembly_Test_Cases -->
