<?xml version="1.0" encoding="UTF-8"?>
<!-- Generated by org.testng.reporters.JUnitReportReporter -->
<testsuite hostname="DESKTOP-I2540TH" failures="0" tests="15" name="com.kwikpass.automation.scripts.TC_HOM_Test_Cases" time="338.047" errors="0" timestamp="2024-03-09T17:03:37 IST" skipped="0">
  <testcase classname="com.kwikpass.automation.scripts.TC_HOM_Test_Cases" name="Verify_HOM_KwikPass_Login_modal_Verfication_at_accountpage" time="7.596"/>
  <testcase classname="com.kwikpass.automation.scripts.TC_HOM_Test_Cases" name="Verify_HOM_KwikPass_AP_Visiblity_At_Collection_page" time="18.592"/>
  <testcase classname="com.kwikpass.automation.scripts.TC_HOM_Test_Cases" name="Verify_HOM_Shopify_login_and_session_creation_after_Kwikpass_login_from_Login_Modal" time="28.053"/>
  <testcase classname="com.kwikpass.automation.scripts.TC_HOM_Test_Cases" name="Verify_HOM_KwikPass_AP_Visiblity_At_PDP_page" time="18.988"/>
  <testcase classname="com.kwikpass.automation.scripts.TC_HOM_Test_Cases" name="Verify_HOM_Shopify_login_and_session_creation_after_Kwikpass_login_from_AP" time="37.270"/>
  <testcase classname="com.kwikpass.automation.scripts.TC_HOM_Test_Cases" name="Verify_HOM_KwikPass_AP_modal_Verfication" time="16.972"/>
  <testcase classname="com.kwikpass.automation.scripts.TC_HOM_Test_Cases" name="Verify_HOM_Kwikpass_login_from_Login_Modal_using_OTP_Via_SMS" time="17.359"/>
  <testcase classname="com.kwikpass.automation.scripts.TC_HOM_Test_Cases" name="Verify_HOM_Kwikpass_login_Done_Redirect_to_accountpage" time="38.449"/>
  <testcase classname="com.kwikpass.automation.scripts.TC_HOM_Test_Cases" name="Verify_HOM_KwikPass_AP_Visiblity_At_Home_page" time="17.193"/>
  <testcase classname="com.kwikpass.automation.scripts.TC_HOM_Test_Cases" name="Verify_HOM_KwikPass_icon_visibility" time="4.167"/>
  <testcase classname="com.kwikpass.automation.scripts.TC_HOM_Test_Cases" name="Verify_HOM_Kwikpass_login_from_AP_Done_Gokwik_login_should_happen" time="45.343"/>
  <testcase classname="com.kwikpass.automation.scripts.TC_HOM_Test_Cases" name="Verify_HOM_KwikPass_Login_modal_Verfication" time="7.329"/>
  <testcase classname="com.kwikpass.automation.scripts.TC_HOM_Test_Cases" name="Verify_HOM_KwikPass_Login_at_accountpage" time="18.132"/>
  <testcase classname="com.kwikpass.automation.scripts.TC_HOM_Test_Cases" name="Verify_HOM_Kwikpass_login_from_Login_Modal_Done_Gokwik_login_should_happen" time="35.324"/>
  <testcase classname="com.kwikpass.automation.scripts.TC_HOM_Test_Cases" name="Verify_HOM_Kwikpass_login_from_AP_using_OTP_Via_SMS" time="27.280"/>
</testsuite> <!-- com.kwikpass.automation.scripts.TC_HOM_Test_Cases -->
