<?xml version="1.0" encoding="UTF-8"?>
<!-- Generated by org.testng.reporters.JUnitReportReporter -->
<testsuite hostname="DESKTOP-26KO353" failures="0" tests="1" name="com.kwikpass.pageObjects.EmailSender_daily_check" time="6.875" errors="0" timestamp="2024-03-20T19:30:45 IST" skipped="0">
  <testcase classname="com.kwikpass.pageObjects.EmailSender_daily_check" name="SendEmail" time="6.875"/>
</testsuite> <!-- com.kwikpass.pageObjects.EmailSender_daily_check -->
