<?xml version="1.0" encoding="UTF-8"?>
<!-- Generated by org.testng.reporters.JUnitReportReporter -->
<testsuite hostname="DESKTOP-I2540TH" failures="0" tests="13" name="com.kwikpass.automation.scripts.TC_Dot_And_key_Test_Cases" time="556.947" errors="0" timestamp="2024-03-09T17:03:37 IST" skipped="0">
  <testcase classname="com.kwikpass.automation.scripts.TC_Dot_And_key_Test_Cases" name="Verify_Dot_And_Key_KwikPass_AP_Visiblity_At_PDP_page" time="68.600"/>
  <testcase classname="com.kwikpass.automation.scripts.TC_Dot_And_key_Test_Cases" name="Verify_Dot_And_Key_Kwikpass_login_Done_Redirect_to_accountpage" time="34.659"/>
  <testcase classname="com.kwikpass.automation.scripts.TC_Dot_And_key_Test_Cases" name="Verify_Dot_And_Key_Kwikpass_login_from_AP_using_OTP_Via_SMS" time="76.125"/>
  <testcase classname="com.kwikpass.automation.scripts.TC_Dot_And_key_Test_Cases" name="Verify_Dot_And_Key_KwikPass_Login_modal_Verfication_at_accountpage" time="8.885"/>
  <testcase classname="com.kwikpass.automation.scripts.TC_Dot_And_key_Test_Cases" name="Verify_Dot_And_Key_KwikPass_AP_Visiblity_At_Home_page" time="64.956"/>
  <testcase classname="com.kwikpass.automation.scripts.TC_Dot_And_key_Test_Cases" name="Verify_Dot_And_Key_Shopify_login_and_session_creation_after_Kwikpass_login_from_Login_Modal" time="29.752"/>
  <testcase classname="com.kwikpass.automation.scripts.TC_Dot_And_key_Test_Cases" name="Verify_Dot_And_Key_KwikPass_AP_modal_Verfication" time="65.997"/>
  <testcase classname="com.kwikpass.automation.scripts.TC_Dot_And_key_Test_Cases" name="Verify_Dot_And_Key_KwikPass_Login_at_accountpage" time="19.153"/>
  <testcase classname="com.kwikpass.automation.scripts.TC_Dot_And_key_Test_Cases" name="Verify_Dot_And_Key_KwikPass_icon_visibility" time="4.910"/>
  <testcase classname="com.kwikpass.automation.scripts.TC_Dot_And_key_Test_Cases" name="Verify_Dot_And_Key_KwikPass_Login_modal_Verfication" time="8.901"/>
  <testcase classname="com.kwikpass.automation.scripts.TC_Dot_And_key_Test_Cases" name="Verify_Dot_And_Key_Shopify_login_and_session_creation_after_Kwikpass_login_from_AP" time="85.447"/>
  <testcase classname="com.kwikpass.automation.scripts.TC_Dot_And_key_Test_Cases" name="Verify_Dot_And_Key_Kwikpass_login_from_Login_Modal_using_OTP_Via_SMS" time="21.755"/>
  <testcase classname="com.kwikpass.automation.scripts.TC_Dot_And_key_Test_Cases" name="Verify_Dot_And_Key_KwikPass_AP_Visiblity_At_Collection_page" time="67.807"/>
</testsuite> <!-- com.kwikpass.automation.scripts.TC_Dot_And_key_Test_Cases -->
