<?xml version="1.0" encoding="UTF-8"?>
<!-- Generated by org.testng.reporters.JUnitReportReporter -->
<testsuite hostname="DESKTOP-26KO353" failures="0" tests="1" name="com.kwikpass.automation.scripts.TC_Puer_Test_Cases" time="44.614" errors="0" timestamp="2024-04-16T17:15:19 IST" skipped="0">
  <testcase classname="com.kwikpass.automation.scripts.TC_Puer_Test_Cases" name="Verify_Puer_Kwikpass_login_from_Login_Modal_Done_Gokwik_login_should_happen" time="44.614"/>
</testsuite> <!-- com.kwikpass.automation.scripts.TC_Puer_Test_Cases -->
