<?xml version="1.0" encoding="UTF-8"?>
<!-- Generated by org.testng.reporters.JUnitReportReporter -->
<testsuite hostname="DESKTOP-26KO353" failures="0" tests="7" name="com.kwikpass.automation.scripts.TC_Unnhattar_Test_Cases" time="124.337" errors="0" timestamp="2024-04-18T17:14:20 IST" skipped="0">
  <testcase classname="com.kwikpass.automation.scripts.TC_Unnhattar_Test_Cases" name="Verify_Unnhattar_Shopify_login_and_session_creation_after_Kwikpass_login" time="31.318"/>
  <testcase classname="com.kwikpass.automation.scripts.TC_Unnhattar_Test_Cases" name="Verify_Unnhattar_KwikPass_Login_at_accountpage" time="18.707"/>
  <testcase classname="com.kwikpass.automation.scripts.TC_Unnhattar_Test_Cases" name="Verify_Unnhattar_KwikPass_login_icon_Visibilty" time="5.081"/>
  <testcase classname="com.kwikpass.automation.scripts.TC_Unnhattar_Test_Cases" name="Verify_Unnhattar_KwikPass_login_modal_verification" time="9.323"/>
  <testcase classname="com.kwikpass.automation.scripts.TC_Unnhattar_Test_Cases" name="Verify_Unnhattar_Kwikpass_login_Done_Redirect_to_accountpage" time="32.271"/>
  <testcase classname="com.kwikpass.automation.scripts.TC_Unnhattar_Test_Cases" name="Verify_Unnhattar_KwikPass_Login_modal_Verfication_at_accountpage" time="9.013"/>
  <testcase classname="com.kwikpass.automation.scripts.TC_Unnhattar_Test_Cases" name="Verify_Unnhattar_Kwikpass_login_using_OTP_Via_SMS" time="18.624"/>
</testsuite> <!-- com.kwikpass.automation.scripts.TC_Unnhattar_Test_Cases -->
