<?xml version="1.0" encoding="UTF-8"?>
<!-- Generated by org.testng.reporters.JUnitReportReporter -->
<testsuite hostname="DESKTOP-26KO353" failures="0" tests="1" name="com.kwikpass.dailycheck.All_Live_Merchant_Shopify_login_and_session_creation_after_Kwikpass_login_daily_check" time="33.561" errors="0" timestamp="2024-04-22T11:44:55 IST" skipped="0">
  <testcase classname="com.kwikpass.dailycheck.All_Live_Merchant_Shopify_login_and_session_creation_after_Kwikpass_login_daily_check" name="Verify_Aachho_Shopify_login_and_session_creation_after_Kwikpass_login" time="33.561"/>
</testsuite> <!-- com.kwikpass.dailycheck.All_Live_Merchant_Shopify_login_and_session_creation_after_Kwikpass_login_daily_check -->
