<?xml version="1.0" encoding="UTF-8"?>
<!-- Generated by org.testng.reporters.JUnitReportReporter -->
<testsuite hostname="DESKTOP-I2540TH" failures="0" tests="1" name="com.kwikpass.automation.scripts.TC_EyeWearLabs_Test_Cases" time="10.936" errors="0" timestamp="2024-01-22T11:32:53 IST" skipped="0">
  <testcase classname="com.kwikpass.automation.scripts.TC_EyeWearLabs_Test_Cases" name="Verify_EyeWearLabs_KwikPass_Login_modal_Verfication_at_accountpage" time="10.936"/>
</testsuite> <!-- com.kwikpass.automation.scripts.TC_EyeWearLabs_Test_Cases -->
