<?xml version="1.0" encoding="UTF-8"?>
<!-- Generated by org.testng.reporters.JUnitReportReporter -->
<testsuite hostname="DESKTOP-I2540TH" failures="0" tests="15" name="com.kwikpass.automation.scripts.TC_Assembly_Test_Cases" time="340.244" errors="0" timestamp="2024-03-09T17:03:37 IST" skipped="0">
  <testcase classname="com.kwikpass.automation.scripts.TC_Assembly_Test_Cases" name="Verify_Assembly_KwikPass_Login_at_accountpage" time="17.335"/>
  <testcase classname="com.kwikpass.automation.scripts.TC_Assembly_Test_Cases" name="Verify_Assembly_Kwikpass_login_Done_Redirect_to_accountpage" time="37.271"/>
  <testcase classname="com.kwikpass.automation.scripts.TC_Assembly_Test_Cases" name="Verify_Assembly_KwikPass_AP_modal_Verfication" time="16.210"/>
  <testcase classname="com.kwikpass.automation.scripts.TC_Assembly_Test_Cases" name="Verify_Assembly_KwikPass_icon_visibility" time="5.381"/>
  <testcase classname="com.kwikpass.automation.scripts.TC_Assembly_Test_Cases" name="Verify_Assembly_KwikPass_AP_Visiblity_At_Collection_page" time="17.950"/>
  <testcase classname="com.kwikpass.automation.scripts.TC_Assembly_Test_Cases" name="Verify_Assembly_Kwikpass_login_from_Login_Modal_using_OTP_Via_SMS" time="19.074"/>
  <testcase classname="com.kwikpass.automation.scripts.TC_Assembly_Test_Cases" name="Verify_Assembly_KwikPass_AP_Visiblity_At_PDP_page" time="18.608"/>
  <testcase classname="com.kwikpass.automation.scripts.TC_Assembly_Test_Cases" name="Verify_Assembly_Kwikpass_login_from_Login_Modal_Done_Gokwik_login_should_happen" time="36.721"/>
  <testcase classname="com.kwikpass.automation.scripts.TC_Assembly_Test_Cases" name="Verify_Assembly_Shopify_login_and_session_creation_after_Kwikpass_login_from_Login_Modal" time="28.925"/>
  <testcase classname="com.kwikpass.automation.scripts.TC_Assembly_Test_Cases" name="Verify_Assembly_KwikPass_Login_modal_Verfication_at_accountpage" time="7.089"/>
  <testcase classname="com.kwikpass.automation.scripts.TC_Assembly_Test_Cases" name="Verify_Assembly_KwikPass_Login_modal_Verfication" time="8.860"/>
  <testcase classname="com.kwikpass.automation.scripts.TC_Assembly_Test_Cases" name="Verify_Assembly_KwikPass_AP_Visiblity_At_Home_page" time="16.355"/>
  <testcase classname="com.kwikpass.automation.scripts.TC_Assembly_Test_Cases" name="Verify_Assembly_Shopify_login_and_session_creation_after_Kwikpass_login_from_AP" time="42.241"/>
  <testcase classname="com.kwikpass.automation.scripts.TC_Assembly_Test_Cases" name="Verify_Assembly_Kwikpass_login_from_AP_using_OTP_Via_SMS" time="26.471"/>
  <testcase classname="com.kwikpass.automation.scripts.TC_Assembly_Test_Cases" name="Verify_Assembly_Kwikpass_login_from_AP_Done_Gokwik_login_should_happen" time="41.753"/>
</testsuite> <!-- com.kwikpass.automation.scripts.TC_Assembly_Test_Cases -->
