<?xml version="1.0" encoding="UTF-8"?>
<!-- Generated by org.testng.reporters.JUnitReportReporter -->
<testsuite hostname="DESKTOP-I2540TH" failures="0" tests="8" name="com.kwikpass.automation.scripts.TC_Includ_Test_Cases" time="156.900" errors="0" timestamp="2024-03-09T17:03:37 IST" skipped="0">
  <testcase classname="com.kwikpass.automation.scripts.TC_Includ_Test_Cases" name="Verify_Includ_KwikPass_login_modal_verification" time="7.901"/>
  <testcase classname="com.kwikpass.automation.scripts.TC_Includ_Test_Cases" name="Verify_Includ_KwikPass_Login_modal_Verfication_at_accountpage" time="8.507"/>
  <testcase classname="com.kwikpass.automation.scripts.TC_Includ_Test_Cases" name="Verify_Includ_KwikPass_Login_at_accountpage" time="22.854"/>
  <testcase classname="com.kwikpass.automation.scripts.TC_Includ_Test_Cases" name="Verify_Includ_Kwikpass_login_using_OTP_Via_SMS" time="18.917"/>
  <testcase classname="com.kwikpass.automation.scripts.TC_Includ_Test_Cases" name="Verify_Includ_Kwikpass_login_Done_Gokwik_login_should_happen" time="30.920"/>
  <testcase classname="com.kwikpass.automation.scripts.TC_Includ_Test_Cases" name="Verify_Includ_Shopify_login_and_session_creation_after_Kwikpass_login" time="28.056"/>
  <testcase classname="com.kwikpass.automation.scripts.TC_Includ_Test_Cases" name="Verify_Includ_Kwikpass_login_Done_Redirect_to_accountpage" time="34.825"/>
  <testcase classname="com.kwikpass.automation.scripts.TC_Includ_Test_Cases" name="Verify_Includ_KwikPass_login_icon_Visibilty" time="4.920"/>
</testsuite> <!-- com.kwikpass.automation.scripts.TC_Includ_Test_Cases -->
