<?xml version="1.0" encoding="UTF-8"?>
<!-- Generated by org.testng.reporters.JUnitReportReporter -->
<testsuite hostname="DESKTOP-26KO353" failures="0" tests="8" name="com.kwikpass.automation.scripts.TC_Pinkfort_Test_Cases" time="163.777" errors="0" timestamp="2024-04-25T16:10:15 IST" skipped="0">
  <testcase classname="com.kwikpass.automation.scripts.TC_Pinkfort_Test_Cases" name="Verify_Pinkfort_KwikPass_Login_at_accountpage" time="18.813"/>
  <testcase classname="com.kwikpass.automation.scripts.TC_Pinkfort_Test_Cases" name="Verify_Pinkfort_Kwikpass_login_using_OTP_Via_SMS" time="19.566"/>
  <testcase classname="com.kwikpass.automation.scripts.TC_Pinkfort_Test_Cases" name="Verify_Pinkfort_KwikPass_icon_visibilty" time="4.831"/>
  <testcase classname="com.kwikpass.automation.scripts.TC_Pinkfort_Test_Cases" name="Verify_Pinkfort_Kwikpass_login_Done_Redirect_to_accountpage" time="33.487"/>
  <testcase classname="com.kwikpass.automation.scripts.TC_Pinkfort_Test_Cases" name="Verify_Pinkfort_KwikPass_Login_modal_Verfication_at_accountpage" time="12.126"/>
  <testcase classname="com.kwikpass.automation.scripts.TC_Pinkfort_Test_Cases" name="Verify_Pinkfort_Kwikpass_login_Done_Gokwik_login_should_happen" time="34.294"/>
  <testcase classname="com.kwikpass.automation.scripts.TC_Pinkfort_Test_Cases" name="Verfiy_Pinkfort_Shopify_login_and_session_creation_after_Kwikpass_login" time="30.646"/>
  <testcase classname="com.kwikpass.automation.scripts.TC_Pinkfort_Test_Cases" name="Verify_Pinkfort_Kwikpass_Normal_Login_Verification" time="10.014"/>
</testsuite> <!-- com.kwikpass.automation.scripts.TC_Pinkfort_Test_Cases -->
