<?xml version="1.0" encoding="UTF-8"?>
<!-- Generated by org.testng.reporters.JUnitReportReporter -->
<testsuite hostname="DESKTOP-I2540TH" failures="0" tests="8" name="com.kwikpass.automation.scripts.TC_Grandmaa_Secret_Test_Cases" time="132.497" errors="0" timestamp="2024-03-08T11:43:27 IST" skipped="0">
  <testcase classname="com.kwikpass.automation.scripts.TC_Grandmaa_Secret_Test_Cases" name="Verify_Grandmaa_Secret_KwikPass_login_icon_Visibilty" time="2.878"/>
  <testcase classname="com.kwikpass.automation.scripts.TC_Grandmaa_Secret_Test_Cases" name="Verify_Grandmaa_Secret_Shopify_login_and_session_creation_after_Kwikpass_login" time="26.814"/>
  <testcase classname="com.kwikpass.automation.scripts.TC_Grandmaa_Secret_Test_Cases" name="Verify_Grandmaa_Secret_KwikPass_Login_at_accountpage" time="16.604"/>
  <testcase classname="com.kwikpass.automation.scripts.TC_Grandmaa_Secret_Test_Cases" name="Verify_Grandmaa_Secret_KwikPass_login_modal_verification" time="6.112"/>
  <testcase classname="com.kwikpass.automation.scripts.TC_Grandmaa_Secret_Test_Cases" name="Verify_Grandmaa_Secret_Kwikpass_login_using_OTP_Via_SMS" time="16.231"/>
  <testcase classname="com.kwikpass.automation.scripts.TC_Grandmaa_Secret_Test_Cases" name="Verify_Grandmaa_Secret_Kwikpass_login_Done_Gokwik_login_should_happen" time="28.499"/>
  <testcase classname="com.kwikpass.automation.scripts.TC_Grandmaa_Secret_Test_Cases" name="Verify_Grandmaa_Secret_Kwikpass_login_Done_Redirect_to_accountpage" time="28.816"/>
  <testcase classname="com.kwikpass.automation.scripts.TC_Grandmaa_Secret_Test_Cases" name="Verify_Grandmaa_Secret_KwikPass_Login_modal_Verfication_at_accountpage" time="6.543"/>
</testsuite> <!-- com.kwikpass.automation.scripts.TC_Grandmaa_Secret_Test_Cases -->
