<?xml version="1.0" encoding="UTF-8"?>
<!-- Generated by org.testng.reporters.JUnitReportReporter -->
<testsuite hostname="DESKTOP-I2540TH" failures="0" tests="8" name="com.kwikpass.automation.scripts.TC_FireBoltt_Test_Cases" time="153.403" errors="0" timestamp="2024-03-09T17:03:37 IST" skipped="0">
  <testcase classname="com.kwikpass.automation.scripts.TC_FireBoltt_Test_Cases" name="Verify_FireBoltt_Kwikpass_login_Done_Redirect_to_accountpage" time="33.839"/>
  <testcase classname="com.kwikpass.automation.scripts.TC_FireBoltt_Test_Cases" name="Verify_FireBoltt_KwikPass_login_modal_verification" time="7.012"/>
  <testcase classname="com.kwikpass.automation.scripts.TC_FireBoltt_Test_Cases" name="Verify_FireBoltt_Shopify_login_and_session_creation_after_Kwikpass_login" time="27.405"/>
  <testcase classname="com.kwikpass.automation.scripts.TC_FireBoltt_Test_Cases" name="Verify_FireBoltt_KwikPass_Login_modal_Verfication_at_accountpage" time="8.803"/>
  <testcase classname="com.kwikpass.automation.scripts.TC_FireBoltt_Test_Cases" name="Verify_FireBoltt_Kwikpass_login_Done_Gokwik_login_should_happen" time="34.730"/>
  <testcase classname="com.kwikpass.automation.scripts.TC_FireBoltt_Test_Cases" name="Verify_FireBoltt_KwikPass_Login_at_accountpage" time="19.919"/>
  <testcase classname="com.kwikpass.automation.scripts.TC_FireBoltt_Test_Cases" name="Verify_FireBoltt_Kwikpass_login_using_OTP_Via_SMS" time="17.672"/>
  <testcase classname="com.kwikpass.automation.scripts.TC_FireBoltt_Test_Cases" name="Verify_FireBoltt_KwikPass_login_icon_Visibilty" time="4.023"/>
</testsuite> <!-- com.kwikpass.automation.scripts.TC_FireBoltt_Test_Cases -->
