<?xml version="1.0" encoding="UTF-8"?>
<!-- Generated by org.testng.reporters.JUnitReportReporter -->
<testsuite hostname="DESKTOP-I2540TH" failures="0" tests="1" name="com.kwikpass.automation.scripts.TC_Puer_Test_Cases" time="19.292" errors="0" timestamp="2024-01-22T13:24:38 IST" skipped="0">
  <testcase classname="com.kwikpass.automation.scripts.TC_Puer_Test_Cases" name="Verify_Puer_KwikPass_AP_modal_Verfication" time="19.292"/>
</testsuite> <!-- com.kwikpass.automation.scripts.TC_Puer_Test_Cases -->
