<?xml version="1.0" encoding="UTF-8"?>
<!-- Generated by org.testng.reporters.JUnitReportReporter -->
<testsuite hostname="DESKTOP-I2540TH" failures="0" tests="1" name="com.kwikpass.automation.scripts.TC_Xctasy_Test_Cases" time="18.966" errors="0" timestamp="2024-03-09T10:25:32 IST" skipped="0">
  <testcase classname="com.kwikpass.automation.scripts.TC_Xctasy_Test_Cases" name="Verify_Xctasy_KwikPass_Login_at_accountpage" time="18.966"/>
</testsuite> <!-- com.kwikpass.automation.scripts.TC_Xctasy_Test_Cases -->
