<?xml version="1.0" encoding="UTF-8"?>
<!-- Generated by org.testng.reporters.JUnitReportReporter -->
<testsuite hostname="DESKTOP-I2540TH" failures="0" tests="8" name="com.kwikpass.automation.scripts.TC_LotuBotanical_Test_Cases" time="157.732" errors="0" timestamp="2024-03-08T13:56:11 IST" skipped="0">
  <testcase classname="com.kwikpass.automation.scripts.TC_LotuBotanical_Test_Cases" name="Verify_LotusBotanical_KwikPass_login_icon_Visibilty" time="5.411"/>
  <testcase classname="com.kwikpass.automation.scripts.TC_LotuBotanical_Test_Cases" name="Verify_LotusBotanical_Shopify_login_and_session_creation_after_Kwikpass_login" time="28.906"/>
  <testcase classname="com.kwikpass.automation.scripts.TC_LotuBotanical_Test_Cases" name="Verify_LotusBotanical_Kwikpass_login_using_OTP_Via_SMS" time="19.841"/>
  <testcase classname="com.kwikpass.automation.scripts.TC_LotuBotanical_Test_Cases" name="Verify_LotusBotanical_KwikPass_login_modal_verification" time="8.903"/>
  <testcase classname="com.kwikpass.automation.scripts.TC_LotuBotanical_Test_Cases" name="Verify_LotusBotanical_KwikPass_Login_at_accountpage" time="19.875"/>
  <testcase classname="com.kwikpass.automation.scripts.TC_LotuBotanical_Test_Cases" name="Verify_LotusBotanical_Kwikpass_login_Done_Gokwik_login_should_happen" time="30.990"/>
  <testcase classname="com.kwikpass.automation.scripts.TC_LotuBotanical_Test_Cases" name="Verify_LotusBotanical_KwikPass_Login_modal_Verfication_at_accountpage" time="9.516"/>
  <testcase classname="com.kwikpass.automation.scripts.TC_LotuBotanical_Test_Cases" name="Verify_LotusBotanical_Kwikpass_login_Done_Redirect_to_accountpage" time="34.290"/>
</testsuite> <!-- com.kwikpass.automation.scripts.TC_LotuBotanical_Test_Cases -->
