<?xml version="1.0" encoding="UTF-8"?>
<!-- Generated by org.testng.reporters.JUnitReportReporter -->
<testsuite hostname="DESKTOP-I2540TH" failures="0" tests="10" name="com.kwikpass.automation.scripts.TC_Mivi_Test_Cases" time="216.503" errors="0" timestamp="2024-03-09T17:03:37 IST" skipped="0">
  <testcase classname="com.kwikpass.automation.scripts.TC_Mivi_Test_Cases" name="Verify_Mivi_KwikPass_Login_modal_Verfication_at_accountpage" time="6.754"/>
  <testcase classname="com.kwikpass.automation.scripts.TC_Mivi_Test_Cases" name="Verify_Mivi_Shopify_login_and_session_creation_after_Kwikpass_login" time="29.778"/>
  <testcase classname="com.kwikpass.automation.scripts.TC_Mivi_Test_Cases" name="Verify_Mivi_Kwikpass_login_using_OTP_Via_SMS" time="19.404"/>
  <testcase classname="com.kwikpass.automation.scripts.TC_Mivi_Test_Cases" name="Verify_Mivi_KwikPass_login_modal_verification" time="7.758"/>
  <testcase classname="com.kwikpass.automation.scripts.TC_Mivi_Test_Cases" name="Verify_Mivi_KwikPass_login_icon_Visibilty" time="3.810"/>
  <testcase classname="com.kwikpass.automation.scripts.TC_Mivi_Test_Cases" name="Verify_Mivi_KwikPass_Login_at_accountpage" time="16.994"/>
  <testcase classname="com.kwikpass.automation.scripts.TC_Mivi_Test_Cases" name="Verify_Mivi_Kwikpass_login_Done_Gokwik_login_should_happen" time="37.751"/>
  <testcase classname="com.kwikpass.automation.scripts.TC_Mivi_Test_Cases" name="Verify_Mivi_Kwikpass_login_Done_Redirect_to_accountpage" time="32.003"/>
  <testcase classname="com.kwikpass.automation.scripts.TC_Mivi_Test_Cases" name="Verify_Mivi_Kwikpass_login_using_OTP_Via_SMS_Done_Rewards_login_should_happen" time="34.696"/>
  <testcase classname="com.kwikpass.automation.scripts.TC_Mivi_Test_Cases" name="Verify_Mivi_KwikPass_Login_From_Rewards" time="27.555"/>
</testsuite> <!-- com.kwikpass.automation.scripts.TC_Mivi_Test_Cases -->
