<?xml version="1.0" encoding="UTF-8"?>
<!-- Generated by org.testng.reporters.JUnitReportReporter -->
<testsuite hostname="DESKTOP-26KO353" failures="0" tests="8" name="com.kwikpass.automation.scripts.TC_Fabcurate_Test_Cases" time="204.182" errors="0" timestamp="2024-05-01T12:26:12 IST" skipped="0">
  <testcase classname="com.kwikpass.automation.scripts.TC_Fabcurate_Test_Cases" name="Verify_Fabcurate_Kwikpass_login_Done_Gokwik_login_should_happen" time="42.396"/>
  <testcase classname="com.kwikpass.automation.scripts.TC_Fabcurate_Test_Cases" name="Verify_Fabcurate_KwikPass_login_modal_verification" time="15.289"/>
  <testcase classname="com.kwikpass.automation.scripts.TC_Fabcurate_Test_Cases" name="Verify_Fabcurate_KwikPass_Login_at_accountpage" time="25.501"/>
  <testcase classname="com.kwikpass.automation.scripts.TC_Fabcurate_Test_Cases" name="Verify_Fabcurate_Shopify_login_and_session_creation_after_Kwikpass_login" time="35.218"/>
  <testcase classname="com.kwikpass.automation.scripts.TC_Fabcurate_Test_Cases" name="Verify_Fabcurate_Kwikpass_login_using_OTP_Via_SMS" time="23.704"/>
  <testcase classname="com.kwikpass.automation.scripts.TC_Fabcurate_Test_Cases" name="Verify_Fabcurate_Kwikpass_login_Done_Redirect_to_accountpage" time="36.018"/>
  <testcase classname="com.kwikpass.automation.scripts.TC_Fabcurate_Test_Cases" name="Verify_Fabcurate_KwikPass_login_icon_Visibilty" time="11.555"/>
  <testcase classname="com.kwikpass.automation.scripts.TC_Fabcurate_Test_Cases" name="Verify_Fabcurate_KwikPass_Login_modal_Verfication_at_accountpage" time="14.501"/>
</testsuite> <!-- com.kwikpass.automation.scripts.TC_Fabcurate_Test_Cases -->
