<?xml version="1.0" encoding="UTF-8"?>
<!-- Generated by org.testng.reporters.JUnitReportReporter -->
<testsuite hostname="DESKTOP-I2540TH" failures="0" tests="9" name="com.kwikpass.automation.scripts.TC_Krishnaayurved_Test_Cases" time="184.621" errors="0" timestamp="2024-03-08T13:46:42 IST" skipped="0">
  <testcase classname="com.kwikpass.automation.scripts.TC_Krishnaayurved_Test_Cases" name="Verify_Krishnaayurved_Kwikpass_login_using_OTP_Via_SMS_from_accountpage" time="21.119"/>
  <testcase classname="com.kwikpass.automation.scripts.TC_Krishnaayurved_Test_Cases" name="Verify_Krishnaayurved_KwikPass_login_modal_verification_from_accountpage" time="8.121"/>
  <testcase classname="com.kwikpass.automation.scripts.TC_Krishnaayurved_Test_Cases" name="Verify_Krishnaayurved_Kwikpass_login_Done_Gokwik_login_should_happen" time="30.777"/>
  <testcase classname="com.kwikpass.automation.scripts.TC_Krishnaayurved_Test_Cases" name="Verify_Krishnaayurved_Kwikpass_login_Done_Redirect_to_accountpage" time="30.286"/>
  <testcase classname="com.kwikpass.automation.scripts.TC_Krishnaayurved_Test_Cases" name="Verify_Krishnaayurved_Kwikpass_login_using_OTP_Via_SMS" time="20.578"/>
  <testcase classname="com.kwikpass.automation.scripts.TC_Krishnaayurved_Test_Cases" name="Verify_Krishnaayurved_Kwikpass_login_using_OTP_Via_SMS_from_Rewards" time="30.480"/>
  <testcase classname="com.kwikpass.automation.scripts.TC_Krishnaayurved_Test_Cases" name="Verify_Krishnaayurved_Shopify_login_and_session_creation_after_Kwikpass_login" time="28.491"/>
  <testcase classname="com.kwikpass.automation.scripts.TC_Krishnaayurved_Test_Cases" name="Verify_Krishnaayurved_KwikPass_login_modal_verification" time="9.034"/>
  <testcase classname="com.kwikpass.automation.scripts.TC_Krishnaayurved_Test_Cases" name="Verify_Krishnaayurved_KwikPass_login_icon_Visibilty" time="5.735"/>
</testsuite> <!-- com.kwikpass.automation.scripts.TC_Krishnaayurved_Test_Cases -->
