<?xml version="1.0" encoding="UTF-8"?>
<!-- Generated by org.testng.reporters.JUnitReportReporter -->
<testsuite hostname="DESKTOP-I2540TH" failures="0" tests="7" name="com.kwikpass.automation.scripts.TC_Hammer_Test_Cases" time="113.375" errors="0" timestamp="2024-03-09T17:03:37 IST" skipped="0">
  <testcase classname="com.kwikpass.automation.scripts.TC_Hammer_Test_Cases" name="Verify_Hammer_Kwikpass_login_using_OTP_Via_SMS" time="18.405"/>
  <testcase classname="com.kwikpass.automation.scripts.TC_Hammer_Test_Cases" name="Verify_Hammer_KwikPass_Login_modal_Verfication_at_accountpage" time="7.849"/>
  <testcase classname="com.kwikpass.automation.scripts.TC_Hammer_Test_Cases" name="Verify_Hammer_KwikPass_login_icon_Visibilty" time="3.871"/>
  <testcase classname="com.kwikpass.automation.scripts.TC_Hammer_Test_Cases" name="Verify_Hammer_KwikPass_Login_at_accountpage" time="18.502"/>
  <testcase classname="com.kwikpass.automation.scripts.TC_Hammer_Test_Cases" name="Verify_Hammer_Kwikpass_login_Done_Redirect_to_accountpage" time="30.319"/>
  <testcase classname="com.kwikpass.automation.scripts.TC_Hammer_Test_Cases" name="Verify_Hammer_KwikPass_login_modal_verification" time="6.809"/>
  <testcase classname="com.kwikpass.automation.scripts.TC_Hammer_Test_Cases" name="Verify_Hammer_Shopify_login_and_session_creation_after_Kwikpass_login" time="27.620"/>
</testsuite> <!-- com.kwikpass.automation.scripts.TC_Hammer_Test_Cases -->
