<?xml version="1.0" encoding="UTF-8"?>
<!-- Generated by org.testng.reporters.JUnitReportReporter -->
<testsuite hostname="DESKTOP-26KO353" failures="0" tests="1" name="com.kwikpass.automation.scripts.TC_Japam_Test_Cases" time="30.875" errors="0" timestamp="2024-03-14T18:51:36 IST" skipped="0">
  <testcase classname="com.kwikpass.automation.scripts.TC_Japam_Test_Cases" name="Verify_Japam_Kwikpass_login_Done_Gokwik_login_should_happen" time="30.875"/>
</testsuite> <!-- com.kwikpass.automation.scripts.TC_Japam_Test_Cases -->
