<?xml version="1.0" encoding="UTF-8"?>
<!-- Generated by org.testng.reporters.JUnitReportReporter -->
<testsuite hostname="DESKTOP-I2540TH" failures="0" tests="8" name="com.kwikpass.automation.scripts.TC_Foxtale_Test_Cases" time="157.952" errors="0" timestamp="2024-03-07T19:36:39 IST" skipped="0">
  <testcase classname="com.kwikpass.automation.scripts.TC_Foxtale_Test_Cases" name="Verify_Foxtale_KwikPass_login_modal_verification" time="9.887"/>
  <testcase classname="com.kwikpass.automation.scripts.TC_Foxtale_Test_Cases" name="Verify_Foxtale_Shopify_login_and_session_creation_after_Kwikpass_login" time="29.458"/>
  <testcase classname="com.kwikpass.automation.scripts.TC_Foxtale_Test_Cases" name="Verify_Foxtale_KwikPass_login_icon_Visibilty" time="5.327"/>
  <testcase classname="com.kwikpass.automation.scripts.TC_Foxtale_Test_Cases" name="Verify_Foxtale_Kwikpass_login_Done_Gokwik_login_should_happen" time="32.414"/>
  <testcase classname="com.kwikpass.automation.scripts.TC_Foxtale_Test_Cases" name="Verify_Foxtale_Kwikpass_login_Done_Redirect_to_accountpage" time="33.176"/>
  <testcase classname="com.kwikpass.automation.scripts.TC_Foxtale_Test_Cases" name="Verify_Foxtale_KwikPass_Login_at_accountpage" time="18.834"/>
  <testcase classname="com.kwikpass.automation.scripts.TC_Foxtale_Test_Cases" name="Verify_Foxtale_KwikPass_Login_modal_Verfication_at_accountpage" time="8.625"/>
  <testcase classname="com.kwikpass.automation.scripts.TC_Foxtale_Test_Cases" name="Verify_Foxtale_Kwikpass_login_using_OTP_Via_SMS" time="20.231"/>
</testsuite> <!-- com.kwikpass.automation.scripts.TC_Foxtale_Test_Cases -->
