<?xml version="1.0" encoding="UTF-8"?>
<!-- Generated by org.testng.reporters.JUnitReportReporter -->
<testsuite hostname="DESKTOP-I2540TH" failures="0" tests="7" name="com.kwikpass.automation.scripts.TC_Freakins_Test_Cases" time="124.652" errors="0" timestamp="2024-03-07T19:40:01 IST" skipped="0">
  <testcase classname="com.kwikpass.automation.scripts.TC_Freakins_Test_Cases" name="Verify_Freakins_Shopify_login_and_session_creation_after_Kwikpass_login" time="28.273"/>
  <testcase classname="com.kwikpass.automation.scripts.TC_Freakins_Test_Cases" name="Verify_Freakins_KwikPass_Login_at_accountpage" time="19.461"/>
  <testcase classname="com.kwikpass.automation.scripts.TC_Freakins_Test_Cases" name="Verify_Freakins_KwikPass_login_icon_Visibilty" time="7.438"/>
  <testcase classname="com.kwikpass.automation.scripts.TC_Freakins_Test_Cases" name="Verify_Freakins_Kwikpass_login_using_OTP_Via_SMS" time="19.293"/>
  <testcase classname="com.kwikpass.automation.scripts.TC_Freakins_Test_Cases" name="Verify_Freakins_KwikPass_login_modal_verification" time="7.177"/>
  <testcase classname="com.kwikpass.automation.scripts.TC_Freakins_Test_Cases" name="Verify_Freakins_Kwikpass_login_Done_Redirect_to_accountpage" time="32.621"/>
  <testcase classname="com.kwikpass.automation.scripts.TC_Freakins_Test_Cases" name="Verify_Freakins_KwikPass_Login_modal_Verfication_at_accountpage" time="10.389"/>
</testsuite> <!-- com.kwikpass.automation.scripts.TC_Freakins_Test_Cases -->
