<?xml version="1.0" encoding="UTF-8"?>
<!-- Generated by org.testng.reporters.JUnitReportReporter -->
<testsuite hostname="DESKTOP-I2540TH" failures="0" tests="15" name="com.kwikpass.automation.scripts.TC_Punekar_Cottons_Test_Cases" time="348.998" errors="0" timestamp="2024-03-11T11:22:28 IST" skipped="0">
  <testcase classname="com.kwikpass.automation.scripts.TC_Punekar_Cottons_Test_Cases" name="Verify_Punekar_Cottons_KwikPass_Login_at_accountpage" time="19.149"/>
  <testcase classname="com.kwikpass.automation.scripts.TC_Punekar_Cottons_Test_Cases" name="Verify_Punekar_Cottons_KwikPass_Login_modal_Verfication" time="6.871"/>
  <testcase classname="com.kwikpass.automation.scripts.TC_Punekar_Cottons_Test_Cases" name="Verify_Punekar_Cottons_Kwikpass_login_from_AP_Done_Gokwik_login_should_happen" time="41.676"/>
  <testcase classname="com.kwikpass.automation.scripts.TC_Punekar_Cottons_Test_Cases" name="Verify_Punekar_Cottons_Shopify_login_and_session_creation_after_Kwikpass_login_from_Login_Modal" time="37.049"/>
  <testcase classname="com.kwikpass.automation.scripts.TC_Punekar_Cottons_Test_Cases" name="Verify_Punekar_Cottons_Kwikpass_login_Done_Redirect_to_accountpage" time="39.201"/>
  <testcase classname="com.kwikpass.automation.scripts.TC_Punekar_Cottons_Test_Cases" name="Verify_Punekar_Cottons_KwikPass_AP_Visiblity_At_Collection_page" time="18.446"/>
  <testcase classname="com.kwikpass.automation.scripts.TC_Punekar_Cottons_Test_Cases" name="Verify_Punekar_Cottons_KwikPass_Login_modal_Verfication_at_accountpage" time="8.656"/>
  <testcase classname="com.kwikpass.automation.scripts.TC_Punekar_Cottons_Test_Cases" name="Verify_Punekar_Cottons_KwikPass_AP_Visiblity_At_PDP_page" time="17.819"/>
  <testcase classname="com.kwikpass.automation.scripts.TC_Punekar_Cottons_Test_Cases" name="Verify_Punekar_Cottons_KwikPass_AP_Visiblity_At_Home_page" time="16.314"/>
  <testcase classname="com.kwikpass.automation.scripts.TC_Punekar_Cottons_Test_Cases" name="Verify_Punekar_Cottons_KwikPass_icon_visibility" time="5.059"/>
  <testcase classname="com.kwikpass.automation.scripts.TC_Punekar_Cottons_Test_Cases" name="Verify_Punekar_Cottons_KwikPass_AP_modal_Verfication" time="16.283"/>
  <testcase classname="com.kwikpass.automation.scripts.TC_Punekar_Cottons_Test_Cases" name="Verify_Punekar_Cottons_Kwikpass_login_from_Login_Modal_using_OTP_Via_SMS" time="16.882"/>
  <testcase classname="com.kwikpass.automation.scripts.TC_Punekar_Cottons_Test_Cases" name="Verify_Punekar_Cottons_Shopify_login_and_session_creation_after_Kwikpass_login_from_AP" time="47.132"/>
  <testcase classname="com.kwikpass.automation.scripts.TC_Punekar_Cottons_Test_Cases" name="Verify_Punekar_Cottons_Kwikpass_login_from_AP_using_OTP_Via_SMS" time="26.473"/>
  <testcase classname="com.kwikpass.automation.scripts.TC_Punekar_Cottons_Test_Cases" name="Verify_Punekar_Cottons_Kwikpass_login_from_Login_Modal_Done_Gokwik_login_should_happen" time="31.988"/>
</testsuite> <!-- com.kwikpass.automation.scripts.TC_Punekar_Cottons_Test_Cases -->
