<?xml version="1.0" encoding="UTF-8"?>
<!-- Generated by org.testng.reporters.JUnitReportReporter -->
<testsuite hostname="DESKTOP-26KO353" failures="0" tests="1" name="com.kwikpass.automation.scripts.TC_Plum_Goodness_Test_Cases" time="42.125" errors="0" timestamp="2024-04-18T11:58:12 IST" skipped="0">
  <testcase classname="com.kwikpass.automation.scripts.TC_Plum_Goodness_Test_Cases" name="Verify_Plum_Goodness_KwikPass_Login_from_Rewards" time="42.125"/>
</testsuite> <!-- com.kwikpass.automation.scripts.TC_Plum_Goodness_Test_Cases -->
