<?xml version="1.0" encoding="UTF-8"?>
<!-- Generated by org.testng.reporters.JUnitReportReporter -->
<testsuite hostname="DESKTOP-I2540TH" failures="0" tests="14" name="com.kwikpass.automation.scripts.TC_Italian_Colony_Test_Cases" time="305.381" errors="0" timestamp="2024-03-08T13:41:15 IST" skipped="0">
  <testcase classname="com.kwikpass.automation.scripts.TC_Italian_Colony_Test_Cases" name="Verify_Italian_Colony_KwikPass_Login_modal_Verfication_at_accountpage" time="8.772"/>
  <testcase classname="com.kwikpass.automation.scripts.TC_Italian_Colony_Test_Cases" name="Verify_Italian_Colony_Kwikpass_login_from_AP_using_OTP_Via_SMS" time="28.624"/>
  <testcase classname="com.kwikpass.automation.scripts.TC_Italian_Colony_Test_Cases" name="Verify_Italian_Colony_KwikPass_icon_visibility" time="5.481"/>
  <testcase classname="com.kwikpass.automation.scripts.TC_Italian_Colony_Test_Cases" name="Verify_Italian_Colony_Kwikpass_login_Done_Redirect_to_accountpage" time="31.966"/>
  <testcase classname="com.kwikpass.automation.scripts.TC_Italian_Colony_Test_Cases" name="Verify_Italian_Colony_KwikPass_AP_Visiblity_At_PDP_page" time="20.306"/>
  <testcase classname="com.kwikpass.automation.scripts.TC_Italian_Colony_Test_Cases" name="Verify_Italian_Colony_Shopify_login_and_session_creation_after_Kwikpass_login_from_Login_Modal" time="27.962"/>
  <testcase classname="com.kwikpass.automation.scripts.TC_Italian_Colony_Test_Cases" name="Verify_Italian_Colony_KwikPass_AP_modal_Verfication" time="18.988"/>
  <testcase classname="com.kwikpass.automation.scripts.TC_Italian_Colony_Test_Cases" name="Verify_Italian_Colony_KwikPass_AP_Visiblity_At_Collection_page" time="20.457"/>
  <testcase classname="com.kwikpass.automation.scripts.TC_Italian_Colony_Test_Cases" name="Verify_Italian_Colony_KwikPass_Login_modal_Verfication" time="8.545"/>
  <testcase classname="com.kwikpass.automation.scripts.TC_Italian_Colony_Test_Cases" name="Verify_Italian_Colony_KwikPass_AP_Visiblity_At_Home_page" time="19.983"/>
  <testcase classname="com.kwikpass.automation.scripts.TC_Italian_Colony_Test_Cases" name="Verify_Italian_Colony_Shopify_login_and_session_creation_after_Kwikpass_login_from_AP" time="39.976"/>
  <testcase classname="com.kwikpass.automation.scripts.TC_Italian_Colony_Test_Cases" name="Verify_Italian_Colony_Kwikpass_login_using_OTP_Via_SMS_from_Rewards" time="35.844"/>
  <testcase classname="com.kwikpass.automation.scripts.TC_Italian_Colony_Test_Cases" name="Verify_Italian_Colony_Kwikpass_login_from_Login_Modal_using_OTP_Via_SMS" time="19.733"/>
  <testcase classname="com.kwikpass.automation.scripts.TC_Italian_Colony_Test_Cases" name="Verify_Italian_Colony_KwikPass_Login_at_accountpage" time="18.744"/>
</testsuite> <!-- com.kwikpass.automation.scripts.TC_Italian_Colony_Test_Cases -->
