<?xml version="1.0" encoding="UTF-8"?>
<!-- Generated by org.testng.reporters.JUnitReportReporter -->
<testsuite hostname="DESKTOP-I2540TH" failures="0" tests="8" name="com.kwikpass.automation.scripts.TC_Pinkfort_Test_Cases" time="142.530" errors="0" timestamp="2024-03-09T17:03:37 IST" skipped="0">
  <testcase classname="com.kwikpass.automation.scripts.TC_Pinkfort_Test_Cases" name="Verify_Pinkfort_Kwikpass_Normal_Login_Verification" time="7.011"/>
  <testcase classname="com.kwikpass.automation.scripts.TC_Pinkfort_Test_Cases" name="Verify_Pinkfort_Kwikpass_login_Done_Redirect_to_accountpage" time="30.415"/>
  <testcase classname="com.kwikpass.automation.scripts.TC_Pinkfort_Test_Cases" name="Verify_Pinkfort_KwikPass_Login_modal_Verfication_at_accountpage" time="6.906"/>
  <testcase classname="com.kwikpass.automation.scripts.TC_Pinkfort_Test_Cases" name="Verify_Pinkfort_Kwikpass_login_using_OTP_Via_SMS" time="16.931"/>
  <testcase classname="com.kwikpass.automation.scripts.TC_Pinkfort_Test_Cases" name="Verify_Pinkfort_Kwikpass_login_Done_Gokwik_login_should_happen" time="32.105"/>
  <testcase classname="com.kwikpass.automation.scripts.TC_Pinkfort_Test_Cases" name="Verify_Pinkfort_KwikPass_Login_at_accountpage" time="17.188"/>
  <testcase classname="com.kwikpass.automation.scripts.TC_Pinkfort_Test_Cases" name="Verfiy_Pinkfort_Shopify_login_and_session_creation_after_Kwikpass_login" time="28.178"/>
  <testcase classname="com.kwikpass.automation.scripts.TC_Pinkfort_Test_Cases" name="Verify_Pinkfort_KwikPass_icon_visibilty" time="3.796"/>
</testsuite> <!-- com.kwikpass.automation.scripts.TC_Pinkfort_Test_Cases -->
