<?xml version="1.0" encoding="UTF-8"?>
<!-- Generated by org.testng.reporters.JUnitReportReporter -->
<testsuite hostname="DESKTOP-I2540TH" failures="0" tests="15" name="com.kwikpass.automation.scripts.TC_Heelium_Test_Cases" time="297.109" errors="0" timestamp="2024-03-09T17:03:37 IST" skipped="0">
  <testcase classname="com.kwikpass.automation.scripts.TC_Heelium_Test_Cases" name="Verify_Heelium_Kwikpass_login_from_Login_Modal_Done_Gokwik_login_should_happen" time="28.468"/>
  <testcase classname="com.kwikpass.automation.scripts.TC_Heelium_Test_Cases" name="Verify_Heelium_Kwikpass_login_from_Login_Modal_using_OTP_Via_SMS" time="16.105"/>
  <testcase classname="com.kwikpass.automation.scripts.TC_Heelium_Test_Cases" name="Verify_Heelium_Shopify_login_and_session_creation_after_Kwikpass_login_from_Login_Modal" time="26.468"/>
  <testcase classname="com.kwikpass.automation.scripts.TC_Heelium_Test_Cases" name="Verify_Heelium_Kwikpass_login_from_AP_Done_Gokwik_login_should_happen" time="38.370"/>
  <testcase classname="com.kwikpass.automation.scripts.TC_Heelium_Test_Cases" name="Verify_Heelium_Shopify_login_and_session_creation_after_Kwikpass_login_from_AP" time="36.187"/>
  <testcase classname="com.kwikpass.automation.scripts.TC_Heelium_Test_Cases" name="Verify_Heelium_KwikPass_Login_modal_Verfication" time="6.052"/>
  <testcase classname="com.kwikpass.automation.scripts.TC_Heelium_Test_Cases" name="Verify_Heelium_KwikPass_Login_at_accountpage" time="16.816"/>
  <testcase classname="com.kwikpass.automation.scripts.TC_Heelium_Test_Cases" name="Verify_Heelium_KwikPass_AP_Visiblity_At_Home_page" time="15.956"/>
  <testcase classname="com.kwikpass.automation.scripts.TC_Heelium_Test_Cases" name="Verify_Heelium_KwikPass_Login_modal_Verfication_at_accountpage" time="6.151"/>
  <testcase classname="com.kwikpass.automation.scripts.TC_Heelium_Test_Cases" name="Verify_Heelium_KwikPass_AP_Visiblity_At_Collection_page" time="17.007"/>
  <testcase classname="com.kwikpass.automation.scripts.TC_Heelium_Test_Cases" name="Verify_Heelium_KwikPass_icon_visibility" time="3.352"/>
  <testcase classname="com.kwikpass.automation.scripts.TC_Heelium_Test_Cases" name="Verify_Heelium_KwikPass_AP_modal_Verfication" time="15.745"/>
  <testcase classname="com.kwikpass.automation.scripts.TC_Heelium_Test_Cases" name="Verify_Heelium_Kwikpass_login_from_AP_using_OTP_Via_SMS" time="26.226"/>
  <testcase classname="com.kwikpass.automation.scripts.TC_Heelium_Test_Cases" name="Verify_Heelium_Kwikpass_login_Done_Redirect_to_accountpage" time="27.596"/>
  <testcase classname="com.kwikpass.automation.scripts.TC_Heelium_Test_Cases" name="Verify_Heelium_KwikPass_AP_Visiblity_At_PDP_page" time="16.610"/>
</testsuite> <!-- com.kwikpass.automation.scripts.TC_Heelium_Test_Cases -->
