<?xml version="1.0" encoding="UTF-8"?>
<!-- Generated by org.testng.reporters.JUnitReportReporter -->
<testsuite hostname="DESKTOP-I2540TH" failures="1" tests="6" name="com.kwikpass.automation.scripts.TC_Blue_island_Test_Cases" time="161.426" errors="0" timestamp="2024-03-09T17:03:37 IST" skipped="0">
  <testcase classname="com.kwikpass.automation.scripts.TC_Blue_island_Test_Cases" name="Verify_Blue_island_KwikPass_login_modal_verification" time="9.400"/>
  <testcase classname="com.kwikpass.automation.scripts.TC_Blue_island_Test_Cases" name="Verify_Blue_island_Shopify_login_and_session_creation_after_Kwikpass_login" time="38.753"/>
  <testcase classname="com.kwikpass.automation.scripts.TC_Blue_island_Test_Cases" name="Verify_Blue_island_Kwikpass_login_Done_Gokwik_login_should_happen" time="45.150"/>
  <testcase classname="com.kwikpass.automation.scripts.TC_Blue_island_Test_Cases" name="Verify_Blue_island_Kwikpass_login_Done_Redirect_to_accountpage" time="40.894"/>
  <testcase classname="com.kwikpass.automation.scripts.TC_Blue_island_Test_Cases" name="Verify_Blue_island_KwikPass_Login_at_accountpage" time="17.165">
    <failure message="Verify_Blue_island_KwikPass_Login_at_accountpage failed" type="java.lang.AssertionError">
      <![CDATA[java.lang.AssertionError: Verify_Blue_island_KwikPass_Login_at_accountpage failed
at org.testng.Assert.fail(Assert.java:111)
at com.kwikpass.automation.scripts.TC_Blue_island_Test_Cases.Verify_Blue_island_KwikPass_Login_at_accountpage(TC_Blue_island_Test_Cases.java:251)
at java.base/jdk.internal.reflect.DirectMethodHandleAccessor.invoke(DirectMethodHandleAccessor.java:103)
at java.base/java.lang.reflect.Method.invoke(Method.java:580)
at org.testng.internal.invokers.MethodInvocationHelper.invokeMethod(MethodInvocationHelper.java:139)
at org.testng.internal.invokers.TestInvoker.invokeMethod(TestInvoker.java:664)
at org.testng.internal.invokers.TestInvoker.invokeTestMethod(TestInvoker.java:227)
at org.testng.internal.invokers.MethodRunner.runInSequence(MethodRunner.java:50)
at org.testng.internal.invokers.TestInvoker$MethodInvocationAgent.invoke(TestInvoker.java:957)
at org.testng.internal.invokers.TestInvoker.invokeTestMethods(TestInvoker.java:200)
at org.testng.internal.invokers.TestMethodWorker.invokeTestMethods(TestMethodWorker.java:148)
at org.testng.internal.invokers.TestMethodWorker.run(TestMethodWorker.java:128)
at java.base/java.util.ArrayList.forEach(ArrayList.java:1596)
at org.testng.TestRunner.privateRun(TestRunner.java:848)
at org.testng.TestRunner.run(TestRunner.java:621)
at org.testng.SuiteRunner.runTest(SuiteRunner.java:443)
at org.testng.SuiteRunner.runSequentially(SuiteRunner.java:437)
at org.testng.SuiteRunner.privateRun(SuiteRunner.java:397)
at org.testng.SuiteRunner.run(SuiteRunner.java:336)
at org.testng.SuiteRunnerWorker.runSuite(SuiteRunnerWorker.java:52)
at org.testng.SuiteRunnerWorker.run(SuiteRunnerWorker.java:95)
at org.testng.TestNG.runSuitesSequentially(TestNG.java:1280)
at org.testng.TestNG.runSuitesLocally(TestNG.java:1200)
at org.testng.TestNG.runSuites(TestNG.java:1114)
at org.testng.TestNG.run(TestNG.java:1082)
at org.testng.remote.AbstractRemoteTestNG.run(AbstractRemoteTestNG.java:115)
at org.testng.remote.RemoteTestNG.initAndRun(RemoteTestNG.java:251)
at org.testng.remote.RemoteTestNG.main(RemoteTestNG.java:77)
]]>
    </failure>
  </testcase> <!-- Verify_Blue_island_KwikPass_Login_at_accountpage -->
  <testcase classname="com.kwikpass.automation.scripts.TC_Blue_island_Test_Cases" name="Verify_Blue_island_KwikPass_Login_modal_Verfication_at_accountpage" time="10.064"/>
</testsuite> <!-- com.kwikpass.automation.scripts.TC_Blue_island_Test_Cases -->
