<?xml version="1.0" encoding="UTF-8"?>
<!-- Generated by org.testng.reporters.JUnitReportReporter -->
<testsuite hostname="DESKTOP-I2540TH" failures="0" tests="9" name="com.kwikpass.automation.scripts.TC_BSC_Test_Cases" time="200.329" errors="0" timestamp="2024-03-09T17:03:37 IST" skipped="0">
  <testcase classname="com.kwikpass.automation.scripts.TC_BSC_Test_Cases" name="Verify_BSC_Shopify_login_and_session_creation_after_Kwikpass_login" time="28.149"/>
  <testcase classname="com.kwikpass.automation.scripts.TC_BSC_Test_Cases" name="Verify_BSC_KwikPass_login_modal_verification" time="7.721"/>
  <testcase classname="com.kwikpass.automation.scripts.TC_BSC_Test_Cases" name="Verify_BSC_Kwikpass_login_Done_Gokwik_login_should_happen" time="47.207"/>
  <testcase classname="com.kwikpass.automation.scripts.TC_BSC_Test_Cases" name="Verify_BSC_KwikPass_login_icon_Visibilty" time="4.952"/>
  <testcase classname="com.kwikpass.automation.scripts.TC_BSC_Test_Cases" name="Verify_BSC_Kwikpass_login_Done_Redirect_to_accountpage" time="34.574"/>
  <testcase classname="com.kwikpass.automation.scripts.TC_BSC_Test_Cases" name="Verify_BSC_KwikPass_Login_modal_Verfication_at_accountpage" time="8.579"/>
  <testcase classname="com.kwikpass.automation.scripts.TC_BSC_Test_Cases" name="Verify_BSC_Kwikpass_login_using_OTP_Via_SMS_from_Rewards" time="31.268"/>
  <testcase classname="com.kwikpass.automation.scripts.TC_BSC_Test_Cases" name="Verify_BSC_Kwikpass_login_using_OTP_Via_SMS" time="17.985"/>
  <testcase classname="com.kwikpass.automation.scripts.TC_BSC_Test_Cases" name="Verify_BSC_KwikPass_Login_at_accountpage" time="19.894"/>
</testsuite> <!-- com.kwikpass.automation.scripts.TC_BSC_Test_Cases -->
