<?xml version="1.0" encoding="UTF-8"?>
<!-- Generated by org.testng.reporters.JUnitReportReporter -->
<testsuite hostname="DESKTOP-I2540TH" failures="0" tests="8" name="com.kwikpass.automation.scripts.TC_GBT_Test_Cases" time="136.522" errors="0" timestamp="2024-03-07T19:44:28 IST" skipped="0">
  <testcase classname="com.kwikpass.automation.scripts.TC_GBT_Test_Cases" name="Verify_GBT_Shopify_login_and_session_creation_after_Kwikpass_login" time="27.923"/>
  <testcase classname="com.kwikpass.automation.scripts.TC_GBT_Test_Cases" name="Verify_GBT_KwikPass_login_icon_Visibilty" time="3.357"/>
  <testcase classname="com.kwikpass.automation.scripts.TC_GBT_Test_Cases" name="Verify_GBT_Kwikpass_login_Done_Redirect_to_accountpage" time="31.049"/>
  <testcase classname="com.kwikpass.automation.scripts.TC_GBT_Test_Cases" name="Verify_GBT_KwikPass_login_modal_verification" time="6.745"/>
  <testcase classname="com.kwikpass.automation.scripts.TC_GBT_Test_Cases" name="Verify_GBT_Kwikpass_login_from_cart" time="24.486"/>
  <testcase classname="com.kwikpass.automation.scripts.TC_GBT_Test_Cases" name="Verify_GBT_KwikPass_Login_at_accountpage" time="18.519"/>
  <testcase classname="com.kwikpass.automation.scripts.TC_GBT_Test_Cases" name="Verify_GBT_Kwikpass_login_using_OTP_Via_SMS" time="16.586"/>
  <testcase classname="com.kwikpass.automation.scripts.TC_GBT_Test_Cases" name="Verify_GBT_KwikPass_Login_modal_Verfication_at_accountpage" time="7.857"/>
</testsuite> <!-- com.kwikpass.automation.scripts.TC_GBT_Test_Cases -->
