<?xml version="1.0" encoding="UTF-8"?>
<!-- Generated by org.testng.reporters.JUnitReportReporter -->
<testsuite hostname="DESKTOP-I2540TH" failures="0" tests="1" name="com.kwikpass.automation.scripts.TC_Whatsup_Wellness_Test_Cases" time="12.151" errors="0" timestamp="2024-01-22T11:45:16 IST" skipped="0">
  <testcase classname="com.kwikpass.automation.scripts.TC_Whatsup_Wellness_Test_Cases" name="Verify_Whatsup_Wellness_KwikPass_login_modal_verification" time="12.151"/>
</testsuite> <!-- com.kwikpass.automation.scripts.TC_Whatsup_Wellness_Test_Cases -->
