<?xml version="1.0" encoding="UTF-8"?>
<!-- Generated by org.testng.reporters.JUnitReportReporter -->
<testsuite hostname="DESKTOP-26KO353" failures="0" tests="1" name="com.kwikpass.automation.scripts.TC_Hyphen_Test_Cases" time="38.046" errors="0" timestamp="2024-03-15T12:05:11 IST" skipped="0">
  <testcase classname="com.kwikpass.automation.scripts.TC_Hyphen_Test_Cases" name="Verify_Hyphen_Shopify_login_and_session_creation_after_Kwikpass_login" time="38.046"/>
</testsuite> <!-- com.kwikpass.automation.scripts.TC_Hyphen_Test_Cases -->
