<?xml version="1.0" encoding="UTF-8"?>
<!-- Generated by org.testng.reporters.JUnitReportReporter -->
<testsuite hostname="DESKTOP-I2540TH" failures="0" tests="8" name="com.kwikpass.automation.scripts.TC_LotuBotanical_Test_Cases" time="148.204" errors="0" timestamp="2024-03-09T17:03:37 IST" skipped="0">
  <testcase classname="com.kwikpass.automation.scripts.TC_LotuBotanical_Test_Cases" name="Verify_LotusBotanical_Shopify_login_and_session_creation_after_Kwikpass_login" time="28.183"/>
  <testcase classname="com.kwikpass.automation.scripts.TC_LotuBotanical_Test_Cases" name="Verify_LotusBotanical_Kwikpass_login_Done_Redirect_to_accountpage" time="32.085"/>
  <testcase classname="com.kwikpass.automation.scripts.TC_LotuBotanical_Test_Cases" name="Verify_LotusBotanical_KwikPass_Login_modal_Verfication_at_accountpage" time="8.405"/>
  <testcase classname="com.kwikpass.automation.scripts.TC_LotuBotanical_Test_Cases" name="Verify_LotusBotanical_Kwikpass_login_Done_Gokwik_login_should_happen" time="29.988"/>
  <testcase classname="com.kwikpass.automation.scripts.TC_LotuBotanical_Test_Cases" name="Verify_LotusBotanical_KwikPass_login_icon_Visibilty" time="4.907"/>
  <testcase classname="com.kwikpass.automation.scripts.TC_LotuBotanical_Test_Cases" name="Verify_LotusBotanical_KwikPass_login_modal_verification" time="7.264"/>
  <testcase classname="com.kwikpass.automation.scripts.TC_LotuBotanical_Test_Cases" name="Verify_LotusBotanical_Kwikpass_login_using_OTP_Via_SMS" time="17.468"/>
  <testcase classname="com.kwikpass.automation.scripts.TC_LotuBotanical_Test_Cases" name="Verify_LotusBotanical_KwikPass_Login_at_accountpage" time="19.904"/>
</testsuite> <!-- com.kwikpass.automation.scripts.TC_LotuBotanical_Test_Cases -->
