<?xml version="1.0" encoding="UTF-8"?>
<!-- Generated by org.testng.reporters.JUnitReportReporter -->
<testsuite hostname="DESKTOP-I2540TH" failures="0" tests="1" name="com.kwikpass.automation.scripts.TC_UrbanJungle_Test_Cases" time="27.561" errors="0" timestamp="2024-03-09T09:52:41 IST" skipped="0">
  <testcase classname="com.kwikpass.automation.scripts.TC_UrbanJungle_Test_Cases" name="Verify_UrbanJungle_Shopify_login_and_session_creation_after_Kwikpass_login_from_Login_Modal" time="27.561"/>
</testsuite> <!-- com.kwikpass.automation.scripts.TC_UrbanJungle_Test_Cases -->
