<?xml version="1.0" encoding="UTF-8"?>
<!-- Generated by org.testng.reporters.JUnitReportReporter -->
<testsuite hostname="DESKTOP-26KO353" failures="0" tests="15" name="com.kwikpass.automation.scripts.TC_Punekar_Cottons_Test_Cases" time="433.444" errors="0" timestamp="2024-05-09T13:56:58 IST" skipped="0">
  <testcase classname="com.kwikpass.automation.scripts.TC_Punekar_Cottons_Test_Cases" name="Verify_Punekar_Cottons_Kwikpass_login_from_AP_Done_Gokwik_login_should_happen" time="49.528"/>
  <testcase classname="com.kwikpass.automation.scripts.TC_Punekar_Cottons_Test_Cases" name="Verify_Punekar_Cottons_KwikPass_AP_Visiblity_At_Home_page" time="26.332"/>
  <testcase classname="com.kwikpass.automation.scripts.TC_Punekar_Cottons_Test_Cases" name="Verify_Punekar_Cottons_Shopify_login_and_session_creation_after_Kwikpass_login_from_AP" time="51.716"/>
  <testcase classname="com.kwikpass.automation.scripts.TC_Punekar_Cottons_Test_Cases" name="Verify_Punekar_Cottons_KwikPass_icon_visibility" time="7.776"/>
  <testcase classname="com.kwikpass.automation.scripts.TC_Punekar_Cottons_Test_Cases" name="Verify_Punekar_Cottons_KwikPass_Login_modal_Verfication" time="11.297"/>
  <testcase classname="com.kwikpass.automation.scripts.TC_Punekar_Cottons_Test_Cases" name="Verify_Punekar_Cottons_Kwikpass_login_from_AP_using_OTP_Via_SMS" time="31.276"/>
  <testcase classname="com.kwikpass.automation.scripts.TC_Punekar_Cottons_Test_Cases" name="Verify_Punekar_Cottons_KwikPass_Login_modal_Verfication_at_accountpage" time="12.200"/>
  <testcase classname="com.kwikpass.automation.scripts.TC_Punekar_Cottons_Test_Cases" name="Verify_Punekar_Cottons_Shopify_login_and_session_creation_after_Kwikpass_login_from_Login_Modal" time="43.211"/>
  <testcase classname="com.kwikpass.automation.scripts.TC_Punekar_Cottons_Test_Cases" name="Verify_Punekar_Cottons_KwikPass_AP_Visiblity_At_PDP_page" time="24.667"/>
  <testcase classname="com.kwikpass.automation.scripts.TC_Punekar_Cottons_Test_Cases" name="Verify_Punekar_Cottons_KwikPass_AP_modal_Verfication" time="21.412"/>
  <testcase classname="com.kwikpass.automation.scripts.TC_Punekar_Cottons_Test_Cases" name="Verify_Punekar_Cottons_KwikPass_AP_Visiblity_At_Collection_page" time="24.835"/>
  <testcase classname="com.kwikpass.automation.scripts.TC_Punekar_Cottons_Test_Cases" name="Verify_Punekar_Cottons_KwikPass_Login_at_accountpage" time="22.646"/>
  <testcase classname="com.kwikpass.automation.scripts.TC_Punekar_Cottons_Test_Cases" name="Verify_Punekar_Cottons_Kwikpass_login_from_Login_Modal_using_OTP_Via_SMS" time="21.888"/>
  <testcase classname="com.kwikpass.automation.scripts.TC_Punekar_Cottons_Test_Cases" name="Verify_Punekar_Cottons_Kwikpass_login_from_Login_Modal_Done_Gokwik_login_should_happen" time="40.015"/>
  <testcase classname="com.kwikpass.automation.scripts.TC_Punekar_Cottons_Test_Cases" name="Verify_Punekar_Cottons_Kwikpass_login_Done_Redirect_to_accountpage" time="44.645"/>
</testsuite> <!-- com.kwikpass.automation.scripts.TC_Punekar_Cottons_Test_Cases -->
