<?xml version="1.0" encoding="UTF-8"?>
<!-- Generated by org.testng.reporters.JUnitReportReporter -->
<testsuite hostname="DESKTOP-I2540TH" failures="0" tests="9" name="com.kwikpass.automation.scripts.TC_HOK_Test_Cases" time="234.183" errors="1" timestamp="2024-03-08T12:38:23 IST" skipped="0">
  <testcase classname="com.kwikpass.automation.scripts.TC_HOK_Test_Cases" name="Verify_HOK_Kwikpass_login_using_OTP_Via_SMS" time="30.660"/>
  <testcase classname="com.kwikpass.automation.scripts.TC_HOK_Test_Cases" name="Verify_HOK_Kwikpass_login_Done_Redirect_to_accountpage" time="39.131"/>
  <testcase classname="com.kwikpass.automation.scripts.TC_HOK_Test_Cases" name="Verify_HOK_KwikPass_login_icon_Visibilty" time="13.987"/>
  <testcase classname="com.kwikpass.automation.scripts.TC_HOK_Test_Cases" name="Verify_HOK_Kwikpass_login_Done_Gokwik_login_should_happen" time="41.799"/>
  <testcase classname="com.kwikpass.automation.scripts.TC_HOK_Test_Cases" name="Verify_HOK_Kwikpass_login_using_OTP_Via_SMS_from_Rewards" time="40.252"/>
  <testcase classname="com.kwikpass.automation.scripts.TC_HOK_Test_Cases" name="Verify_HOK_Shopify_login_and_session_creation_after_Kwikpass_login" time="23.898">
    <error message="Expected condition failed: waiting for visibility of [[ChromeDriver: chrome on windows (d958767e50470fb0f3dad7aecc977cd9)] -&gt; xpath: //a[@class=&quot;popup--close-btn&quot;]] (tried for 10 second(s) with 500 milliseconds interval)
Build info: version: &#039;4.12.1&#039;, revision: &#039;8e34639b11&#039;
System info: os.name: &#039;Windows 11&#039;, os.arch: &#039;amd64&#039;, os.version: &#039;10.0&#039;, java.version: &#039;21.0.1&#039;
Driver info: org.openqa.selenium.chrome.ChromeDriver
Capabilities {acceptInsecureCerts: false, browserName: chrome, browserVersion: 122.0.6261.95, chrome: {chromedriverVersion: 122.0.6261.94 (880dbf29479c..., userDataDir: C:\Users\navee\AppData\Loca...}, fedcm:accounts: true, goog:chromeOptions: {debuggerAddress: localhost:49927}, networkConnectionEnabled: false, pageLoadStrategy: normal, platformName: windows, proxy: Proxy(), se:cdp: ws://localhost:49927/devtoo..., se:cdpVersion: 122.0.6261.95, setWindowRect: true, strictFileInteractability: false, timeouts: {implicit: 0, pageLoad: 300000, script: 30000}, unhandledPromptBehavior: dismiss and notify, webauthn:extension:credBlob: true, webauthn:extension:largeBlob: true, webauthn:extension:minPinLength: true, webauthn:extension:prf: true, webauthn:virtualAuthenticators: true}
Session ID: d958767e50470fb0f3dad7aecc977cd9" type="org.openqa.selenium.TimeoutException">
      <![CDATA[org.openqa.selenium.TimeoutException: Expected condition failed: waiting for visibility of [[ChromeDriver: chrome on windows (d958767e50470fb0f3dad7aecc977cd9)] -> xpath: //a[@class="popup--close-btn"]] (tried for 10 second(s) with 500 milliseconds interval)
Build info: version: '4.12.1', revision: '8e34639b11'
System info: os.name: 'Windows 11', os.arch: 'amd64', os.version: '10.0', java.version: '21.0.1'
Driver info: org.openqa.selenium.chrome.ChromeDriver
Capabilities {acceptInsecureCerts: false, browserName: chrome, browserVersion: 122.0.6261.95, chrome: {chromedriverVersion: 122.0.6261.94 (880dbf29479c..., userDataDir: C:\Users\navee\AppData\Loca...}, fedcm:accounts: true, goog:chromeOptions: {debuggerAddress: localhost:49927}, networkConnectionEnabled: false, pageLoadStrategy: normal, platformName: windows, proxy: Proxy(), se:cdp: ws://localhost:49927/devtoo..., se:cdpVersion: 122.0.6261.95, setWindowRect: true, strictFileInteractability: false, timeouts: {implicit: 0, pageLoad: 300000, script: 30000}, unhandledPromptBehavior: dismiss and notify, webauthn:extension:credBlob: true, webauthn:extension:largeBlob: true, webauthn:extension:minPinLength: true, webauthn:extension:prf: true, webauthn:virtualAuthenticators: true}
Session ID: d958767e50470fb0f3dad7aecc977cd9
at org.openqa.selenium.support.ui.WebDriverWait.timeoutException(WebDriverWait.java:84)
at org.openqa.selenium.support.ui.FluentWait.until(FluentWait.java:230)
at com.kwikpass.automation.scripts.TC_HOK_Test_Cases.Verify_HOK_Shopify_login_and_session_creation_after_Kwikpass_login(TC_HOK_Test_Cases.java:149)
at java.base/jdk.internal.reflect.DirectMethodHandleAccessor.invoke(DirectMethodHandleAccessor.java:103)
at java.base/java.lang.reflect.Method.invoke(Method.java:580)
at org.testng.internal.invokers.MethodInvocationHelper.invokeMethod(MethodInvocationHelper.java:139)
at org.testng.internal.invokers.TestInvoker.invokeMethod(TestInvoker.java:664)
at org.testng.internal.invokers.TestInvoker.invokeTestMethod(TestInvoker.java:227)
at org.testng.internal.invokers.MethodRunner.runInSequence(MethodRunner.java:50)
at org.testng.internal.invokers.TestInvoker$MethodInvocationAgent.invoke(TestInvoker.java:957)
at org.testng.internal.invokers.TestInvoker.invokeTestMethods(TestInvoker.java:200)
at org.testng.internal.invokers.TestMethodWorker.invokeTestMethods(TestMethodWorker.java:148)
at org.testng.internal.invokers.TestMethodWorker.run(TestMethodWorker.java:128)
at java.base/java.util.ArrayList.forEach(ArrayList.java:1596)
at org.testng.TestRunner.privateRun(TestRunner.java:848)
at org.testng.TestRunner.run(TestRunner.java:621)
at org.testng.SuiteRunner.runTest(SuiteRunner.java:443)
at org.testng.SuiteRunner.runSequentially(SuiteRunner.java:437)
at org.testng.SuiteRunner.privateRun(SuiteRunner.java:397)
at org.testng.SuiteRunner.run(SuiteRunner.java:336)
at org.testng.SuiteRunnerWorker.runSuite(SuiteRunnerWorker.java:52)
at org.testng.SuiteRunnerWorker.run(SuiteRunnerWorker.java:95)
at org.testng.TestNG.runSuitesSequentially(TestNG.java:1280)
at org.testng.TestNG.runSuitesLocally(TestNG.java:1200)
at org.testng.TestNG.runSuites(TestNG.java:1114)
at org.testng.TestNG.run(TestNG.java:1082)
at org.testng.remote.AbstractRemoteTestNG.run(AbstractRemoteTestNG.java:115)
at org.testng.remote.RemoteTestNG.initAndRun(RemoteTestNG.java:251)
at org.testng.remote.RemoteTestNG.main(RemoteTestNG.java:77)
]]>
    </error>
  </testcase> <!-- Verify_HOK_Shopify_login_and_session_creation_after_Kwikpass_login -->
  <testcase classname="com.kwikpass.automation.scripts.TC_HOK_Test_Cases" name="Verify_HOK_KwikPass_login_modal_verification" time="17.204"/>
  <testcase classname="com.kwikpass.automation.scripts.TC_HOK_Test_Cases" name="Verify_HOK_Kwikpass_login_using_OTP_Via_SMS_from_accountpage" time="18.507"/>
  <testcase classname="com.kwikpass.automation.scripts.TC_HOK_Test_Cases" name="Verify_HOK_KwikPass_login_modal_verification_from_accountpage" time="8.745"/>
</testsuite> <!-- com.kwikpass.automation.scripts.TC_HOK_Test_Cases -->
