<?xml version="1.0" encoding="UTF-8"?>
<!-- Generated by org.testng.reporters.JUnitReportReporter -->
<testsuite hostname="DESKTOP-26KO353" failures="0" tests="8" name="com.kwikpass.automation.scripts.TC_NumberFC_Test_Cases" time="143.480" errors="0" timestamp="2024-04-22T12:04:46 IST" skipped="0">
  <testcase classname="com.kwikpass.automation.scripts.TC_NumberFC_Test_Cases" name="Verify_NumberFC_KwikPass_Login_modal_Verfication" time="8.293"/>
  <testcase classname="com.kwikpass.automation.scripts.TC_NumberFC_Test_Cases" name="Verify_NumberFC_KwikPass_icon_visibility" time="3.989"/>
  <testcase classname="com.kwikpass.automation.scripts.TC_NumberFC_Test_Cases" name="Verify_NumberFC_KwikPass_Login_at_accountpage" time="19.377"/>
  <testcase classname="com.kwikpass.automation.scripts.TC_NumberFC_Test_Cases" name="Verify_NumberFC_KwikPass_Login_modal_Verfication_at_accountpage" time="7.159"/>
  <testcase classname="com.kwikpass.automation.scripts.TC_NumberFC_Test_Cases" name="Verify_NumberFC_Kwikpass_login_from_Login_Modal_using_OTP_Via_SMS" time="17.667"/>
  <testcase classname="com.kwikpass.automation.scripts.TC_NumberFC_Test_Cases" name="Verify_NumberFC_Kwikpass_login_from_Login_Modal_Done_Gokwik_login_should_happen" time="28.786"/>
  <testcase classname="com.kwikpass.automation.scripts.TC_NumberFC_Test_Cases" name="Verify_NumberFC_Shopify_login_and_session_creation_after_Kwikpass_login_from_Login_Modal" time="27.865"/>
  <testcase classname="com.kwikpass.automation.scripts.TC_NumberFC_Test_Cases" name="Verify_NumberFC_Kwikpass_login_Done_Redirect_to_accountpage" time="30.344"/>
</testsuite> <!-- com.kwikpass.automation.scripts.TC_NumberFC_Test_Cases -->
