<?xml version="1.0" encoding="UTF-8"?>
<!-- Generated by org.testng.reporters.JUnitReportReporter -->
<testsuite hostname="DESKTOP-I2540TH" failures="0" tests="1" name="com.kwikpass.automation.scripts.TC_Pinkfort_Test_Cases" time="4.731" errors="0" timestamp="2024-01-22T13:30:45 IST" skipped="0">
  <testcase classname="com.kwikpass.automation.scripts.TC_Pinkfort_Test_Cases" name="Verify_Pinkfort_KwikPass_icon_visibilty" time="4.731"/>
</testsuite> <!-- com.kwikpass.automation.scripts.TC_Pinkfort_Test_Cases -->
