<?xml version="1.0" encoding="UTF-8"?>
<!-- Generated by org.testng.reporters.JUnitReportReporter -->
<testsuite hostname="DESKTOP-I2540TH" failures="0" tests="8" name="com.kwikpass.automation.scripts.TC_AdilQadri_Test_Cases" time="140.788" errors="0" timestamp="2024-03-07T15:56:17 IST" skipped="0">
  <testcase classname="com.kwikpass.automation.scripts.TC_AdilQadri_Test_Cases" name="Verify_AdilQadri_KwikPass_Login_modal_Verfication_at_accountpage" time="10.169"/>
  <testcase classname="com.kwikpass.automation.scripts.TC_AdilQadri_Test_Cases" name="Verify_AdilQadri_KwikPass_login_modal_verification" time="6.189"/>
  <testcase classname="com.kwikpass.automation.scripts.TC_AdilQadri_Test_Cases" name="Verify_AdilQadri_KwikPass_login_icon_Visibilty" time="3.291"/>
  <testcase classname="com.kwikpass.automation.scripts.TC_AdilQadri_Test_Cases" name="Verify_AdilQadri_Shopify_login_and_session_creation_after_Kwikpass_login" time="26.609"/>
  <testcase classname="com.kwikpass.automation.scripts.TC_AdilQadri_Test_Cases" name="Verify_AdilQadri_Kwikpass_login_Done_Redirect_to_accountpage" time="30.137"/>
  <testcase classname="com.kwikpass.automation.scripts.TC_AdilQadri_Test_Cases" name="Verify_AdilQadri_Kwikpass_login_Done_Gokwik_login_should_happen" time="30.344"/>
  <testcase classname="com.kwikpass.automation.scripts.TC_AdilQadri_Test_Cases" name="Verify_AdilQadri_KwikPass_Login_at_accountpage" time="17.203"/>
  <testcase classname="com.kwikpass.automation.scripts.TC_AdilQadri_Test_Cases" name="Verify_AdilQadri_Kwikpass_login_using_OTP_Via_SMS" time="16.846"/>
</testsuite> <!-- com.kwikpass.automation.scripts.TC_AdilQadri_Test_Cases -->
