<?xml version="1.0" encoding="UTF-8"?>
<!-- Generated by org.testng.reporters.JUnitReportReporter -->
<testsuite hostname="DESKTOP-I2540TH" failures="0" tests="7" name="com.kwikpass.automation.scripts.TC_EyeWearLabs_Test_Cases" time="112.445" errors="0" timestamp="2024-03-09T17:03:37 IST" skipped="0">
  <testcase classname="com.kwikpass.automation.scripts.TC_EyeWearLabs_Test_Cases" name="Verify_EyeWearLabs_KwikPass_login_modal_verification" time="6.621"/>
  <testcase classname="com.kwikpass.automation.scripts.TC_EyeWearLabs_Test_Cases" name="Verify_Eyewearlabs_KwikPass_login_icon_Visibilty" time="3.199"/>
  <testcase classname="com.kwikpass.automation.scripts.TC_EyeWearLabs_Test_Cases" name="Verify_EyeWearLabs_Kwikpass_login_Done_Redirect_to_accountpage" time="35.400"/>
  <testcase classname="com.kwikpass.automation.scripts.TC_EyeWearLabs_Test_Cases" name="Verify_Eyewearlabs_Kwikpass_login_using_OTP_Via_SMS" time="16.571"/>
  <testcase classname="com.kwikpass.automation.scripts.TC_EyeWearLabs_Test_Cases" name="Verify_EyeWearLabs_KwikPass_Login_modal_Verfication_at_accountpage" time="7.091"/>
  <testcase classname="com.kwikpass.automation.scripts.TC_EyeWearLabs_Test_Cases" name="Verify_Eyewearlabs_Shopify_login_and_session_creation_after_Kwikpass_login" time="25.299"/>
  <testcase classname="com.kwikpass.automation.scripts.TC_EyeWearLabs_Test_Cases" name="Verify_EyeWearLabs_KwikPass_Login_at_accountpage" time="18.264"/>
</testsuite> <!-- com.kwikpass.automation.scripts.TC_EyeWearLabs_Test_Cases -->
