<?xml version="1.0" encoding="UTF-8"?>
<!-- Generated by org.testng.reporters.JUnitReportReporter -->
<testsuite hostname="DESKTOP-I2540TH" failures="0" tests="1" name="com.kwikpass.automation.scripts.TC_SwissBeauty_Test_Cases" time="37.088" errors="0" timestamp="2024-03-08T19:13:54 IST" skipped="0">
  <testcase classname="com.kwikpass.automation.scripts.TC_SwissBeauty_Test_Cases" name="Verify_SwissBeauty_Kwikpass_login_using_OTP_Via_SMS_from_Rewards" time="37.088"/>
</testsuite> <!-- com.kwikpass.automation.scripts.TC_SwissBeauty_Test_Cases -->
