<?xml version="1.0" encoding="UTF-8"?>
<!-- Generated by org.testng.reporters.JUnitReportReporter -->
<testsuite hostname="DESKTOP-I2540TH" failures="0" tests="10" name="com.kwikpass.automation.scripts.TC_Mivi_Test_Cases" time="221.529" errors="0" timestamp="2024-03-08T15:11:48 IST" skipped="0">
  <testcase classname="com.kwikpass.automation.scripts.TC_Mivi_Test_Cases" name="Verify_Mivi_Kwikpass_login_Done_Redirect_to_accountpage" time="31.086"/>
  <testcase classname="com.kwikpass.automation.scripts.TC_Mivi_Test_Cases" name="Verify_Mivi_KwikPass_Login_at_accountpage" time="18.162"/>
  <testcase classname="com.kwikpass.automation.scripts.TC_Mivi_Test_Cases" name="Verify_Mivi_KwikPass_login_icon_Visibilty" time="3.808"/>
  <testcase classname="com.kwikpass.automation.scripts.TC_Mivi_Test_Cases" name="Verify_Mivi_Kwikpass_login_Done_Gokwik_login_should_happen" time="38.665"/>
  <testcase classname="com.kwikpass.automation.scripts.TC_Mivi_Test_Cases" name="Verify_Mivi_Shopify_login_and_session_creation_after_Kwikpass_login" time="33.583"/>
  <testcase classname="com.kwikpass.automation.scripts.TC_Mivi_Test_Cases" name="Verify_Mivi_Kwikpass_login_using_OTP_Via_SMS" time="20.016"/>
  <testcase classname="com.kwikpass.automation.scripts.TC_Mivi_Test_Cases" name="Verify_Mivi_KwikPass_Login_From_Rewards" time="27.726"/>
  <testcase classname="com.kwikpass.automation.scripts.TC_Mivi_Test_Cases" name="Verify_Mivi_KwikPass_Login_modal_Verfication_at_accountpage" time="6.050"/>
  <testcase classname="com.kwikpass.automation.scripts.TC_Mivi_Test_Cases" name="Verify_Mivi_Kwikpass_login_using_OTP_Via_SMS_Done_Rewards_login_should_happen" time="35.139"/>
  <testcase classname="com.kwikpass.automation.scripts.TC_Mivi_Test_Cases" name="Verify_Mivi_KwikPass_login_modal_verification" time="7.294"/>
</testsuite> <!-- com.kwikpass.automation.scripts.TC_Mivi_Test_Cases -->
