<?xml version="1.0" encoding="UTF-8"?>
<!-- Generated by org.testng.reporters.JUnitReportReporter -->
<testsuite hostname="DESKTOP-I2540TH" failures="0" tests="8" name="com.kwikpass.automation.scripts.TC_SafariBags_Test_Cases" time="160.730" errors="0" timestamp="2024-03-09T17:03:37 IST" skipped="0">
  <testcase classname="com.kwikpass.automation.scripts.TC_SafariBags_Test_Cases" name="Verify_SafariBags_Kwikpass_login_using_OTP_Via_SMS" time="19.122"/>
  <testcase classname="com.kwikpass.automation.scripts.TC_SafariBags_Test_Cases" name="Verify_SafariBags_Shopify_login_and_session_creation_after_Kwikpass_login" time="29.236"/>
  <testcase classname="com.kwikpass.automation.scripts.TC_SafariBags_Test_Cases" name="Verify_SafariBags_KwikPass_Login_modal_Verfication_at_accountpage" time="6.692"/>
  <testcase classname="com.kwikpass.automation.scripts.TC_SafariBags_Test_Cases" name="Verify_SafariBags_Kwikpass_login_Done_Redirect_to_accountpage" time="31.013"/>
  <testcase classname="com.kwikpass.automation.scripts.TC_SafariBags_Test_Cases" name="Verify_SafariBags_KwikPass_Login_at_accountpage" time="16.795"/>
  <testcase classname="com.kwikpass.automation.scripts.TC_SafariBags_Test_Cases" name="Verify_SafariBags_Kwikpass_login_Done_Gokwik_login_should_happen" time="31.997"/>
  <testcase classname="com.kwikpass.automation.scripts.TC_SafariBags_Test_Cases" name="Verify_SafariBags_KwikPass_login_modal_verification" time="9.502"/>
  <testcase classname="com.kwikpass.automation.scripts.TC_SafariBags_Test_Cases" name="Verify_SafariBags_KwikPass_login_icon_Visibilty" time="16.373"/>
</testsuite> <!-- com.kwikpass.automation.scripts.TC_SafariBags_Test_Cases -->
