<?xml version="1.0" encoding="UTF-8"?>
<!-- Generated by org.testng.reporters.JUnitReportReporter -->
<testsuite hostname="DESKTOP-I2540TH" failures="0" tests="7" name="com.kwikpass.automation.scripts.TC_MyFitness_Test_Cases" time="114.382" errors="0" timestamp="2024-03-08T17:19:32 IST" skipped="0">
  <testcase classname="com.kwikpass.automation.scripts.TC_MyFitness_Test_Cases" name="Verify_MyFitness_Shopify_login_and_session_creation_after_Kwikpass_login" time="26.814"/>
  <testcase classname="com.kwikpass.automation.scripts.TC_MyFitness_Test_Cases" name="Verify_MyFitness_Kwikpass_login_using_OTP_Via_SMS" time="19.331"/>
  <testcase classname="com.kwikpass.automation.scripts.TC_MyFitness_Test_Cases" name="Verify_MyFitness_Kwikpass_login_Done_Redirect_to_accountpage" time="29.921"/>
  <testcase classname="com.kwikpass.automation.scripts.TC_MyFitness_Test_Cases" name="Verify_MyFitness_KwikPass_Login_modal_Verfication_at_accountpage" time="8.562"/>
  <testcase classname="com.kwikpass.automation.scripts.TC_MyFitness_Test_Cases" name="Verify_MyFitness_KwikPass_login_modal_verification" time="6.448"/>
  <testcase classname="com.kwikpass.automation.scripts.TC_MyFitness_Test_Cases" name="Verify_MyFitness_KwikPass_Login_at_accountpage" time="18.861"/>
  <testcase classname="com.kwikpass.automation.scripts.TC_MyFitness_Test_Cases" name="Verify_MyFitness_KwikPass_login_icon_Visibilty" time="4.445"/>
</testsuite> <!-- com.kwikpass.automation.scripts.TC_MyFitness_Test_Cases -->
