<?xml version="1.0" encoding="UTF-8"?>
<!-- Generated by org.testng.reporters.JUnitReportReporter -->
<testsuite hostname="DESKTOP-I2540TH" failures="0" tests="7" name="com.kwikpass.automation.scripts.TC_Dennis_Lingo_Test_Cases" time="110.159" errors="0" timestamp="2024-03-07T19:05:22 IST" skipped="0">
  <testcase classname="com.kwikpass.automation.scripts.TC_Dennis_Lingo_Test_Cases" name="Verify_Dennis_Lingo_KwikPass_Login_at_accountpage" time="16.942"/>
  <testcase classname="com.kwikpass.automation.scripts.TC_Dennis_Lingo_Test_Cases" name="Verify_Dennis_Lingo_KwikPass_login_icon_Visibilty" time="4.337"/>
  <testcase classname="com.kwikpass.automation.scripts.TC_Dennis_Lingo_Test_Cases" name="Verify_Dennis_Lingo_KwikPass_login_modal_verification" time="6.422"/>
  <testcase classname="com.kwikpass.automation.scripts.TC_Dennis_Lingo_Test_Cases" name="Verify_Dennis_Lingo_KwikPass_Login_modal_Verfication_at_accountpage" time="8.063"/>
  <testcase classname="com.kwikpass.automation.scripts.TC_Dennis_Lingo_Test_Cases" name="Verify_Dennis_Lingo_Kwikpass_login_Done_Redirect_to_accountpage" time="30.656"/>
  <testcase classname="com.kwikpass.automation.scripts.TC_Dennis_Lingo_Test_Cases" name="Verify_Dennis_Lingo_Shopify_login_and_session_creation_after_Kwikpass_login" time="26.661"/>
  <testcase classname="com.kwikpass.automation.scripts.TC_Dennis_Lingo_Test_Cases" name="Verify_Dennis_Lingo_Kwikpass_login_using_OTP_Via_SMS" time="17.078"/>
</testsuite> <!-- com.kwikpass.automation.scripts.TC_Dennis_Lingo_Test_Cases -->
