<?xml version="1.0" encoding="UTF-8"?>
<!-- Generated by org.testng.reporters.JUnitReportReporter -->
<testsuite hostname="DESKTOP-I2540TH" failures="0" tests="8" name="com.kwikpass.automation.scripts.TC_Yoho_LifeStyle_Test_Cases" time="146.112" errors="0" timestamp="2024-03-09T17:03:37 IST" skipped="0">
  <testcase classname="com.kwikpass.automation.scripts.TC_Yoho_LifeStyle_Test_Cases" name="Verify_Yoho_LifeStyle_KwikPass_Login_at_accountpage" time="19.217"/>
  <testcase classname="com.kwikpass.automation.scripts.TC_Yoho_LifeStyle_Test_Cases" name="Verify_Yoho_LifeStyle_Shopify_login_and_session_creation_after_Kwikpass_login" time="27.586"/>
  <testcase classname="com.kwikpass.automation.scripts.TC_Yoho_LifeStyle_Test_Cases" name="Verify_Yoho_LifeStyle_KwikPass_login_modal_verification" time="6.644"/>
  <testcase classname="com.kwikpass.automation.scripts.TC_Yoho_LifeStyle_Test_Cases" name="Verify_Yoho_LifeStyle_KwikPass_Login_modal_Verfication_at_accountpage" time="8.837"/>
  <testcase classname="com.kwikpass.automation.scripts.TC_Yoho_LifeStyle_Test_Cases" name="Verify_Yoho_LifeStyle_KwikPass_login_icon_Visibilty" time="4.861"/>
  <testcase classname="com.kwikpass.automation.scripts.TC_Yoho_LifeStyle_Test_Cases" name="Verify_Yoho_LifeStyle_Kwikpass_login_Done_Redirect_to_accountpage" time="28.685"/>
  <testcase classname="com.kwikpass.automation.scripts.TC_Yoho_LifeStyle_Test_Cases" name="Verify_Yoho_LifeStyle_Kwikpass_login_Done_Gokwik_login_should_happen" time="32.732"/>
  <testcase classname="com.kwikpass.automation.scripts.TC_Yoho_LifeStyle_Test_Cases" name="Verify_Yoho_LifeStyle_Kwikpass_login_using_OTP_Via_SMS" time="17.550"/>
</testsuite> <!-- com.kwikpass.automation.scripts.TC_Yoho_LifeStyle_Test_Cases -->
