<?xml version="1.0" encoding="UTF-8"?>
<!-- Generated by org.testng.reporters.JUnitReportReporter -->
<testsuite hostname="DESKTOP-I2540TH" failures="0" tests="1" name="com.kwikpass.automation.scripts.TC_Hammer_Test_Cases" time="8.633" errors="0" timestamp="2024-01-22T18:32:06 IST" skipped="0">
  <testcase classname="com.kwikpass.automation.scripts.TC_Hammer_Test_Cases" name="Verify_Hammer_KwikPass_login_modal_verification" time="8.633"/>
</testsuite> <!-- com.kwikpass.automation.scripts.TC_Hammer_Test_Cases -->
