<?xml version="1.0" encoding="UTF-8"?>
<!-- Generated by org.testng.reporters.JUnitReportReporter -->
<testsuite hostname="DESKTOP-I2540TH" failures="0" tests="8" name="com.kwikpass.automation.scripts.TC_Urbangabru_Test_Cases" time="152.757" errors="0" timestamp="2024-03-09T17:03:37 IST" skipped="0">
  <testcase classname="com.kwikpass.automation.scripts.TC_Urbangabru_Test_Cases" name="Verify_Urbangabru_KwikPass_Login_at_accountpage" time="17.192"/>
  <testcase classname="com.kwikpass.automation.scripts.TC_Urbangabru_Test_Cases" name="Verify_Urbangabru_KwikPass_Login_modal_Verfication_at_accountpage" time="6.964"/>
  <testcase classname="com.kwikpass.automation.scripts.TC_Urbangabru_Test_Cases" name="Verify_Urbangabru_Kwikpass_login_Done_Redirect_to_accountpage" time="34.782"/>
  <testcase classname="com.kwikpass.automation.scripts.TC_Urbangabru_Test_Cases" name="Verify_Urbangabru_Shopify_login_and_session_creation_after_Kwikpass_login" time="27.942"/>
  <testcase classname="com.kwikpass.automation.scripts.TC_Urbangabru_Test_Cases" name="Verify_Urbangabru_Kwikpass_login_using_OTP_Via_SMS" time="18.219"/>
  <testcase classname="com.kwikpass.automation.scripts.TC_Urbangabru_Test_Cases" name="Verify_Urbangabru_KwikPass_login_icon_Visibilty" time="4.192"/>
  <testcase classname="com.kwikpass.automation.scripts.TC_Urbangabru_Test_Cases" name="Verify_Urbangabru_Kwikpass_login_Done_Gokwik_login_should_happen" time="35.361"/>
  <testcase classname="com.kwikpass.automation.scripts.TC_Urbangabru_Test_Cases" name="Verify_Urbangabru_KwikPass_login_modal_verification" time="8.105"/>
</testsuite> <!-- com.kwikpass.automation.scripts.TC_Urbangabru_Test_Cases -->
