<?xml version="1.0" encoding="UTF-8"?>
<!-- Generated by org.testng.reporters.JUnitReportReporter -->
<testsuite hostname="DESKTOP-I2540TH" failures="0" tests="7" name="com.kwikpass.automation.scripts.TC_Dennis_Lingo_Test_Cases" time="107.948" errors="0" timestamp="2024-03-09T17:03:37 IST" skipped="0">
  <testcase classname="com.kwikpass.automation.scripts.TC_Dennis_Lingo_Test_Cases" name="Verify_Dennis_Lingo_Kwikpass_login_using_OTP_Via_SMS" time="16.048"/>
  <testcase classname="com.kwikpass.automation.scripts.TC_Dennis_Lingo_Test_Cases" name="Verify_Dennis_Lingo_Kwikpass_login_Done_Redirect_to_accountpage" time="31.248"/>
  <testcase classname="com.kwikpass.automation.scripts.TC_Dennis_Lingo_Test_Cases" name="Verify_Dennis_Lingo_KwikPass_login_modal_verification" time="6.546"/>
  <testcase classname="com.kwikpass.automation.scripts.TC_Dennis_Lingo_Test_Cases" name="Verify_Dennis_Lingo_KwikPass_Login_at_accountpage" time="17.290"/>
  <testcase classname="com.kwikpass.automation.scripts.TC_Dennis_Lingo_Test_Cases" name="Verify_Dennis_Lingo_Shopify_login_and_session_creation_after_Kwikpass_login" time="26.525"/>
  <testcase classname="com.kwikpass.automation.scripts.TC_Dennis_Lingo_Test_Cases" name="Verify_Dennis_Lingo_KwikPass_Login_modal_Verfication_at_accountpage" time="7.024"/>
  <testcase classname="com.kwikpass.automation.scripts.TC_Dennis_Lingo_Test_Cases" name="Verify_Dennis_Lingo_KwikPass_login_icon_Visibilty" time="3.267"/>
</testsuite> <!-- com.kwikpass.automation.scripts.TC_Dennis_Lingo_Test_Cases -->
