<?xml version="1.0" encoding="UTF-8"?>
<!-- Generated by org.testng.reporters.JUnitReportReporter -->
<testsuite hostname="DESKTOP-26KO353" failures="0" tests="1" name="com.kwikpass.automation.scripts.TC_Janki_Test_Cases" time="42.645" errors="0" timestamp="2024-04-16T15:01:45 IST" skipped="0">
  <testcase classname="com.kwikpass.automation.scripts.TC_Janki_Test_Cases" name="Verify_Janki_Kwikpass_login_from_AP_Done_Gokwik_login_should_happen" time="42.645"/>
</testsuite> <!-- com.kwikpass.automation.scripts.TC_Janki_Test_Cases -->
