<?xml version="1.0" encoding="UTF-8"?>
<!-- Generated by org.testng.reporters.JUnitReportReporter -->
<testsuite hostname="DESKTOP-I2540TH" failures="0" tests="15" name="com.kwikpass.automation.scripts.TC_TrueElements_Test_Cases" time="338.991" errors="0" timestamp="2024-03-09T09:39:10 IST" skipped="0">
  <testcase classname="com.kwikpass.automation.scripts.TC_TrueElements_Test_Cases" name="Verify_True_Elements_KwikPass_AP_Visiblity_At_Home_page" time="17.073"/>
  <testcase classname="com.kwikpass.automation.scripts.TC_TrueElements_Test_Cases" name="Verify_TrueElements_KwikPass_login_modal_verification_from_accountpage" time="11.141"/>
  <testcase classname="com.kwikpass.automation.scripts.TC_TrueElements_Test_Cases" name="Verify_True_Elements_KwikPass_icon_visibility" time="4.640"/>
  <testcase classname="com.kwikpass.automation.scripts.TC_TrueElements_Test_Cases" name="Verify_True_Elements_KwikPass_Login_modal_Verfication" time="6.900"/>
  <testcase classname="com.kwikpass.automation.scripts.TC_TrueElements_Test_Cases" name="Verify_True_Elements_Kwikpass_login_from_AP_using_OTP_Via_SMS" time="27.098"/>
  <testcase classname="com.kwikpass.automation.scripts.TC_TrueElements_Test_Cases" name="Verify_True_Elements_Kwikpass_login_from_AP_Done_Gokwik_login_should_happen" time="48.186"/>
  <testcase classname="com.kwikpass.automation.scripts.TC_TrueElements_Test_Cases" name="Verify_True_Elements_KwikPass_AP_modal_Verfication" time="16.841"/>
  <testcase classname="com.kwikpass.automation.scripts.TC_TrueElements_Test_Cases" name="Verify_True_Elements_Shopify_login_and_session_creation_after_Kwikpass_login_from_AP" time="36.430"/>
  <testcase classname="com.kwikpass.automation.scripts.TC_TrueElements_Test_Cases" name="Verify_True_Elements_KwikPass_AP_Visiblity_At_PDP_page" time="19.688"/>
  <testcase classname="com.kwikpass.automation.scripts.TC_TrueElements_Test_Cases" name="Verify_True_Elements_KwikPass_AP_Visiblity_At_Collection_page" time="19.042"/>
  <testcase classname="com.kwikpass.automation.scripts.TC_TrueElements_Test_Cases" name="Verify_TrueElements_Kwikpass_login_using_OTP_Via_SMS_from_accountpage" time="20.056"/>
  <testcase classname="com.kwikpass.automation.scripts.TC_TrueElements_Test_Cases" name="Verify_True_Elements_Kwikpass_login_from_Login_Modal_using_OTP_Via_SMS" time="17.168"/>
  <testcase classname="com.kwikpass.automation.scripts.TC_TrueElements_Test_Cases" name="Verify_True_Elements_Kwikpass_login_from_Login_Modal_Done_Gokwik_login_should_happen" time="38.192"/>
  <testcase classname="com.kwikpass.automation.scripts.TC_TrueElements_Test_Cases" name="Verify_True_Elements_Shopify_login_and_session_creation_after_Kwikpass_login_from_Login_Modal" time="27.023"/>
  <testcase classname="com.kwikpass.automation.scripts.TC_TrueElements_Test_Cases" name="Verify_TrueElements_Kwikpass_login_Done_Redirect_to_accountpage" time="29.513"/>
</testsuite> <!-- com.kwikpass.automation.scripts.TC_TrueElements_Test_Cases -->
