<?xml version="1.0" encoding="UTF-8"?>
<!-- Generated by org.testng.reporters.JUnitReportReporter -->
<testsuite hostname="DESKTOP-26KO353" failures="0" tests="8" name="com.kwikpass.automation.scripts.TC_Zeraki_Jewels_Test_Cases" time="160.158" errors="0" timestamp="2024-04-16T12:54:18 IST" skipped="0">
  <testcase classname="com.kwikpass.automation.scripts.TC_Zeraki_Jewels_Test_Cases" name="Verify_Zeraki_Jewels_Kwikpass_login_Done_Redirect_to_accountpage" time="33.271"/>
  <testcase classname="com.kwikpass.automation.scripts.TC_Zeraki_Jewels_Test_Cases" name="Verify_Zeraki_Jewels_Kwikpass_login_using_OTP_Via_SMS" time="20.926"/>
  <testcase classname="com.kwikpass.automation.scripts.TC_Zeraki_Jewels_Test_Cases" name="Verify_Zeraki_Jewels_KwikPass_Login_at_accountpage" time="20.061"/>
  <testcase classname="com.kwikpass.automation.scripts.TC_Zeraki_Jewels_Test_Cases" name="Verify_Zeraki_Jewels_KwikPass_login_modal_verification" time="9.624"/>
  <testcase classname="com.kwikpass.automation.scripts.TC_Zeraki_Jewels_Test_Cases" name="Verify_Zeraki_Jewels_Kwikpass_login_Done_Gokwik_login_should_happen" time="31.786"/>
  <testcase classname="com.kwikpass.automation.scripts.TC_Zeraki_Jewels_Test_Cases" name="Verify_Zeraki_Jewels_KwikPass_Login_modal_Verfication_at_accountpage" time="9.023"/>
  <testcase classname="com.kwikpass.automation.scripts.TC_Zeraki_Jewels_Test_Cases" name="Verify_Zeraki_Jewels_KwikPass_login_icon_Visibilty" time="5.850"/>
  <testcase classname="com.kwikpass.automation.scripts.TC_Zeraki_Jewels_Test_Cases" name="Verify_Zeraki_Jewels_Shopify_login_and_session_creation_after_Kwikpass_login" time="29.617"/>
</testsuite> <!-- com.kwikpass.automation.scripts.TC_Zeraki_Jewels_Test_Cases -->
