<?xml version="1.0" encoding="UTF-8"?>
<!-- Generated by org.testng.reporters.JUnitReportReporter -->
<testsuite hostname="DESKTOP-I2540TH" failures="0" tests="7" name="com.kwikpass.automation.scripts.TC_MyWishCare_Test_Cases" time="112.562" errors="0" timestamp="2024-03-08T17:29:33 IST" skipped="0">
  <testcase classname="com.kwikpass.automation.scripts.TC_MyWishCare_Test_Cases" name="Verify_MyWishCare_KwikPass_login_icon_Visibilty" time="3.414"/>
  <testcase classname="com.kwikpass.automation.scripts.TC_MyWishCare_Test_Cases" name="Verify_MyWishCare_Kwikpass_login_using_OTP_Via_SMS" time="17.502"/>
  <testcase classname="com.kwikpass.automation.scripts.TC_MyWishCare_Test_Cases" name="Verify_MyWishCare_KwikPass_Login_at_accountpage" time="19.667"/>
  <testcase classname="com.kwikpass.automation.scripts.TC_MyWishCare_Test_Cases" name="Verify_MyWishCare_Shopify_login_and_session_creation_after_Kwikpass_login" time="28.802"/>
  <testcase classname="com.kwikpass.automation.scripts.TC_MyWishCare_Test_Cases" name="Verify_MyWishCare_KwikPass_login_modal_verification" time="6.300"/>
  <testcase classname="com.kwikpass.automation.scripts.TC_MyWishCare_Test_Cases" name="Verify_MyWishCare_KwikPass_Login_modal_Verfication_at_accountpage" time="6.911"/>
  <testcase classname="com.kwikpass.automation.scripts.TC_MyWishCare_Test_Cases" name="Verify_MyWishCare_Kwikpass_login_Done_Redirect_to_accountpage" time="29.966"/>
</testsuite> <!-- com.kwikpass.automation.scripts.TC_MyWishCare_Test_Cases -->
