<?xml version="1.0" encoding="UTF-8"?>
<!-- Generated by org.testng.reporters.JUnitReportReporter -->
<testsuite hostname="DESKTOP-I2540TH" failures="0" tests="7" name="com.kwikpass.automation.scripts.TC_Hammer_Test_Cases" time="116.126" errors="0" timestamp="2024-03-08T11:57:47 IST" skipped="0">
  <testcase classname="com.kwikpass.automation.scripts.TC_Hammer_Test_Cases" name="Verify_Hammer_KwikPass_login_icon_Visibilty" time="5.207"/>
  <testcase classname="com.kwikpass.automation.scripts.TC_Hammer_Test_Cases" name="Verify_Hammer_Shopify_login_and_session_creation_after_Kwikpass_login" time="28.029"/>
  <testcase classname="com.kwikpass.automation.scripts.TC_Hammer_Test_Cases" name="Verify_Hammer_KwikPass_Login_at_accountpage" time="18.749"/>
  <testcase classname="com.kwikpass.automation.scripts.TC_Hammer_Test_Cases" name="Verify_Hammer_KwikPass_login_modal_verification" time="7.580"/>
  <testcase classname="com.kwikpass.automation.scripts.TC_Hammer_Test_Cases" name="Verify_Hammer_Kwikpass_login_Done_Redirect_to_accountpage" time="30.358"/>
  <testcase classname="com.kwikpass.automation.scripts.TC_Hammer_Test_Cases" name="Verify_Hammer_KwikPass_Login_modal_Verfication_at_accountpage" time="7.882"/>
  <testcase classname="com.kwikpass.automation.scripts.TC_Hammer_Test_Cases" name="Verify_Hammer_Kwikpass_login_using_OTP_Via_SMS" time="18.321"/>
</testsuite> <!-- com.kwikpass.automation.scripts.TC_Hammer_Test_Cases -->
