<?xml version="1.0" encoding="UTF-8"?>
<!-- Generated by org.testng.reporters.JUnitReportReporter -->
<testsuite hostname="DESKTOP-I2540TH" failures="1" tests="15" name="com.kwikpass.automation.scripts.TC_Guniaa_Test_Cases" time="175.065" errors="1" timestamp="2024-03-08T11:09:48 IST" skipped="3">
  <testcase classname="com.kwikpass.automation.scripts.TC_Guniaa_Test_Cases" name="Verfiy_Guniaa_KwikPass_Auto_Load_Popup_Visibilty" time="13.492"/>
  <testcase classname="com.kwikpass.automation.scripts.TC_Guniaa_Test_Cases" name="tearDown" time="1.535">
    <error message="disconnected: not connected to DevTools
  (failed to check if window was closed: disconnected: not connected to DevTools)
  (Session info: chrome=122.0.6261.95)
Build info: version: &#039;4.12.1&#039;, revision: &#039;8e34639b11&#039;
System info: os.name: &#039;Windows 11&#039;, os.arch: &#039;amd64&#039;, os.version: &#039;10.0&#039;, java.version: &#039;21.0.1&#039;
Driver info: org.openqa.selenium.chrome.ChromeDriver
Command: [aea2cf922f5451b84a1da9db8b48e287, close {}]
Capabilities {acceptInsecureCerts: false, browserName: chrome, browserVersion: 122.0.6261.95, chrome: {chromedriverVersion: 122.0.6261.94 (880dbf29479c..., userDataDir: C:\Users\navee\AppData\Loca...}, fedcm:accounts: true, goog:chromeOptions: {debuggerAddress: localhost:58979}, networkConnectionEnabled: false, pageLoadStrategy: normal, platformName: windows, proxy: Proxy(), se:cdp: ws://localhost:58979/devtoo..., se:cdpVersion: 122.0.6261.95, setWindowRect: true, strictFileInteractability: false, timeouts: {implicit: 0, pageLoad: 300000, script: 30000}, unhandledPromptBehavior: dismiss and notify, webauthn:extension:credBlob: true, webauthn:extension:largeBlob: true, webauthn:extension:minPinLength: true, webauthn:extension:prf: true, webauthn:virtualAuthenticators: true}
Session ID: aea2cf922f5451b84a1da9db8b48e287" type="org.openqa.selenium.WebDriverException">
      <![CDATA[org.openqa.selenium.WebDriverException: disconnected: not connected to DevTools
  (failed to check if window was closed: disconnected: not connected to DevTools)
  (Session info: chrome=122.0.6261.95)
Build info: version: '4.12.1', revision: '8e34639b11'
System info: os.name: 'Windows 11', os.arch: 'amd64', os.version: '10.0', java.version: '21.0.1'
Driver info: org.openqa.selenium.chrome.ChromeDriver
Command: [aea2cf922f5451b84a1da9db8b48e287, close {}]
Capabilities {acceptInsecureCerts: false, browserName: chrome, browserVersion: 122.0.6261.95, chrome: {chromedriverVersion: 122.0.6261.94 (880dbf29479c..., userDataDir: C:\Users\navee\AppData\Loca...}, fedcm:accounts: true, goog:chromeOptions: {debuggerAddress: localhost:58979}, networkConnectionEnabled: false, pageLoadStrategy: normal, platformName: windows, proxy: Proxy(), se:cdp: ws://localhost:58979/devtoo..., se:cdpVersion: 122.0.6261.95, setWindowRect: true, strictFileInteractability: false, timeouts: {implicit: 0, pageLoad: 300000, script: 30000}, unhandledPromptBehavior: dismiss and notify, webauthn:extension:credBlob: true, webauthn:extension:largeBlob: true, webauthn:extension:minPinLength: true, webauthn:extension:prf: true, webauthn:virtualAuthenticators: true}
Session ID: aea2cf922f5451b84a1da9db8b48e287
at java.base/jdk.internal.reflect.DirectConstructorHandleAccessor.newInstance(DirectConstructorHandleAccessor.java:62)
at java.base/java.lang.reflect.Constructor.newInstanceWithCaller(Constructor.java:502)
at java.base/java.lang.reflect.Constructor.newInstance(Constructor.java:486)
at org.openqa.selenium.remote.codec.w3c.W3CHttpResponseCodec.createException(W3CHttpResponseCodec.java:200)
at org.openqa.selenium.remote.codec.w3c.W3CHttpResponseCodec.decode(W3CHttpResponseCodec.java:133)
at org.openqa.selenium.remote.codec.w3c.W3CHttpResponseCodec.decode(W3CHttpResponseCodec.java:52)
at org.openqa.selenium.remote.HttpCommandExecutor.execute(HttpCommandExecutor.java:191)
at org.openqa.selenium.remote.service.DriverCommandExecutor.invokeExecute(DriverCommandExecutor.java:196)
at org.openqa.selenium.remote.service.DriverCommandExecutor.execute(DriverCommandExecutor.java:171)
at org.openqa.selenium.remote.RemoteWebDriver.execute(RemoteWebDriver.java:602)
at org.openqa.selenium.remote.RemoteWebDriver.execute(RemoteWebDriver.java:675)
at org.openqa.selenium.remote.RemoteWebDriver.execute(RemoteWebDriver.java:679)
at org.openqa.selenium.remote.RemoteWebDriver.close(RemoteWebDriver.java:409)
at com.kwikpass.pageObjects.BaseClass.tearDown(BaseClass.java:40)
at java.base/jdk.internal.reflect.DirectMethodHandleAccessor.invoke(DirectMethodHandleAccessor.java:103)
at java.base/java.lang.reflect.Method.invoke(Method.java:580)
at org.testng.internal.invokers.MethodInvocationHelper.invokeMethod(MethodInvocationHelper.java:139)
at org.testng.internal.invokers.MethodInvocationHelper.invokeMethodConsideringTimeout(MethodInvocationHelper.java:69)
at org.testng.internal.invokers.ConfigInvoker.invokeConfigurationMethod(ConfigInvoker.java:390)
at org.testng.internal.invokers.ConfigInvoker.invokeConfigurations(ConfigInvoker.java:325)
at org.testng.internal.invokers.TestInvoker.runConfigMethods(TestInvoker.java:810)
at org.testng.internal.invokers.TestInvoker.runAfterConfigurations(TestInvoker.java:779)
at org.testng.internal.invokers.TestInvoker.invokeMethod(TestInvoker.java:755)
at org.testng.internal.invokers.TestInvoker.invokeTestMethod(TestInvoker.java:227)
at org.testng.internal.invokers.MethodRunner.runInSequence(MethodRunner.java:50)
at org.testng.internal.invokers.TestInvoker$MethodInvocationAgent.invoke(TestInvoker.java:957)
at org.testng.internal.invokers.TestInvoker.invokeTestMethods(TestInvoker.java:200)
at org.testng.internal.invokers.TestMethodWorker.invokeTestMethods(TestMethodWorker.java:148)
at org.testng.internal.invokers.TestMethodWorker.run(TestMethodWorker.java:128)
at java.base/java.util.ArrayList.forEach(ArrayList.java:1596)
at org.testng.TestRunner.privateRun(TestRunner.java:848)
at org.testng.TestRunner.run(TestRunner.java:621)
at org.testng.SuiteRunner.runTest(SuiteRunner.java:443)
at org.testng.SuiteRunner.runSequentially(SuiteRunner.java:437)
at org.testng.SuiteRunner.privateRun(SuiteRunner.java:397)
at org.testng.SuiteRunner.run(SuiteRunner.java:336)
at org.testng.SuiteRunnerWorker.runSuite(SuiteRunnerWorker.java:52)
at org.testng.SuiteRunnerWorker.run(SuiteRunnerWorker.java:95)
at org.testng.TestNG.runSuitesSequentially(TestNG.java:1280)
at org.testng.TestNG.runSuitesLocally(TestNG.java:1200)
at org.testng.TestNG.runSuites(TestNG.java:1114)
at org.testng.TestNG.run(TestNG.java:1082)
at org.testng.remote.AbstractRemoteTestNG.run(AbstractRemoteTestNG.java:115)
at org.testng.remote.RemoteTestNG.initAndRun(RemoteTestNG.java:251)
at org.testng.remote.RemoteTestNG.main(RemoteTestNG.java:77)
]]>
    </error>
  </testcase> <!-- tearDown -->
  <testcase classname="com.kwikpass.automation.scripts.TC_Guniaa_Test_Cases" name="Verify_Guniaa_KwikPass_Auto_Load_Popup_Visibilty_At_Home_Page" time="12.627"/>
  <testcase classname="com.kwikpass.automation.scripts.TC_Guniaa_Test_Cases" name="Verify_Guniaa_KwikPass_Login_at_accountpage" time="19.374"/>
  <testcase classname="com.kwikpass.automation.scripts.TC_Guniaa_Test_Cases" name="Verify_Guniaa_KwikPass_AP_Modal_visibility_at_PDP_Page" time="14.849"/>
  <testcase classname="com.kwikpass.automation.scripts.TC_Guniaa_Test_Cases" name="Verify_Guniaa_Shopify_login_and_session_creation_after_Kwikpass_login_From_Login_Modal" time="2.127">
    <skipped/>
  </testcase> <!-- Verify_Guniaa_Shopify_login_and_session_creation_after_Kwikpass_login_From_Login_Modal -->
  <testcase classname="com.kwikpass.automation.scripts.TC_Guniaa_Test_Cases" name="Verify_Guniaa_KwikPass_login_from_Login_modal_Using_OTP_Via_SMS" time="19.066"/>
  <testcase classname="com.kwikpass.automation.scripts.TC_Guniaa_Test_Cases" name="Verify_Guniaa_KwikPass_AP_Modal_visibility_at_Collection_Page" time="14.801"/>
  <testcase classname="com.kwikpass.automation.scripts.TC_Guniaa_Test_Cases" name="Verify_Guniaa_Kwikpass_login_from_AP_using_OTP_Via_SMS" time="1.938">
    <skipped/>
  </testcase> <!-- Verify_Guniaa_Kwikpass_login_from_AP_using_OTP_Via_SMS -->
  <testcase classname="com.kwikpass.automation.scripts.TC_Guniaa_Test_Cases" name="Verfiy_Guniaa_KwikPass_icon_visibilty" time="5.520"/>
  <testcase classname="com.kwikpass.automation.scripts.TC_Guniaa_Test_Cases" name="Verify_Guniaa_Kwikpass_Normal_Login_Modal_Verification" time="9.105"/>
  <testcase classname="com.kwikpass.automation.scripts.TC_Guniaa_Test_Cases" name="Verify_Guniaa_Kwikpass_login_Done_Redirect_to_accountpage" time="41.827">
    <failure message="Verify_Guniaa_Kwikpass_login_Done_Redirect_to_accountpage failed" type="java.lang.AssertionError">
      <![CDATA[java.lang.AssertionError: Verify_Guniaa_Kwikpass_login_Done_Redirect_to_accountpage failed
at org.testng.Assert.fail(Assert.java:111)
at com.kwikpass.automation.scripts.TC_Guniaa_Test_Cases.Verify_Guniaa_Kwikpass_login_Done_Redirect_to_accountpage(TC_Guniaa_Test_Cases.java:491)
at java.base/jdk.internal.reflect.DirectMethodHandleAccessor.invoke(DirectMethodHandleAccessor.java:103)
at java.base/java.lang.reflect.Method.invoke(Method.java:580)
at org.testng.internal.invokers.MethodInvocationHelper.invokeMethod(MethodInvocationHelper.java:139)
at org.testng.internal.invokers.TestInvoker.invokeMethod(TestInvoker.java:664)
at org.testng.internal.invokers.TestInvoker.invokeTestMethod(TestInvoker.java:227)
at org.testng.internal.invokers.MethodRunner.runInSequence(MethodRunner.java:50)
at org.testng.internal.invokers.TestInvoker$MethodInvocationAgent.invoke(TestInvoker.java:957)
at org.testng.internal.invokers.TestInvoker.invokeTestMethods(TestInvoker.java:200)
at org.testng.internal.invokers.TestMethodWorker.invokeTestMethods(TestMethodWorker.java:148)
at org.testng.internal.invokers.TestMethodWorker.run(TestMethodWorker.java:128)
at java.base/java.util.ArrayList.forEach(ArrayList.java:1596)
at org.testng.TestRunner.privateRun(TestRunner.java:848)
at org.testng.TestRunner.run(TestRunner.java:621)
at org.testng.SuiteRunner.runTest(SuiteRunner.java:443)
at org.testng.SuiteRunner.runSequentially(SuiteRunner.java:437)
at org.testng.SuiteRunner.privateRun(SuiteRunner.java:397)
at org.testng.SuiteRunner.run(SuiteRunner.java:336)
at org.testng.SuiteRunnerWorker.runSuite(SuiteRunnerWorker.java:52)
at org.testng.SuiteRunnerWorker.run(SuiteRunnerWorker.java:95)
at org.testng.TestNG.runSuitesSequentially(TestNG.java:1280)
at org.testng.TestNG.runSuitesLocally(TestNG.java:1200)
at org.testng.TestNG.runSuites(TestNG.java:1114)
at org.testng.TestNG.run(TestNG.java:1082)
at org.testng.remote.AbstractRemoteTestNG.run(AbstractRemoteTestNG.java:115)
at org.testng.remote.RemoteTestNG.initAndRun(RemoteTestNG.java:251)
at org.testng.remote.RemoteTestNG.main(RemoteTestNG.java:77)
]]>
    </failure>
  </testcase> <!-- Verify_Guniaa_Kwikpass_login_Done_Redirect_to_accountpage -->
  <testcase classname="com.kwikpass.automation.scripts.TC_Guniaa_Test_Cases" name="Verify_Guniaa_KwikPass_Login_modal_Verfication_at_accountpage" time="7.516"/>
  <testcase classname="com.kwikpass.automation.scripts.TC_Guniaa_Test_Cases" name="Verify_Guniaa_Shopify_login_and_session_creation_after_Kwikpass_login_From__Auto_Load_Popup" time="0.000">
    <skipped/>
  </testcase> <!-- Verify_Guniaa_Shopify_login_and_session_creation_after_Kwikpass_login_From__Auto_Load_Popup -->
  <testcase classname="com.kwikpass.automation.scripts.TC_Guniaa_Test_Cases" name="Verfiy_Guniaa_KwikPass_Auto_Load_Popup_Modal_Verification" time="11.288"/>
</testsuite> <!-- com.kwikpass.automation.scripts.TC_Guniaa_Test_Cases -->
