<?xml version="1.0" encoding="UTF-8"?>
<!-- Generated by org.testng.reporters.JUnitReportReporter -->
<testsuite hostname="DESKTOP-26KO353" failures="0" tests="7" name="com.kwikpass.automation.scripts.TC_Weryze_Test_Cases" time="212.370" errors="0" timestamp="2024-05-06T12:57:34 IST" skipped="0">
  <testcase classname="com.kwikpass.automation.scripts.TC_Weryze_Test_Cases" name="Verify_Weryze_KwikPass_login_modal_verification_from_accountpage" time="23.948"/>
  <testcase classname="com.kwikpass.automation.scripts.TC_Weryze_Test_Cases" name="Verify_Weryze_Kwikpass_login_using_OTP_Via_SMS" time="32.298"/>
  <testcase classname="com.kwikpass.automation.scripts.TC_Weryze_Test_Cases" name="Verify_Weryze_KwikPass_login_from_accountpage" time="33.769"/>
  <testcase classname="com.kwikpass.automation.scripts.TC_Weryze_Test_Cases" name="Verify_Weryze_KwikPass_login_modal_verification" time="16.166"/>
  <testcase classname="com.kwikpass.automation.scripts.TC_Weryze_Test_Cases" name="Verify_Weryze_Kwikpass_login_Done_Redirect_to_accountpage" time="54.833"/>
  <testcase classname="com.kwikpass.automation.scripts.TC_Weryze_Test_Cases" name="Verify_Weryze_KwikPass_login_icon_Visibilty" time="10.005"/>
  <testcase classname="com.kwikpass.automation.scripts.TC_Weryze_Test_Cases" name="Verify_Weryze_Shopify_login_and_session_creation_after_Kwikpass_login" time="41.351"/>
</testsuite> <!-- com.kwikpass.automation.scripts.TC_Weryze_Test_Cases -->
