<?xml version="1.0" encoding="UTF-8"?>
<!-- Generated by org.testng.reporters.JUnitReportReporter -->
<testsuite hostname="DESKTOP-I2540TH" failures="0" tests="1" name="com.kwikpass.pageObjects.EmailSender" time="7.148" errors="0" timestamp="2024-01-17T22:33:14 IST" skipped="0">
  <testcase classname="com.kwikpass.pageObjects.EmailSender" name="SendEmail" time="7.148"/>
</testsuite> <!-- com.kwikpass.pageObjects.EmailSender -->
