<?xml version="1.0" encoding="UTF-8"?>
<!-- Generated by org.testng.reporters.JUnitReportReporter -->
<testsuite hostname="DESKTOP-I2540TH" failures="0" tests="1" name="com.kwikpass.automation.scripts.TC_Sereko_Test_Cases" time="14.469" errors="0" timestamp="2024-01-22T12:41:12 IST" skipped="0">
  <testcase classname="com.kwikpass.automation.scripts.TC_Sereko_Test_Cases" name="Verify_Sereko_KwikPass_AP_Visiblity_At_PDP_page" time="14.469"/>
</testsuite> <!-- com.kwikpass.automation.scripts.TC_Sereko_Test_Cases -->
