<?xml version="1.0" encoding="UTF-8"?>
<!-- Generated by org.testng.reporters.JUnitReportReporter -->
<testsuite hostname="DESKTOP-I2540TH" failures="0" tests="8" name="com.kwikpass.automation.scripts.TC_Pinkfort_Test_Cases" time="144.744" errors="0" timestamp="2024-03-08T17:52:25 IST" skipped="0">
  <testcase classname="com.kwikpass.automation.scripts.TC_Pinkfort_Test_Cases" name="Verfiy_Pinkfort_Shopify_login_and_session_creation_after_Kwikpass_login" time="27.736"/>
  <testcase classname="com.kwikpass.automation.scripts.TC_Pinkfort_Test_Cases" name="Verify_Pinkfort_Kwikpass_Normal_Login_Verification" time="6.681"/>
  <testcase classname="com.kwikpass.automation.scripts.TC_Pinkfort_Test_Cases" name="Verify_Pinkfort_Kwikpass_login_Done_Redirect_to_accountpage" time="30.553"/>
  <testcase classname="com.kwikpass.automation.scripts.TC_Pinkfort_Test_Cases" name="Verify_Pinkfort_KwikPass_Login_at_accountpage" time="19.027"/>
  <testcase classname="com.kwikpass.automation.scripts.TC_Pinkfort_Test_Cases" name="Verify_Pinkfort_KwikPass_icon_visibilty" time="4.144"/>
  <testcase classname="com.kwikpass.automation.scripts.TC_Pinkfort_Test_Cases" name="Verify_Pinkfort_KwikPass_Login_modal_Verfication_at_accountpage" time="7.347"/>
  <testcase classname="com.kwikpass.automation.scripts.TC_Pinkfort_Test_Cases" name="Verify_Pinkfort_Kwikpass_login_using_OTP_Via_SMS" time="17.380"/>
  <testcase classname="com.kwikpass.automation.scripts.TC_Pinkfort_Test_Cases" name="Verify_Pinkfort_Kwikpass_login_Done_Gokwik_login_should_happen" time="31.876"/>
</testsuite> <!-- com.kwikpass.automation.scripts.TC_Pinkfort_Test_Cases -->
