<?xml version="1.0" encoding="UTF-8"?>
<!-- Generated by org.testng.reporters.JUnitReportReporter -->
<testsuite hostname="DESKTOP-H9LKQ9C" failures="0" tests="9" name="com.kwikpass.automation.scripts.TC_Chemistry_India_Test_Cases" time="217.390" errors="0" timestamp="2024-03-20T12:50:44 IST" skipped="0">
  <testcase classname="com.kwikpass.automation.scripts.TC_Chemistry_India_Test_Cases" name="Verify_Chemistry_India_KwikPass_login_modal_verification_from_accountpage" time="7.515"/>
  <testcase classname="com.kwikpass.automation.scripts.TC_Chemistry_India_Test_Cases" name="Verify_Chemistry_India_KwikPass_login_icon_Visibilty" time="11.951"/>
  <testcase classname="com.kwikpass.automation.scripts.TC_Chemistry_India_Test_Cases" name="Verify_Chemistry_India_Kwikpass_login_Done_Gokwik_login_should_happen" time="38.889"/>
  <testcase classname="com.kwikpass.automation.scripts.TC_Chemistry_India_Test_Cases" name="Verify_Chemistry_India_Kwikpass_login_using_OTP_Via_SMS" time="24.564"/>
  <testcase classname="com.kwikpass.automation.scripts.TC_Chemistry_India_Test_Cases" name="Verify_Chemistry_India_Kwikpass_login_Done_Redirect_to_accountpage" time="34.316"/>
  <testcase classname="com.kwikpass.automation.scripts.TC_Chemistry_India_Test_Cases" name="Verify_Chemistry_India_Kwikpass_login_using_OTP_Via_SMS_from_Rewards" time="34.748"/>
  <testcase classname="com.kwikpass.automation.scripts.TC_Chemistry_India_Test_Cases" name="Verify_Chemistry_India_Shopify_login_and_session_creation_after_Kwikpass_login" time="33.216"/>
  <testcase classname="com.kwikpass.automation.scripts.TC_Chemistry_India_Test_Cases" name="Verify_Chemistry_India_KwikPass_login_modal_verification" time="13.263"/>
  <testcase classname="com.kwikpass.automation.scripts.TC_Chemistry_India_Test_Cases" name="Verify_Chemistry_India_Kwikpass_login_using_OTP_Via_SMS_from_accountpage" time="18.928"/>
</testsuite> <!-- com.kwikpass.automation.scripts.TC_Chemistry_India_Test_Cases -->
