<?xml version="1.0" encoding="UTF-8"?>
<!-- Generated by org.testng.reporters.JUnitReportReporter -->
<testsuite hostname="DESKTOP-I2540TH" failures="0" tests="1" name="com.kwikpass.automation.scripts.TC_Gritstones_Test_Cases" time="34.626" errors="0" timestamp="2024-03-08T11:54:07 IST" skipped="0">
  <testcase classname="com.kwikpass.automation.scripts.TC_Gritstones_Test_Cases" name="Verify_Gritstones_Kwikpass_login_Done_Gokwik_login_should_happen" time="34.626"/>
</testsuite> <!-- com.kwikpass.automation.scripts.TC_Gritstones_Test_Cases -->
