<?xml version="1.0" encoding="UTF-8"?>
<!-- Generated by org.testng.reporters.JUnitReportReporter -->
<testsuite hostname="DESKTOP-I2540TH" failures="0" tests="15" name="com.kwikpass.automation.scripts.TC_Puer_Test_Cases" time="325.408" errors="0" timestamp="2024-03-09T17:03:37 IST" skipped="0">
  <testcase classname="com.kwikpass.automation.scripts.TC_Puer_Test_Cases" name="Verify_Puer_Kwikpass_login_from_Login_Modal_Done_Gokwik_login_should_happen" time="30.725"/>
  <testcase classname="com.kwikpass.automation.scripts.TC_Puer_Test_Cases" name="Verify_Puer_KwikPass_Login_modal_Verfication_at_accountpage" time="6.212"/>
  <testcase classname="com.kwikpass.automation.scripts.TC_Puer_Test_Cases" name="Verify_Puer_Kwikpass_login_from_Login_Modal_using_OTP_Via_SMS" time="17.136"/>
  <testcase classname="com.kwikpass.automation.scripts.TC_Puer_Test_Cases" name="Verify_Puer_KwikPass_AP_modal_Verfication" time="16.760"/>
  <testcase classname="com.kwikpass.automation.scripts.TC_Puer_Test_Cases" name="Verify_Puer_KwikPass_AP_Visiblity_At_Collection_page" time="18.895"/>
  <testcase classname="com.kwikpass.automation.scripts.TC_Puer_Test_Cases" name="Verify_Puer_KwikPass_AP_Visiblity_At_Home_page" time="16.782"/>
  <testcase classname="com.kwikpass.automation.scripts.TC_Puer_Test_Cases" name="Verify_Puer_Kwikpass_login_from_AP_Done_Gokwik_login_should_happen" time="50.042"/>
  <testcase classname="com.kwikpass.automation.scripts.TC_Puer_Test_Cases" name="Verify_Puer_Kwikpass_login_Done_Redirect_to_accountpage" time="29.330"/>
  <testcase classname="com.kwikpass.automation.scripts.TC_Puer_Test_Cases" name="Verify_Puer_KwikPass_icon_visibility" time="4.148"/>
  <testcase classname="com.kwikpass.automation.scripts.TC_Puer_Test_Cases" name="Verify_Puer_Kwikpass_login_from_AP_using_OTP_Via_SMS" time="27.454"/>
  <testcase classname="com.kwikpass.automation.scripts.TC_Puer_Test_Cases" name="Verify_Puer_KwikPass_Login_at_accountpage" time="16.745"/>
  <testcase classname="com.kwikpass.automation.scripts.TC_Puer_Test_Cases" name="Verify_Puer_Shopify_login_and_session_creation_after_Kwikpass_login_from_Login_Modal" time="27.371"/>
  <testcase classname="com.kwikpass.automation.scripts.TC_Puer_Test_Cases" name="Verify_Puer_KwikPass_AP_Visiblity_At_PDP_page" time="19.658"/>
  <testcase classname="com.kwikpass.automation.scripts.TC_Puer_Test_Cases" name="Verify_Puer_KwikPass_Login_modal_Verfication" time="6.941"/>
  <testcase classname="com.kwikpass.automation.scripts.TC_Puer_Test_Cases" name="Verify_Puer_Shopify_login_and_session_creation_after_Kwikpass_login_from_AP" time="37.209"/>
</testsuite> <!-- com.kwikpass.automation.scripts.TC_Puer_Test_Cases -->
