<?xml version="1.0" encoding="UTF-8"?>
<!-- Generated by org.testng.reporters.JUnitReportReporter -->
<testsuite hostname="DESKTOP-I2540TH" failures="0" tests="1" name="com.kwikpass.pageObjects.EmailSender_daily_check" time="7.135" errors="0" timestamp="2024-03-13T10:45:20 IST" skipped="0">
  <testcase classname="com.kwikpass.pageObjects.EmailSender_daily_check" name="SendEmail" time="7.135"/>
</testsuite> <!-- com.kwikpass.pageObjects.EmailSender_daily_check -->
