<?xml version="1.0" encoding="UTF-8"?>
<!-- Generated by org.testng.reporters.JUnitReportReporter -->
<testsuite hostname="DESKTOP-I2540TH" failures="0" tests="15" name="com.kwikpass.automation.scripts.TC_OrganicBazaar_Test_Cases" time="473.892" errors="0" timestamp="2024-03-09T17:03:37 IST" skipped="0">
  <testcase classname="com.kwikpass.automation.scripts.TC_OrganicBazaar_Test_Cases" name="Verify_Organic_Bazaar_KwikPass_AP_Visiblity_At_Collection_page" time="39.198"/>
  <testcase classname="com.kwikpass.automation.scripts.TC_OrganicBazaar_Test_Cases" name="Verify_Organic_Bazaar_Shopify_login_and_session_creation_after_Kwikpass_login_from_AP" time="57.647"/>
  <testcase classname="com.kwikpass.automation.scripts.TC_OrganicBazaar_Test_Cases" name="Verify_Organic_Bazaar_Kwikpass_login_from_Login_Modal_Done_Gokwik_login_should_happen" time="34.079"/>
  <testcase classname="com.kwikpass.automation.scripts.TC_OrganicBazaar_Test_Cases" name="Verify_Organic_Bazaar_Shopify_login_and_session_creation_after_Kwikpass_login_from_Login_Modal" time="28.223"/>
  <testcase classname="com.kwikpass.automation.scripts.TC_OrganicBazaar_Test_Cases" name="Verify_OrganicBazaar_KwikPass_Login_at_accountpage" time="17.048"/>
  <testcase classname="com.kwikpass.automation.scripts.TC_OrganicBazaar_Test_Cases" name="Verify_OrganicBazaar_KwikPass_Login_modal_Verfication_at_accountpage" time="9.666"/>
  <testcase classname="com.kwikpass.automation.scripts.TC_OrganicBazaar_Test_Cases" name="Verify_Organic_Bazaar_Kwikpass_login_from_Login_Modal_using_OTP_Via_SMS" time="18.374"/>
  <testcase classname="com.kwikpass.automation.scripts.TC_OrganicBazaar_Test_Cases" name="Verify_Organic_Bazaar_KwikPass_Login_modal_Verfication" time="8.905"/>
  <testcase classname="com.kwikpass.automation.scripts.TC_OrganicBazaar_Test_Cases" name="Verify_Organic_Bazaar_KwikPass_login_icon_Visibilty" time="4.635"/>
  <testcase classname="com.kwikpass.automation.scripts.TC_OrganicBazaar_Test_Cases" name="Verify_OrganicBazaar_Kwikpass_login_Done_Redirect_to_accountpage" time="30.500"/>
  <testcase classname="com.kwikpass.automation.scripts.TC_OrganicBazaar_Test_Cases" name="Verify_Organic_Bazaar_Kwikpass_login_from_AP_Done_Gokwik_login_should_happen" time="63.120"/>
  <testcase classname="com.kwikpass.automation.scripts.TC_OrganicBazaar_Test_Cases" name="Verify_Organic_Bazaar_KwikPass_AP_Visiblity_At_PDP_page" time="38.981"/>
  <testcase classname="com.kwikpass.automation.scripts.TC_OrganicBazaar_Test_Cases" name="Verify_Organic_Bazaar_KwikPass_AP_Visiblity_At_Home_page" time="37.771"/>
  <testcase classname="com.kwikpass.automation.scripts.TC_OrganicBazaar_Test_Cases" name="Verify_Organic_Bazaar_KwikPass_AP_modal_Verfication" time="37.587"/>
  <testcase classname="com.kwikpass.automation.scripts.TC_OrganicBazaar_Test_Cases" name="Verify_Organic_Bazaar_Kwikpass_login_from_AP_using_OTP_Via_SMS" time="48.158"/>
</testsuite> <!-- com.kwikpass.automation.scripts.TC_OrganicBazaar_Test_Cases -->
