<?xml version="1.0" encoding="UTF-8"?>
<!-- Generated by org.testng.reporters.JUnitReportReporter -->
<testsuite hostname="DESKTOP-26KO353" failures="0" tests="1" name="com.kwikpass.automation.scripts.TC_Hyphen_Test_Cases" time="5.538" errors="0" timestamp="2024-03-14T19:05:32 IST" skipped="0">
  <testcase classname="com.kwikpass.automation.scripts.TC_Hyphen_Test_Cases" name="Verify_Hyphen_KwikPass_login_icon_Visibilty" time="5.538"/>
</testsuite> <!-- com.kwikpass.automation.scripts.TC_Hyphen_Test_Cases -->
