<?xml version="1.0" encoding="UTF-8"?>
<!-- Generated by org.testng.reporters.JUnitReportReporter -->
<testsuite hostname="DESKTOP-I2540TH" failures="0" tests="7" name="com.kwikpass.automation.scripts.TC_UrbanJungle_Test_Cases" time="105.613" errors="0" timestamp="2024-03-09T17:03:37 IST" skipped="0">
  <testcase classname="com.kwikpass.automation.scripts.TC_UrbanJungle_Test_Cases" name="Verify_Urban_Jungle_KwikPass_icon_visibility" time="2.992"/>
  <testcase classname="com.kwikpass.automation.scripts.TC_UrbanJungle_Test_Cases" name="Verify_UrbanJungle_KwikPass_Login_modal_Verfication_at_accountpage" time="6.104"/>
  <testcase classname="com.kwikpass.automation.scripts.TC_UrbanJungle_Test_Cases" name="Verify_Urban_Jungle_KwikPass_Login_modal_Verfication" time="6.417"/>
  <testcase classname="com.kwikpass.automation.scripts.TC_UrbanJungle_Test_Cases" name="Verify_UrbanJungle_Kwikpass_login_from_Login_Modal_using_OTP_Via_SMS" time="16.451"/>
  <testcase classname="com.kwikpass.automation.scripts.TC_UrbanJungle_Test_Cases" name="Verify_UrbanJungle_Shopify_login_and_session_creation_after_Kwikpass_login_from_Login_Modal" time="27.809"/>
  <testcase classname="com.kwikpass.automation.scripts.TC_UrbanJungle_Test_Cases" name="Verify_UrbanJungle_KwikPass_Login_at_accountpage" time="16.516"/>
  <testcase classname="com.kwikpass.automation.scripts.TC_UrbanJungle_Test_Cases" name="Verify_UrbanJungle_Kwikpass_login_Done_Redirect_to_accountpage" time="29.324"/>
</testsuite> <!-- com.kwikpass.automation.scripts.TC_UrbanJungle_Test_Cases -->
